Episode 10, mean 100-episode return -1713.96 +-157.00, returns -1712.27 -1533.49 -1751.46 -1989.3 -1563.13 -1869.3 -1842.33 -1445.02 -1694.15 -1739.12
Episode 20, mean 100-episode return -1006.41 +-716.37, returns -260.053 -270.274 -297.767 -309.49 -312.506 -276.73 -330.46 -318.257 -301.021 -311.973
Episode 30, mean 100-episode return -949.29 +-593.38, returns -958.11 -650.912 -923.68 -683.338 -948.253 -793.085 -829.642 -796.737 -920.05 -846.871
Episode 40, mean 100-episode return -861.71 +-536.69, returns -641.014 -578.915 -641.962 -443.889 -656.815 -605.448 -635.083 -635.973 -537.246 -613.119
Episode 50, mean 100-episode return -771.84 +-512.84, returns -418.261 -399.643 -418.731 -433.963 -500.013 -406.596 -342.935 -409.266 -403.559 -391.015
Episode 60, mean 100-episode return -673.08 +-517.70, returns -142.649 -160.822 -178.082 -185.842 -204.328 -167.193 -163.627 -197.261 -214.63 -178.348
Episode 70, mean 100-episode return -600.79 +-511.10, returns -203.824 -107.064 -152.921 -206.769 -177.163 -183.69 -167.361 -168.292 -184.51 -118.848
Episode 80, mean 100-episode return -546.67 +-499.18, returns -137.471 -160.612 -153.329 -171.391 -161.694 -160.244 -208.26 -231.005 -131.784 -162.206
Episode 90, mean 100-episode return -504.87 +-485.50, returns -135.942 -171.161 -160.41 -247.838 -121.234 -138.571 -125.864 -155.172 -264.657 -184.037
Episode 100, mean 100-episode return -467.17 +-474.31, returns -139.362 -121.384 -95.9463 -103.481 -148.906 -123.268 -150.123 -112.421 -153.774 -130.062
Episode 110, mean 100-episode return -308.81 +-231.00, returns -158.254 -103.887 -164.2 -127.505 -124.588 -113.498 -148.491 -111.208 -132.45 -119.442
Episode 120, mean 100-episode return -290.91 +-237.93, returns -107.533 -125.984 -158.561 -131.653 -78.6 -130.274 -117.997 -89.5123 -106.018 -152.557
Episode 130, mean 100-episode return -219.22 +-154.53, returns -158.569 -136.739 -117.265 -108.918 -83.3217 -127.903 -76.1459 -144.657 -93.803 -133.843
Episode 140, mean 100-episode return -170.02 +-89.18, returns -136.962 -81.0956 -106.451 -123.559 -88.3575 -88.5431 -99.4591 -92.7314 -130.445 -122.625
Episode 150, mean 100-episode return -139.27 +-38.45, returns -80.3844 -66.1433 -97.2257 -107.537 -113.977 -131.124 -152.828 -113.5 -81.9411 -103.661
Episode 160, mean 100-episode return -133.56 +-36.19, returns -107.62 -93.6456 -125.115 -118.832 -154.705 -151.82 -94.8431 -124.201 -129.775 -121.097
Episode 170, mean 100-episode return -130.11 +-33.61, returns -126.428 -122.325 -117.169 -164.794 -124.099 -147.862 -171.165 -113.045 -128.77 -109.848
Episode 180, mean 100-episode return -127.53 +-30.54, returns -139.267 -131.446 -134.194 -144.983 -132.691 -163.322 -134.967 -159.002 -118.28 -161.691
Episode 190, mean 100-episode return -126.81 +-26.35, returns -172.492 -188.459 -138.128 -162.75 -155.145 -190.513 -174.887 -132.73 -141.729 -176.174
Episode 200, mean 100-episode return -128.19 +-26.98, returns -126.328 -192.087 -122.028 -158.495 -128.977 -146.188 -163.31 -118.721 -123.263 -137.604
Episode 210, mean 100-episode return -129.15 +-27.16, returns -128.909 -124.967 -162.392 -144.069 -172.858 -114.375 -118.051 -143.288 -158.556 -132.157
Episode 220, mean 100-episode return -132.89 +-27.85, returns -194.926 -132.494 -178.921 -141.618 -131.434 -169.467 -145.328 -149.263 -157.437 -171.944
Episode 230, mean 100-episode return -136.44 +-27.82, returns -109.245 -130.293 -172.17 -168.945 -184.05 -185.945 -134.459 -162.289 -145.079 -143.64
Episode 240, mean 100-episode return -143.22 +-28.80, returns -190.705 -137.558 -139.202 -208.541 -200.933 -200.214 -167.538 -153.807 -144.928 -204.855
Episode 250, mean 100-episode return -149.66 +-26.57, returns -142.438 -188.772 -199.393 -161.863 -153.048 -160.899 -202.233 -188.797 -127.896 -167.237
Episode 260, mean 100-episode return -154.12 +-25.13, returns -190.856 -168.449 -168.734 -158.904 -166.889 -202.244 -157.566 -163.329 -140.88 -149.86
Episode 270, mean 100-episode return -156.66 +-24.85, returns -147.324 -186.705 -189.442 -131.432 -136.559 -139.943 -132.313 -128.31 -179.451 -207.546
Episode 280, mean 100-episode return -158.12 +-24.36, returns -142.282 -155.005 -169.815 -161.935 -131.395 -165.288 -184.41 -149.193 -150.571 -155.784
Episode 290, mean 100-episode return -156.20 +-24.31, returns -159.874 -155.977 -150.192 -117.717 -141.602 -136.187 -164.231 -155.421 -120.326 -139.619
Episode 300, mean 100-episode return -156.75 +-23.33, returns -137.663 -135.34 -160.481 -132.227 -153.121 -140.704 -157.049 -129.488 -165.261 -160.58
Episode 310, mean 100-episode return -156.53 +-23.29, returns -142.863 -134.388 -155.351 -161.432 -120.533 -133.241 -153.396 -125.016 -108.254 -143.116
Episode 320, mean 100-episode return -155.71 +-23.22, returns -150.559 -141.408 -162.559 -159.567 -144.364 -164.703 -125.875 -184.009 -128.28 -129.795
Episode 330, mean 100-episode return -156.03 +-22.76, returns -154.769 -143.049 -187.673 -148.782 -149.375 -143.311 -134.144 -152.974 -197.066 -157.219
Episode 340, mean 100-episode return -152.20 +-21.43, returns -141.282 -159.045 -153.494 -124.643 -100.934 -138.163 -133.218 -116.578 -151.827 -146.165
Episode 350, mean 100-episode return -148.17 +-21.66, returns -127.735 -106.943 -130.001 -132.459 -90.9884 -170.234 -102.204 -139.704 -124.919 -163.793
Episode 360, mean 100-episode return -145.27 +-23.27, returns -169.774 -160.209 -130.829 -121.322 -153.533 -119.065 -112.948 -219.662 -95.6061 -94.6274
Episode 370, mean 100-episode return -143.15 +-22.24, returns -135.879 -121.548 -121.478 -118.483 -170.032 -158.751 -132.061 -113.014 -123.297 -173.195
Episode 380, mean 100-episode return -140.67 +-22.09, returns -153.797 -134.702 -110.819 -114.824 -123.302 -131.198 -135.743 -113.267 -141.994 -157.956
Episode 390, mean 100-episode return -141.01 +-22.20, returns -112.611 -155.621 -155.659 -147.839 -154.494 -124.738 -162.55 -164.035 -142.636 -154.581
Episode 400, mean 100-episode return -138.22 +-24.36, returns -115.758 -100.193 -152.635 -120.171 -140.034 -110.919 -178.309 -96.4402 -100.027 -77.9941
Episode 410, mean 100-episode return -132.87 +-30.75, returns -92.7476 -71.9723 -54.2688 -60.0803 -66.8174 -74.5064 -52.9442 -72.4036 -150.91 -146.596
Episode 420, mean 100-episode return -121.62 +-41.28, returns -14.2271 -40.406 -40.1684 -13.364 -54.9707 -36.6996 -48.4274 -41.315 -43.2532 -32.8014
Episode 430, mean 100-episode return -90.79 +-93.41, returns 187.713 172.665 179.048 129.991 192.157 167.849 206.798 178.377 188.018 -88.5431
Episode 440, mean 100-episode return -67.97 +-113.67, returns -41.326 237.166 251.69 -1.58789 23.7469 212.913 -13.6932 278.656 -41.0034 9.90639
Episode 450, mean 100-episode return -44.77 +-126.27, returns -68.9116 131.72 -11.5011 163.776 148.18 178.905 -69.2488 204.676 167.557 186.466
Episode 460, mean 100-episode return -35.24 +-122.09, returns -38.4757 -32.8582 -83.1464 -2.08875 -38.9288 -60.63 -60.2599 -58.0247 -31.3612 -19.0511
Episode 470, mean 100-episode return -26.53 +-118.17, returns -150.04 -90.1195 -33.4153 -29.7888 -72.7698 -14.3033 -3.4571 -12.9815 -19.6307 -70.4807
Episode 480, mean 100-episode return -15.31 +-114.58, returns -0.975563 -11.4848 -114.518 -106.819 -11.9854 -42.2883 3.34926 6.57991 -45.7821 129.052
Episode 490, mean 100-episode return 13.39 +-119.79, returns -62.4926 221.035 212.009 217.399 153.847 238.026 237.24 -25.9486 231.521 -27.8164
Episode 500, mean 100-episode return 23.38 +-111.97, returns -6.13656 -3.23951 -21.8217 -35.4054 -9.10226 -17.1969 -10.1989 -26.4046 -50.3953 -13.3956
Episode 510, mean 100-episode return 30.66 +-109.11, returns -15.9039 -46.5738 -55.7881 -2.16343 16.566 -40.0719 -31.827 173.854 26.3781 -139.877
Episode 520, mean 100-episode return 34.56 +-107.28, returns 10.2976 0.447224 -5.25247 18.7514 12.1457 5.21416 -14.9572 -1.85672 -0.722946 0.69
Episode 530, mean 100-episode return 13.70 +-99.78, returns -55.1032 -103.389 -32.6482 -69.5036 -78.6368 -53.1209 8.83309 -56.5891 -62.6862 -69.8787
Episode 540, mean 100-episode return -5.05 +-93.21, returns -144.072 -99.8867 -40.5114 -167.196 -79.7668 -76.6801 -95.4782 -70.6851 -107.245 -76.0948
Episode 550, mean 100-episode return -22.74 +-82.59, returns -43.3458 -41.4127 -72.9208 -50.3398 -29.9933 -159.486 -107.235 -21.2546 -68.4715 -143.406
Episode 560, mean 100-episode return -31.44 +-89.35, returns -113.007 -201.935 -181.524 -192.287 -79.0743 -81.4108 -111.869 -123.099 -94.2896 -115.979
Episode 570, mean 100-episode return -32.33 +-88.85, returns -69.8852 -59.2421 -51.1252 -6.42899 -82.7151 -79.7392 -40.831 -65.8848 -93.9986 -36.6546
Episode 580, mean 100-episode return -37.32 +-87.58, returns -68.1685 -64.7549 -125.914 -82.0772 -24.2887 -42.9248 -105.507 -43.3558 -40.9151 -95.9342
Episode 590, mean 100-episode return -57.91 +-54.25, returns -29.1042 -45.7551 -28.1857 -176.107 -62.3415 -68.1671 -80.0008 -56.4486 -50.1954 -67.8426
Episode 600, mean 100-episode return -62.92 +-53.05, returns -51.37 -58.8492 -108.454 -64.2256 -82.9861 -97.6688 -47.566 -38.9065 -53.3454 -90.5279
Episode 610, mean 100-episode return -67.52 +-46.25, returns -97.6173 -68.064 -3.69767 -2.79694 -120.769 -55.3671 -31.3646 -107.428 -84.3585 -4.4358
Episode 620, mean 100-episode return -67.91 +-51.02, returns -22.489 129.791 -71.637 -45.6045 -52.7623 144.381 -10.8227 5.38882 -52.3578 -37.7819
Episode 630, mean 100-episode return -62.43 +-59.95, returns -19.276 -20.8967 -47.7042 34.3504 170.861 -87.5994 -64.6904 -46.8631 -69.7758 126.509
Episode 640, mean 100-episode return -62.61 +-61.52, returns -64.8036 -82.0587 -78.1747 -5.46214 -140.561 -166.296 -196.546 -67.5952 -50.826 -122.81
Episode 650, mean 100-episode return -62.75 +-60.82, returns -106.624 -39.7845 -57.3444 -84.1388 -15.3025 -37.2038 -81.154 -106.68 -102.353 -121.059
Episode 660, mean 100-episode return -53.83 +-57.52, returns -55.467 -73.8115 100.671 -72.5757 -59.4407 -24.4475 -101.101 -20.1323 -54.9978 -41.3533
Episode 670, mean 100-episode return -55.65 +-67.88, returns -178.348 -103.819 84.4016 -93.3704 -143.865 -140.79 -89.733 -196.379 188.774 -95.1855
Episode 680, mean 100-episode return -59.15 +-69.97, returns -190.381 -96.8151 -92.6734 -151.881 -76.8601 -149.819 -61.2318 -58.3618 -94.1005 -71.9405
Episode 690, mean 100-episode return -64.36 +-72.63, returns -107.916 -84.0291 -79.1641 -96.7246 -126.275 -197.59 -74.6236 -198.684 -152.877 -67.7014
Episode 700, mean 100-episode return -65.83 +-81.12, returns -205.291 -138.514 -80.5061 -126.685 -87.1317 243.12 -98.1884 -75.7339 -134.527 -137.415
Episode 710, mean 100-episode return -68.76 +-81.05, returns -49.7608 -46.8631 -142.928 -90.7131 -118.027 -51.7738 -90.4295 -50.5051 -152.908 -74.6596
Episode 720, mean 100-episode return -76.15 +-79.41, returns -96.7468 -196.48 163.957 -113.729 -82.4391 -112.392 -71.7711 -68.0018 -66.1634 -108.903
Episode 730, mean 100-episode return -84.48 +-75.56, returns -150.659 -87.5378 -119.503 -83.6374 -93.7458 -121.631 150.053 -163.542 -78.4984 -109.809
Episode 740, mean 100-episode return -83.30 +-82.06, returns -210.906 234.225 -98.6834 -72.1869 -67.2093 -183.158 -148.425 -119.335 -117.509 -74.2365
Episode 750, mean 100-episode return -88.32 +-84.25, returns -115.771 -78.0495 -152.69 -242.832 -82.705 -69.3645 -69.3184 -124.229 -103.075 -215.453
Episode 760, mean 100-episode return -93.48 +-81.97, returns -121.665 -180.258 -92.9726 -122.868 -76.1068 -77.4394 -51.5542 -88.5769 -45.5988 -61.5208
Episode 770, mean 100-episode return -92.20 +-74.64, returns -85.671 -75.8633 -75.9654 -17.4319 1.45792 -69.1215 -64.4344 -89.8155 -115.503 -48.0447
Episode 780, mean 100-episode return -86.42 +-79.57, returns -104.116 213.442 -70.4301 -59.5305 -68.1107 -80.6594 -93.9707 -72.3278 -86.822 -43.7654
Episode 790, mean 100-episode return -75.66 +-88.10, returns -39.1351 -140.702 -63.8948 -29.5536 231.553 -74.9247 -70.159 182.474 -23.2081 -81.1902
Episode 800, mean 100-episode return -68.51 +-91.98, returns 133.989 -6.52716 -59.2015 -125.579 222.409 -152.22 141.678 -52.0824 -188.159 -40.2609
Episode 810, mean 100-episode return -66.73 +-92.73, returns -55.8572 3.57432 -141.663 -53.0991 23.966 -87.7581 -38.2743 -75.2603 -99.0437 -167.808
Episode 820, mean 100-episode return -66.21 +-92.94, returns -5.85341 117.542 -80.6724 -81.1808 -55.4974 -155.561 -167.906 -30.5786 -25.3473 -214.881
Episode 830, mean 100-episode return -61.52 +-93.33, returns -86.7516 -7.11971 169.524 -38.8544 -40.9552 -204.422 -40.7759 -28.6795 -52.3967 -59.9505
Episode 840, mean 100-episode return -67.77 +-91.39, returns -181.38 -166.271 -200.377 -163.036 -142.317 -63.699 -160.966 -207.633 -178.969 -17.1384
Episode 850, mean 100-episode return -66.22 +-90.00, returns -152.574 -69.7908 -148.314 -94.8259 -151.056 -34.774 -54.5906 -116.518 -196.594 -79.2856
Episode 860, mean 100-episode return -64.26 +-90.79, returns -76.7029 -78.9425 41.6019 -68.2423 -79.2462 -40.3031 -2.00075 -161.121 -94.7656 -163.395
Episode 870, mean 100-episode return -65.76 +-94.34, returns -12.4018 -85.1716 -213.682 -107.994 -98.9493 138.181 -102.829 -100.648 -77.4809 -129.225
Episode 880, mean 100-episode return -64.28 +-92.33, returns -45.9437 -43.8316 116.094 -79.3364 -45.1614 -54.8897 -29.7846 20.3926 -93.0325 -62.4583
Episode 890, mean 100-episode return -70.08 +-84.60, returns -71.7663 -205.309 -57.4549 -62.2368 -48.2876 -74.603 -52.4505 -10.5355 -77.4764 -28.563
Episode 900, mean 100-episode return -75.81 +-72.69, returns -62.7613 -73.7535 -173.768 -62.8967 -86.8647 -18.7603 -93.2515 -59.3709 -28.9076 -39.2906
Episode 910, mean 100-episode return -78.39 +-72.23, returns -59.4345 -82.5847 -64.9218 -78.2195 -188.743 -80.7231 -39.5269 -181.542 -92.0858 -81.6635
Episode 920, mean 100-episode return -73.79 +-71.66, returns 166.751 -88.1975 -35.5134 -40.6482 -57.6501 -30.3731 8.30039 -37.8406 -61.8675 -62.6941
Episode 930, mean 100-episode return -80.53 +-67.47, returns -53.0898 -68.0475 -84.2333 -43.954 -159.039 -93.1621 -112.462 -92.4206 -168.138 -189.132
Episode 940, mean 100-episode return -71.62 +-61.35, returns -82.3609 -55.436 -58.0698 -27.9093 -36.6399 -91.79 -76.4454 -58.1201 -41.5291 -63.1818
Episode 950, mean 100-episode return -64.35 +-58.85, returns -28.1864 -41.1874 -20.2392 -65.0147 -28.9784 -35.5902 -32.6975 -46.0188 -52.8352 -20.4352
Episode 960, mean 100-episode return -60.45 +-63.31, returns 213.848 -71.4558 -63.8647 -50.6527 -23.2207 -36.834 -131.359 -39.3466 -4.84883 -125.354
Episode 970, mean 100-episode return -56.61 +-57.28, returns -69.1543 -73.2614 -35.7369 -47.2096 -29.1271 -32.4322 -18.4033 -38.0656 -31.9603 -30.5504
Episode 980, mean 100-episode return -57.92 +-54.80, returns -75.8368 -50.4823 -19.2538 27.8059 -80.4223 -77.0457 -27.0461 -41.7825 -60.8285 -44.0071
Episode 990, mean 100-episode return -62.12 +-57.93, returns -89.9492 -201.71 -148.07 -33.3835 -117.779 -125.581 -213.484 -61.941 -61.7605 -55.3255
Episode 1000, mean 100-episode return -59.81 +-64.25, returns 89.9506 -100.217 -114.928 -50.5325 -177.367 -100.579 -29.0303 -111.783 158.815 -33.1068
Episode 1010, mean 100-episode return -60.83 +-71.19, returns -160.177 -169.571 -190.33 -83.5048 -152.73 -103.367 -196.319 181.233 -98.1657 -78.7621
Episode 1020, mean 100-episode return -64.80 +-75.58, returns -180.097 -95.6531 -146.93 -58.5474 -17.3557 -22.6044 -194.582 -62.05 224.148 -82.7341
Episode 1030, mean 100-episode return -65.65 +-77.63, returns -107.901 -105.549 -63.5574 -60.674 -65.3146 -110.154 -265.374 -144.802 -27.3594 -197.975
Episode 1040, mean 100-episode return -69.56 +-78.96, returns -107.201 -137.831 -90.8193 -116.051 -54.5242 -59.1862 -116.089 -55.8844 -181.998 -63.1368
Episode 1050, mean 100-episode return -75.42 +-79.10, returns -76.4072 -91.6633 -65.8827 -66.0935 -163.639 -102.494 -71.4796 -146.072 -109.33 -64.1535
Episode 1060, mean 100-episode return -81.61 +-73.25, returns -95.1921 -100.228 -89.9265 -89.5424 -65.1288 -50.6428 -108.013 -184.662 -79.6023 -89.1538
Episode 1070, mean 100-episode return -85.35 +-71.96, returns -59.0734 -101.963 -62.6646 -92.2158 -67.5502 -77.9622 -60.305 -77.293 -83.3909 -97.0355
Episode 1080, mean 100-episode return -88.90 +-70.90, returns -128.697 -38.9336 -56.0834 -112.665 -13.6095 -93.5215 -70.5763 -74.5561 -112.455 -103.267
Episode 1090, mean 100-episode return -87.97 +-71.12, returns -80.2957 -125.838 -79.0627 -84.3419 -39.2296 -227.623 -30.838 -41.8009 -206.391 -100.44
Episode 1100, mean 100-episode return -97.99 +-65.13, returns -119.597 -164.428 -146.427 -152.274 -151.435 -133.588 -187.462 -136.988 -155.52 -122.847
Episode 1110, mean 100-episode return -100.53 +-58.10, returns -68.5639 -111.299 -132.036 -75.6392 -168.295 -136.324 -152.088 -123.697 -168.73 -168.774
Episode 1120, mean 100-episode return -104.48 +-52.28, returns -34.8831 -115.621 -168.879 -69.625 -62.5457 -184.542 -145.842 -182.474 -175.722 108.164
Episode 1130, mean 100-episode return -98.91 +-52.22, returns -68.3197 16.0498 -168.279 -76.7054 -127.403 12.6512 -52.2471 -26.4497 -62.0179 -38.5232
Episode 1140, mean 100-episode return -100.06 +-53.32, returns -74.9568 -82.2309 -46.6767 -143.894 -112.021 -77.9519 -198.191 -85.432 -73.8769 -202.292
Episode 1150, mean 100-episode return -101.27 +-54.99, returns -207.041 -51.3693 -80.8804 -62.957 -75.098 -193.941 -110.262 -141.596 -49.2384 -106.423
Episode 1160, mean 100-episode return -100.11 +-55.45, returns -48.5622 -72.5317 -130.518 -98.0797 -58.006 -85.0212 -22.5188 -94.4714 -157.026 -69.0519
Episode 1170, mean 100-episode return -102.12 +-56.12, returns -195.553 -72.7443 -103.806 -31.9775 -98.2939 -98.249 -95.4184 -86.4711 -85.8784 -112.465
Episode 1180, mean 100-episode return -105.50 +-55.28, returns -72.3709 -99.2877 -147.698 -150.29 -135.602 -115.087 -121.63 -109.717 -121.008 -69.7331
Episode 1190, mean 100-episode return -108.33 +-55.09, returns -59.1848 -111.139 -183.199 -176.578 -192.033 -63.3635 -116.453 -144.101 -39.2289 -213.057
Episode 1200, mean 100-episode return -102.47 +-56.02, returns -67.3368 -60.1351 -102.674 -45.5403 -61.8603 -57.2806 -36.9396 -112.426 -111.717 -228.858
Episode 1210, mean 100-episode return -100.93 +-56.03, returns -156.712 -109.834 -83.3194 -74.7543 -77.3234 -59.5796 -97.928 -195.319 -169.446 -126.705
Episode 1220, mean 100-episode return -99.98 +-49.27, returns -90.8752 -97.2344 -82.6699 -60.4326 -96.0958 -103.832 -95.2273 -96.6754 -66.7593 -147.538
Episode 1230, mean 100-episode return -105.96 +-48.37, returns -93.2811 -48.0478 -71.9053 -102.858 -194.363 -157.194 -234.051 -164.199 -67.8001 -55.3677
Episode 1240, mean 100-episode return -106.77 +-47.29, returns -83.8627 -151.379 -102.67 -53.6224 -139.997 -189.659 -93.9573 -96.8753 -156.925 -109.738
Episode 1250, mean 100-episode return -109.21 +-48.35, returns -183.516 -46.2645 -188.442 -130.01 -111.942 -206.653 -86.4497 -68.3394 -209.828 -91.4308
Episode 1260, mean 100-episode return -114.67 +-48.48, returns -169.329 -131.114 -103.444 -136.752 -104.431 -97.2699 -217.545 -140.42 -190.85 -90.977
Episode 1270, mean 100-episode return -115.48 +-47.63, returns -76.7319 -82.3991 -122.739 -118.229 -100.943 -93.632 -104.598 -56.2575 -150.489 -155.352
Episode 1280, mean 100-episode return -116.39 +-51.66, returns -70.1024 -62.3645 -95.4364 -270.313 -86.599 -95.8846 -124.542 -104.736 -83.83 -239.616
Episode 1290, mean 100-episode return -115.60 +-49.28, returns -88.1212 -83.6115 -115.352 -175.287 -110.056 -94.5035 -124.884 -94.6012 -149.217 -183.636
Episode 1300, mean 100-episode return -118.47 +-48.25, returns -91.2755 -89.3763 -153.442 -54.4254 -244.816 -77.6533 -152.66 -111.675 -96.4513 -100.251
Episode 1310, mean 100-episode return -116.85 +-47.39, returns -82.0068 -99.6961 -116.655 -129.159 -145.797 -67.7695 -93.5868 -118.314 -72.2743 -63.8984
Episode 1320, mean 100-episode return -120.92 +-49.17, returns -126.626 -205.911 -98.5888 -139.772 -93.2229 -66.7261 -105.908 -183.847 -227.585 -96.0401
Episode 1330, mean 100-episode return -119.49 +-47.01, returns -182.031 -68.4249 -80.7282 -131.422 -68.6686 -96.8479 -117.382 -149.953 -67.9748 -82.533
Episode 1340, mean 100-episode return -119.09 +-46.68, returns -165.035 -97.8143 -165.583 -82.3328 -110.447 -86.327 -91.2777 -78.1972 -99.8313 -161.292
Episode 1350, mean 100-episode return -120.46 +-48.21, returns -60.8193 -272.658 -135.706 -56.4461 -181.833 -139.025 -221.939 -153.859 -86.0013 -152.165
Episode 1360, mean 100-episode return -118.29 +-48.15, returns -182.784 -83.3709 -138.393 -187.636 -68.9848 -88.9357 -134.966 -75.1711 -138.899 -65.4284
Episode 1370, mean 100-episode return -117.77 +-47.77, returns -79.07 -106.91 -92.0337 -103.866 -97.1847 -74.9478 -103.063 -107.215 -149.809 -95.7556
Episode 1380, mean 100-episode return -115.73 +-43.54, returns -86.0513 -107.284 -97.7418 -97.4596 -121.497 -81.5331 -107.846 -71.6592 -166.936 -91.2202
Episode 1390, mean 100-episode return -114.65 +-45.28, returns -138.143 -129.462 -40.6033 -225.387 -91.0273 -102.673 -93.1502 -34.7632 -152.355 -104.282
Episode 1400, mean 100-episode return -113.86 +-42.80, returns -90.2298 -91.0784 -118.478 -160.138 -78.8281 -107.843 -122.316 -103.691 -113.636 -106.184
Episode 1410, mean 100-episode return -116.20 +-44.30, returns -88.9031 -169.366 -113.287 -67.8635 -125.11 -233.25 -142.948 -89.5221 -113.89 -78.6696
Episode 1420, mean 100-episode return -114.39 +-41.49, returns -109.536 -106.415 -113.332 -104.143 -91.8787 -107.147 -148.853 -172.889 -95.2166 -114.252
Episode 1430, mean 100-episode return -114.47 +-42.52, returns -105.568 -52.912 -120.75 -231.704 -70.6579 -68.8201 -87.7807 -104.309 -83.2268 -128.408
Episode 1440, mean 100-episode return -117.50 +-46.10, returns -92.708 -121.274 -220.597 -148.05 -65.6057 -80.2412 -194.997 -87.6333 -225.417 -204.897
Episode 1450, mean 100-episode return -115.06 +-42.00, returns -144.819 -70.5542 -79.3274 -88.3225 -149.322 -78.1342 -162.681 -186.099 -124.3 -132.31
Episode 1460, mean 100-episode return -117.19 +-44.50, returns -219.926 -52.5768 -130.127 -222.065 -230.192 -110.27 -113.096 -117.097 -77.5901 -105.045
Episode 1470, mean 100-episode return -117.79 +-45.33, returns -81.9616 -92.7381 -112.062 -86.2435 -78.71 -132.522 -118.479 -98.0704 -199.049 -69.9558
Episode 1480, mean 100-episode return -118.02 +-45.22, returns -86.2093 -113.613 -113.283 -107.503 -70.356 -87.5173 -137.295 -154.658 -82.1113 -99.9671
Episode 1490, mean 100-episode return -117.15 +-43.62, returns -101.051 -73.0824 -96.1105 -112.965 -119.149 -76.5025 -92.7365 -87.3449 -192.776 -72.423
Episode 1500, mean 100-episode return -117.91 +-43.88, returns -184.522 -114.584 -117.198 -75.3944 -106.807 -118.105 -136.26 -107.678 -115.948 -92.3613
Episode 1510, mean 100-episode return -114.64 +-42.61, returns -108.655 -126.366 -69.4589 -87.168 -86.4857 -57.8136 -116.314 -89.0502 -65.5627 -88.9285
Episode 1520, mean 100-episode return -110.80 +-44.18, returns -119.89 -80.261 -130.492 -68.8169 -92.6859 -69.7811 -52.2971 -68.7572 -47.912 -49.0717
Episode 1530, mean 100-episode return -108.49 +-43.21, returns -65.48 -145.706 -55.0269 -62.9228 -96.0055 -79.4535 -96.4363 -56.0726 -66.4643 -99.4966
Episode 1540, mean 100-episode return -103.37 +-40.49, returns -50.5415 -165.047 -63.9304 -83.0514 -84.723 -39.2702 -157.73 -175.614 -71.5359 -37.1743
Episode 1550, mean 100-episode return -99.75 +-38.70, returns -114.225 -86.6197 -82.856 -103.007 -61.465 -74.9709 -81.536 -89.2076 -79.2505 -81.5586
Episode 1560, mean 100-episode return -94.96 +-31.92, returns -57.455 -91.2791 -111.623 -67.3445 -61.0519 -110.107 -115.593 -89.3407 -91.885 -102.56
Episode 1570, mean 100-episode return -95.83 +-34.02, returns -67.8174 -73.5398 -192.546 -105.385 -87.4392 -117.883 -92.707 -104.639 -90.7512 -224.054
Episode 1580, mean 100-episode return -93.05 +-34.06, returns -79.6434 -112.164 -61.2851 -81.222 -107.22 -42.2131 -66.9925 -70.4654 -56.0264 -97.6647
Episode 1590, mean 100-episode return -82.55 +-55.06, returns -38.8413 127.891 -13.2398 -15.6497 -76.7223 -58.5962 -164.464 143.237 -74.0462 195.968
Episode 1600, mean 100-episode return -78.78 +-62.56, returns -23.3119 177.301 4.45843 -130.996 -102.426 -203.827 -173.912 -90.5638 -145.358 -102.779
Episode 1610, mean 100-episode return -79.00 +-64.25, returns -120.391 -52.5897 -126.34 -49.6997 -219.48 -60.5878 -42.4992 -86.1076 -82.8641 -77.8032
Episode 1620, mean 100-episode return -85.96 +-70.08, returns -216.919 -129.004 -59.6912 -269.584 -108.257 -102.9 -67.8436 -127.367 -178.277 -215.29
Episode 1630, mean 100-episode return -88.30 +-70.92, returns -92.6667 -80.0307 -100.546 -136.73 -88.954 -74.1354 -210.672 -115.224 -83.4159 -74.8715
Episode 1640, mean 100-episode return -91.87 +-70.60, returns -98.9725 -112.786 -137.597 -136.289 -113.262 -89.4892 -120.18 -142.573 -168.128 -166.421
Episode 1650, mean 100-episode return -94.58 +-71.01, returns -102.977 -151.847 -93.0359 -92.3151 -141.915 -102.158 -134.517 -88.117 -101.38 -117.902
Episode 1660, mean 100-episode return -96.35 +-72.69, returns -98.5679 -163.299 -124.559 -14.8638 -124.499 -121.693 -63.189 -63.9752 -91.0082 -208.962
Episode 1670, mean 100-episode return -97.75 +-73.14, returns -163.032 -169.062 -130.805 -105.141 -82.3863 -194.945 -55.7574 -157.994 -59.7635 -178.562
Episode 1680, mean 100-episode return -99.97 +-73.60, returns -41.3423 -64.8662 -144.369 -118.98 -178.112 -107.265 -108.532 -49.339 -92.1285 -91.925
Episode 1690, mean 100-episode return -111.44 +-56.03, returns -91.6056 -82.9804 -98.098 -113.961 -167.532 -146.818 -112.12 -110.888 -67.476 -129.654
Episode 1700, mean 100-episode return -113.61 +-46.36, returns -75.8176 -81.8307 -69.7079 -223.136 -111.186 -91.3213 -105.717 -91.122 -53.5 -105.43
Episode 1710, mean 100-episode return -115.30 +-43.92, returns -140.955 -51.0922 -105.839 -98.3061 -84.36 -106.463 -149.561 -128.611 -88.8929 -132.539
Episode 1720, mean 100-episode return -111.88 +-41.04, returns -152.739 -105.87 -90.6349 -71.6954 -72.2538 -84.2364 -244.919 -163.63 -48.9114 -98.5078
Episode 1730, mean 100-episode return -111.88 +-40.84, returns -164.686 -137.433 -82.1561 -134.676 -155.038 -75.7432 -54.0778 -61.6936 -97.7583 -93.9489
Episode 1740, mean 100-episode return -110.03 +-40.12, returns -112.753 -115.301 -128.449 -123.645 -91.5921 -146.586 -86.533 -93.922 -87.537 -114.934
Episode 1750, mean 100-episode return -109.64 +-41.39, returns -113.567 -198.839 -68.2232 -99.5083 -94.9177 -78.6962 -113.604 -155.854 -68.0649 -95.4472
Episode 1760, mean 100-episode return -108.85 +-39.92, returns -173.965 -109.772 -114.825 -67.9322 -87.597 -57.4356 -151.079 -48.6108 -88.9071 -95.5831
Episode 1770, mean 100-episode return -107.40 +-37.99, returns -112.25 -100.023 -145.843 -90.1668 -172.686 -69.1197 -102.307 -111.762 -173.411 -75.144
Episode 1780, mean 100-episode return -107.56 +-37.97, returns -80.888 -83.3544 -42.0622 -89.1941 -117.844 -206.07 -84.2112 -107.822 -104.378 -97.0323
Episode 1790, mean 100-episode return -106.54 +-37.75, returns -154.806 -93.219 -109.803 -111.774 -64.9403 -109.912 -123.775 -67.0766 -95.078 -88.3714
Episode 1800, mean 100-episode return -107.14 +-37.27, returns -95.5572 -116.592 -82.7236 -112.005 -218.09 -85.3174 -112.364 -62.3527 -97.982 -86.0763
Episode 1810, mean 100-episode return -106.33 +-36.54, returns -98.0598 -88.6388 -125.982 -117.391 -106.863 -81.8897 -79.599 -86.8045 -102.111 -118.057
Episode 1820, mean 100-episode return -104.35 +-33.00, returns -72.5848 -89.1564 -114.436 -79.2522 -112.812 -130.732 -75.63 -52.1857 -97.8738 -110.378
Episode 1830, mean 100-episode return -106.93 +-36.10, returns -104.546 -110.993 -130.828 -117.283 -83.0319 -158.774 -77.353 -258.538 -187.889 -85.9796
Episode 1840, mean 100-episode return -105.71 +-36.48, returns -138.226 -93.8226 -76.6182 -131.233 -73.049 -103.349 -71.251 -86.2117 -125.532 -80.3406
Episode 1850, mean 100-episode return -104.34 +-35.18, returns -92.3812 -95.2445 -116.885 -85.8343 -101.904 -56.3928 -71.0393 -101.351 -140.765 -88.2807
Episode 1860, mean 100-episode return -103.60 +-33.85, returns -111.144 -85.0327 -106.667 -54.7275 -104.838 -88.3268 -119.986 -102.769 -74.9988 -72.7934
Episode 1870, mean 100-episode return -100.17 +-32.85, returns -74.8777 -67.7524 -78.6412 -89.3814 -68.213 -122.716 -87.3372 -51.7612 -87.6868 -81.0465
Episode 1880, mean 100-episode return -98.25 +-32.21, returns -66.4397 -98.2624 -156.76 -46.3808 -89.1101 -68.415 -101.809 -62.8235 -73.3388 -57.834
Episode 1890, mean 100-episode return -97.59 +-33.27, returns -97.8246 -94.3649 -76.2779 -95.3758 -84.0149 -87.0386 -197.512 -97.0353 -53.3902 -70.1353
Episode 1900, mean 100-episode return -93.95 +-35.40, returns -61.6684 -62.9817 -50.6852 -112.066 -57.4731 -53.9132 -40.8849 -27.0108 -30.9128 -206.8
Episode 1910, mean 100-episode return -94.46 +-38.34, returns -97.2088 -214.882 -46.405 -53.5111 -113.307 -100.812 -96.1817 -163.254 -67.071 -104.168
Episode 1920, mean 100-episode return -98.21 +-41.11, returns -81.2199 -181.186 -138.912 -117.836 -169.733 -174.509 -98.999 -159.396 -126.434 -62.2502
Episode 1930, mean 100-episode return -96.43 +-38.70, returns -68.9057 -151.423 -127.497 -168.504 -73.0137 -96.6663 -75.6241 -194.654 -110.522 -69.7095
Episode 1940, mean 100-episode return -96.74 +-39.18, returns -82.265 -111.598 -105.461 -85.8158 -109.646 -147.295 -53.2672 -92.776 -155.245 -67.2539
Episode 1950, mean 100-episode return -101.39 +-42.56, returns -114.671 -147.57 -105.262 -155.945 -153.541 -89.7702 -129.332 -108.693 -194.448 -215.748
Episode 1960, mean 100-episode return -103.80 +-44.31, returns -132.274 -191.588 -166.666 -103.937 -27.9093 -129.284 -103.583 -103.488 -122.771 -81.2791
Episode 1970, mean 100-episode return -110.15 +-48.99, returns -98.2168 -237.127 -194.633 -81.2149 -100.334 -107.054 -256.609 -174.862 -119.143 -74.9498
Episode 1980, mean 100-episode return -114.22 +-47.56, returns -119.811 -112.481 -96.815 -117.559 -143.93 -134.922 -153.332 -133.767 -116.428 -99.0889
Episode 1990, mean 100-episode return -118.58 +-47.72, returns -203.44 -160.94 -181.66 -156.825 -90.7791 -147.756 -100.422 -150.982 -107.478 -88.55
Episode 2000, mean 100-episode return -123.08 +-43.96, returns -77.409 -69.6124 -128.447 -70.3201 -163.531 -154.171 -182.97 -80.6288 -92.4719 -134.741
Episode 2010, mean 100-episode return -121.99 +-43.87, returns -57.5241 -118.867 -136.915 -144.323 -50.2033 -40.8398 -168.615 -73.2126 -86.8403 -70.9712
Episode 2020, mean 100-episode return -116.70 +-44.35, returns -71.4147 -102.691 -115.854 -52.731 -79.1242 -58.2381 -60.5236 -69.0717 -93.7164 -77.8501
Episode 2030, mean 100-episode return -114.43 +-44.36, returns -92.5405 -55.9353 -71.3659 -81.2645 -117.798 -65.6511 -75.0935 -185.98 -90.6577 -73.171
Episode 2040, mean 100-episode return -116.58 +-45.09, returns -145.376 -175.84 -106.367 -106.298 -55.8369 -109.876 -116.761 -126.298 -77.8588 -205.76
Episode 2050, mean 100-episode return -113.10 +-43.77, returns -76.9938 -94.5421 -79.774 -58.9884 -124.131 -99.1364 -130.41 -108.672 -170.51 -123.05
Episode 2060, mean 100-episode return -111.82 +-43.91, returns -73.6665 -198.976 -93.6985 -90.9406 -110.96 -57.97 -167.156 -62.1442 -79.525 -100.409
Episode 2070, mean 100-episode return -109.84 +-39.67, returns -83.2386 -96.5859 -87.466 -153.008 -148.378 -185.393 -93.686 -174.548 -91.7217 -131.43
Episode 2080, mean 100-episode return -106.91 +-40.01, returns -124.375 -108.86 -59.8438 -65.1862 -88.2716 -132.56 -63.0863 -102.993 -96.1019 -93.9114
Episode 2090, mean 100-episode return -101.57 +-38.34, returns -86.9194 -60.5711 -62.4502 -167.58 -65.6878 -73.9449 -69.021 -65.7513 -92.3923 -110.969
Episode 2100, mean 100-episode return -100.52 +-37.62, returns -44.8831 -110.224 -109.938 -59.8759 -101.709 -95.6995 -105.278 -123.945 -185.405 -112.201
Episode 2110, mean 100-episode return -103.72 +-39.50, returns -124.958 -99.3824 -172.244 -238.155 -169.346 -90.5443 -129.013 -117.551 -56.0727 -70.5448
Episode 2120, mean 100-episode return -104.74 +-38.86, returns -91.3338 -95.3207 -71.8873 -83.1866 -112.359 -106.147 -76.8027 -50.2292 -96.1998 -99.878
Episode 2130, mean 100-episode return -106.42 +-39.67, returns -58.827 -156.466 -146.8 -83.5441 -82.5547 -70.5654 -118.377 -207.866 -82.4318 -70.6596
Episode 2140, mean 100-episode return -100.34 +-39.34, returns -65.8639 -66.305 -75.5707 -63.7295 -68.0673 -46.2126 -55.5125 -72.4268 -66.9121 -37.1438
Episode 2150, mean 100-episode return -99.19 +-43.72, returns -113.195 -240.907 -26.721 -49.1732 -97.8419 -41.0254 -50.9038 -53.6268 -198.355 -79.2366
Episode 2160, mean 100-episode return -99.29 +-45.13, returns -105.238 -83.1301 -37.9108 -203.077 -80.9732 -98.4826 -129.066 -43.3312 -203.462 -61.3019
Episode 2170, mean 100-episode return -98.03 +-44.54, returns -104.83 -134.866 -114.229 -74.3687 -104.565 -150.647 -56.6962 -94.9728 -94.9601 -189.39
Episode 2180, mean 100-episode return -99.42 +-44.52, returns -115.22 -126.667 -100.151 -131.794 -122.925 -141.997 -74.4464 -77.8288 -97.4632 -85.3258
Episode 2190, mean 100-episode return -99.56 +-44.57, returns -75.379 -41.3961 -74.2844 -71.6965 -155.546 -92.1677 -46.7416 -102.618 -85.6942 -124.398
Episode 2200, mean 100-episode return -99.09 +-44.01, returns -147.743 -80.7508 -82.0945 -80.2379 -98.2702 -94.5891 -133.258 -83.069 -140.583 -60.6928
Episode 2210, mean 100-episode return -94.75 +-41.02, returns -140.438 -111.492 -66.8105 -76.4207 -96.1899 -108.884 -54.4015 -45.3811 -55.8742 -78.3533
Episode 2220, mean 100-episode return -96.68 +-41.91, returns -104.638 -80.6916 -70.872 -144.05 -111.492 -71.1544 -125.237 -85.7529 -170.735 -111.834
Episode 2230, mean 100-episode return -96.55 +-42.15, returns -82.1314 -109.349 -84.8689 -87.8505 -73.6243 -70.9284 -80.4728 -76.3057 -181.076 -218.138
Episode 2240, mean 100-episode return -101.22 +-41.49, returns -79.2459 -115.607 -90.6818 -86.0749 -89.7479 -97.2997 -183.829 -116.29 -95.5027 -130.775
Episode 2250, mean 100-episode return -102.82 +-38.37, returns -120.177 -97.4194 -157.065 -92.0828 -206.38 -51.926 -65.3158 -100.481 -70.5966 -149.239
Episode 2260, mean 100-episode return -101.05 +-34.71, returns -99.1907 -79.0022 -87.573 -106.516 -85.9996 -79.6678 -57.2068 -79.1449 -82.1612 -113.121
Episode 2270, mean 100-episode return -97.37 +-34.39, returns -75.4698 -66.001 -12.0093 -84.4224 -94.9831 -104.183 -76.2345 -108.574 -66.435 -62.3945
Episode 2280, mean 100-episode return -93.09 +-36.06, returns -81.0942 -80.2101 -58.6209 -82.367 -45.8892 -40.1916 -20.6946 -38.6522 -66.4186 -131.707
Episode 2290, mean 100-episode return -95.22 +-39.35, returns -57.8674 -132.384 -174.92 -80.5988 -47.3768 -42.8188 -42.9044 -147.442 -148.156 -209.184
Episode 2300, mean 100-episode return -93.99 +-38.62, returns -86.9993 -73.9392 -88.0629 -75.5106 -78.6957 -90.2317 -103.339 -63.7273 -104.333 -112.946
Episode 2310, mean 100-episode return -94.20 +-37.97, returns -100.349 -114.667 -51.1599 -85.3919 -61.9347 -84.6177 -66.6838 -97.3587 -90.9724 -102.722
Episode 2320, mean 100-episode return -94.12 +-37.79, returns -150.249 -89.5498 -91.3414 -144.196 -143.947 -106.166 -110.656 -83.1766 -57.6176 -90.9309
Episode 2330, mean 100-episode return -91.76 +-34.80, returns -101.058 -79.4136 -89.2415 -76.816 -98.966 -107.734 -71.047 -63.0759 -57.0803 -84.5614
Episode 2340, mean 100-episode return -91.45 +-36.39, returns -165.498 -181.658 -49.2802 -110.521 -105.998 -66.7861 -158.301 -79.6275 -51.912 -84.0057
Episode 2350, mean 100-episode return -91.20 +-37.58, returns -63.2079 -68.8726 -48.9601 -122.59 -131.189 -104.641 -75.0014 -62.1528 -185.75 -223.526
Episode 2360, mean 100-episode return -90.68 +-37.54, returns -97.8764 -96.023 -74.1643 -92.9813 -76.8846 -65.2201 -93.4426 -78.9283 -69.1348 -72.6976
Episode 2370, mean 100-episode return -89.77 +-38.73, returns -90.069 -54.2338 -72.614 -93.2014 -14.9049 -70.6875 -123.409 -0.526707 -85.9705 -54.5351
Episode 2380, mean 100-episode return -91.97 +-39.08, returns -50.2012 -161.576 -155.411 -119.898 -77.2314 -55.1282 -48.1051 -60 -98.7007 -40.0642
Episode 2390, mean 100-episode return -87.59 +-35.48, returns -84.3005 -61.8291 -114.441 -70.9797 -42.0558 -60.8755 -55.3041 -58.8944 -51.2997 -45.3198
Episode 2400, mean 100-episode return -87.11 +-35.81, returns -128.1 -66.461 -62.2105 -72.4953 -65.3106 -72.3392 -72.7834 -80.0799 -106.483 -103.734
Episode 2410, mean 100-episode return -87.52 +-37.59, returns -100.095 -82.2006 -67.1243 -99.4229 -33.6634 -105.256 -98.0931 -62.9479 -192.245 -55.1473
Episode 2420, mean 100-episode return -83.97 +-36.52, returns -61.1399 -85.5254 -76.9561 -60.1155 -54.3727 -80.1769 -48.8317 -71.3191 -110.23 -64.5608
Episode 2430, mean 100-episode return -85.64 +-37.90, returns -107.965 -122.988 -106.514 -151.732 -151.076 -67.1476 -90.3151 -69.2044 -66.4723 -62.4368
Episode 2440, mean 100-episode return -83.18 +-35.28, returns -80.7457 -50.2959 -77.8476 -93.9999 -68.7781 -67.4848 -60.4545 -69.5573 -97.2323 -141.703
Episode 2450, mean 100-episode return -77.14 +-32.77, returns -54.6549 -28.4935 -22.1215 -139.5 -19.9404 -28.0547 -34.3487 -54.284 -38.3195 -61.5828
Episode 2460, mean 100-episode return -75.89 +-34.00, returns -71.4313 -56.1682 -31.2831 -92.9772 -89.688 -29.8445 -50.2513 -138.027 -65.2487 -67.2122
Episode 2470, mean 100-episode return -78.08 +-35.76, returns -46.3004 -43.237 -80.9452 -98.4789 -66.7532 -53.4462 -215.544 -121.949 -51.3349 -101.836
Episode 2480, mean 100-episode return -78.28 +-35.00, returns -49.5384 -80.9701 -69.4829 -133.897 -76.8694 -142.608 -67.5726 -129.912 -31.7109 -103.059
Episode 2490, mean 100-episode return -84.46 +-41.07, returns -204.912 -82.4873 -100.123 -106.406 -201.057 -72.8123 -80.2061 -195.465 -172.45 -47.9588
Episode 2500, mean 100-episode return -84.39 +-41.10, returns -61.4271 -71.2049 -69.0968 -134.48 -85.1666 -53.8973 -80.6027 -96.15 -93.4058 -77.5811
Episode 2510, mean 100-episode return -86.60 +-43.91, returns -24.0824 -75.0917 -88.1618 -203.653 -76.0811 -164.365 -135.178 -40.9471 -119.749 -189.935
Episode 2520, mean 100-episode return -88.42 +-44.98, returns -54.9632 -59.4255 -83.3972 -72.3443 -80.9177 -190.651 -124.201 -65.0073 -94.5879 -69.3717
Episode 2530, mean 100-episode return -87.21 +-45.33, returns -51.7282 -83.8237 -165.248 -67.3331 -66.5925 -80.4353 -83.4462 -24.926 -117.538 -133.708
Episode 2540, mean 100-episode return -86.37 +-46.18, returns -106.913 -93.2223 -98.07 -51.374 -29.3959 -117.05 -114.188 -42.6373 -29.7808 -41.7522
Episode 2550, mean 100-episode return -89.90 +-44.59, returns -85.3368 -59.4111 -42.6254 -89.432 -100.273 -79.626 -171.905 -46.0857 -60.9155 -98.5276
Episode 2560, mean 100-episode return -92.49 +-45.27, returns -89.1894 -63.8948 -113.175 -61.7516 -109.269 -188.584 -139.968 -76.9315 -93.0082 -15.871
Episode 2570, mean 100-episode return -92.86 +-44.04, returns -87.4282 -148.96 -158.261 -92.3595 -86.1978 -55.8068 -43.6367 -90.3146 -45.1378 -108.419
Episode 2580, mean 100-episode return -89.98 +-44.14, returns -81.6112 -62.9431 -63.7652 -33.3124 -80.7795 -92.0764 -40.4098 -44.5115 -51.8391 -45.9683
Episode 2590, mean 100-episode return -83.26 +-40.56, returns -29.2346 -59.8985 -42.2435 -41.1638 -57.66 -63.6421 -153.346 -42.5999 -52.3898 -49.972
Episode 2600, mean 100-episode return -84.29 +-43.17, returns -43.3652 -82.2354 -108.218 -71.114 -107.809 -70.8411 -87.4316 -60.8042 -233.063 -61.1576
Episode 2610, mean 100-episode return -81.44 +-40.42, returns -60.8671 -66.167 -175.528 -34.2964 -94.9418 -58.7352 -92.3857 -56.0077 -44.1156 -149.019
Episode 2620, mean 100-episode return -81.95 +-41.35, returns -198.915 -63.459 -90.0472 -86.4092 -83.6483 -146.16 -32.0689 -63.0987 -121.71 -60.2284
Episode 2630, mean 100-episode return -79.56 +-41.59, returns -88.968 -45.9617 -163.791 -77.7033 -47.1168 -49.7527 -40.8943 -33.7313 -23.5937 -64.7829
Episode 2640, mean 100-episode return -81.82 +-43.49, returns -79.9619 -88.706 -55.9713 -183.912 -92.1853 -196.175 -105.597 -42.399 -66.0346 -38.9909
Episode 2650, mean 100-episode return -82.17 +-42.67, returns -118.051 -69.7789 -124.467 -75.2785 -110.961 -82.2133 -46.67 -86.811 -80.159 -74.6728
Episode 2660, mean 100-episode return -80.67 +-41.19, returns -79.5738 -54.6336 -78.1091 -116.869 -122.009 -38.2849 -77.9306 -122.227 -33.3891 -79.0146
Episode 2670, mean 100-episode return -79.99 +-43.48, returns -206.851 -65.0856 -78.1178 -177.645 -46.4223 -57.9774 -68.4377 2.45677 -79.8132 -70.1438
Episode 2680, mean 100-episode return -83.17 +-45.00, returns -155.192 -61.0692 -29.1745 -41.7813 -120.01 -86.9304 -76.7453 -180.088 -68.8394 -96.1173
Episode 2690, mean 100-episode return -84.27 +-48.33, returns -75.3957 -25.5048 -50.2808 -38.9012 -124.632 69.1261 -51.5468 -158.971 -180.114 -65.5375
Episode 2700, mean 100-episode return -85.03 +-48.94, returns -101.129 -153.222 -43.5868 -47.4734 -42.2919 -210.957 -70.5564 -150.28 -122.082 -60.8527
Episode 2710, mean 100-episode return -87.09 +-49.70, returns -103.706 -85.8194 -76.7009 -53.9084 -120.468 -125.499 -99.3288 -99.0267 -44.2457 -228.888
Episode 2720, mean 100-episode return -87.48 +-49.77, returns -73.1588 -117.981 -179.597 -77.7411 -27.9464 -81.5002 -40.6141 -102.927 -118.051 -165.721
Episode 2730, mean 100-episode return -93.59 +-53.01, returns -138.586 -183.958 -152.927 -107.785 -233.608 -47.8685 -203.668 -64.1739 -26.089 -88.282
Episode 2740, mean 100-episode return -95.23 +-55.56, returns -76.5307 -45.3864 -134.948 -255.161 -47.2314 -180.48 -183.828 -33.6756 -113.405 -43.6031
Episode 2750, mean 100-episode return -94.84 +-56.83, returns -148.368 -58.4313 -184.062 -48.768 -54.6957 -59.0894 -79.182 -63.449 -57.1345 -76.5556
Episode 2760, mean 100-episode return -97.00 +-58.23, returns -74.1381 -72.3993 -72.7079 -153.508 -58.3469 -71.8418 -188.906 -81.4336 -196.141 -48.4744
Episode 2770, mean 100-episode return -95.84 +-56.71, returns -133.939 -53.9066 -136.592 -79.3882 -59.1409 -79.2816 -24.6129 -80.9868 -40.9619 -43.0473
Episode 2780, mean 100-episode return -94.22 +-56.38, returns -92.6918 -100.466 -150.816 -116.594 -70.8461 -38.6585 -59.2699 -42.116 -39.237 -43.4535
Episode 2790, mean 100-episode return -94.83 +-52.81, returns -86.6094 -62.8577 -72.609 -93.5607 -111.35 -55.0804 -138.328 -26.7734 -42.5031 -73.5545
Episode 2800, mean 100-episode return -93.23 +-51.35, returns -70.0185 -62.9743 -47.133 -46.27 -100.068 -86.6913 -111.019 -80.387 -58.889 -178.84
Episode 2810, mean 100-episode return -92.03 +-50.88, returns -83.0411 -95.2217 -34.0326 -159.807 -71.2865 -43.1851 -62.108 -150.411 -154.589 -63.4367
Episode 2820, mean 100-episode return -88.38 +-50.51, returns -63.3762 -90.7372 -72.3524 -28.4145 0.961501 -39.8494 -89.4239 -71.122 -48.7852 -117.192
Episode 2830, mean 100-episode return -86.82 +-47.26, returns -103.028 -61.2029 -116.36 -66.6839 -185.03 -87.3133 -63.6357 -199.982 -110.835 -96.807
Episode 2840, mean 100-episode return -84.71 +-42.18, returns -66.8939 -74.7801 -78.7283 -179.847 -80.9281 -74.6243 -90.1241 -131.675 -61.5685 -64.2272
Episode 2850, mean 100-episode return -82.21 +-40.89, returns -68.7702 -61.1715 -50.6822 -36.3787 -61.5974 -59.1941 -51.8406 -72.0526 -41.1773 -77.2259
Episode 2860, mean 100-episode return -81.38 +-40.70, returns -29.4653 -67.963 -173.047 -80.547 -74.9246 -32.5257 -94.0621 -135.297 -193.894 -52.905
Episode 2870, mean 100-episode return -84.28 +-43.01, returns -42.2108 -31.8529 -76.9357 -170.832 -45.9449 -153.709 -78.0726 -153.594 -180.119 -88.8347
Episode 2880, mean 100-episode return -82.42 +-43.77, returns -60.0749 -39.1548 -48.2299 -73.2669 -66.9953 -154.069 -9.49053 -33.6701 -35.4968 -47.0475
Episode 2890, mean 100-episode return -82.80 +-43.83, returns -67.0211 -70.4853 -104.684 -61.0824 -34.2102 -71.2222 -160.592 -67.8298 -98.9717 -66.0979
Episode 2900, mean 100-episode return -83.90 +-43.90, returns -100.048 -64.7117 -81.5077 -51.9489 -142.997 -101.496 -49.1281 -134.708 -155.418 -69.8276
Episode 2910, mean 100-episode return -82.18 +-43.07, returns -51.3076 -95.569 -57.8532 -120.89 -49.8911 -12.9811 -60.3512 -141.713 -87.119 -67.8791
Episode 2920, mean 100-episode return -83.88 +-44.74, returns -49.4307 -48.2722 -112.073 -90.2514 -226.56 -59.9082 -64.2853 -68.0541 -27.3588 -43.3682
Episode 2930, mean 100-episode return -75.59 +-54.81, returns 147.567 -62.899 -16.6502 -56.0928 161.518 -32.507 -31.9499 -104.178 -87.8086 -179.515
Episode 2940, mean 100-episode return -73.46 +-54.56, returns -59.7316 -50.4926 -61.081 -130.279 -56.8941 -139.696 -65.0915 -45.9893 -27.8808 -52.852
Episode 2950, mean 100-episode return -73.07 +-54.90, returns -20.4113 -32.4973 -68.038 -36.9656 -72.11 -70.2154 -58.8777 -46.1291 -48.3145 -87.1427
Episode 2960, mean 100-episode return -70.56 +-52.73, returns -63.6287 -59.0611 -76.5683 -37.886 -56.8254 -28.0924 -142.514 -68.2996 -103.445 -47.5304
Episode 2970, mean 100-episode return -68.67 +-55.56, returns -67.248 119.456 -186.46 -186.812 -137.851 -70.0691 -72.1195 -42.0879 -77.7118 -112.428
Episode 2980, mean 100-episode return -73.13 +-57.05, returns -199.831 -73.4513 -44.132 -81.0387 -94.4717 -146.467 -162.138 -80.7786 -73.4669 -58.1385
Episode 2990, mean 100-episode return -67.06 +-69.20, returns -50.8992 -33.988 -166.645 -56.8138 -5.76239 -29.5093 173.777 -99.0136 -143.113 217.133
Episode 3000, mean 100-episode return -64.94 +-68.37, returns -83.3382 -59.8792 -150.235 -47.0628 -95.0895 -41.2652 -38.8107 -71.0268 -82.3241 -70.4716
Episode 3010, mean 100-episode return -58.25 +-73.87, returns -40.0159 -66.0293 165.413 -41.0973 129.408 -75.7962 -7.95182 -50.5274 -52.3553 -38.0726
Episode 3020, mean 100-episode return -52.47 +-76.30, returns -106.592 -44.483 -60.4702 -85.1692 -16.9042 -21.0682 -48.7207 191.628 -12.2356 -7.55575
Episode 3030, mean 100-episode return -58.60 +-70.66, returns -61.399 -68.5968 -87.2224 -161.758 -91.0775 -79.2091 -144.59 -34.1009 -115.787 -31.9327
Episode 3040, mean 100-episode return -60.89 +-72.78, returns -205.57 -74.3018 -76.6774 -51.4151 -100.121 -16.2688 -129.802 -125.926 -4.90872 -133.825
Episode 3050, mean 100-episode return -62.50 +-74.47, returns -43.4689 -15.7108 -73.1311 -42.3417 -23.3208 -94.3691 -114.696 -95.9284 -6.61132 -191.588
Episode 3060, mean 100-episode return -61.70 +-74.33, returns -23.6061 -38.165 -88.0031 -57.4157 -25.6462 -114.403 -64.5912 -45.8422 -95.6239 -51.1972
Episode 3070, mean 100-episode return -59.94 +-69.98, returns -35.5383 -26.8892 -101.338 -89.1804 -61.5247 -67.2092 -135.585 -60.2277 -39.913 -39.6275
Episode 3080, mean 100-episode return -58.17 +-68.25, returns -41.0992 -140.894 -64.5417 -86.5035 -72.6955 -85.4405 -53.441 -72.7065 -70.2382 -149.059
Episode 3090, mean 100-episode return -63.23 +-57.03, returns -42.9783 -98.7716 -40.2393 -34.1686 -71.2608 -151.248 -59.969 -41.323 -38.5677 -122.683
Episode 3100, mean 100-episode return -60.93 +-60.72, returns -83.8398 -43.4465 -69.0054 -108.508 -79.8618 -115.355 -86.7068 -32.9291 -43.7926 153.555
Episode 3110, mean 100-episode return -58.96 +-67.22, returns 190.071 113.579 -56.0886 -119.877 -75.9974 -28.6547 -13.8656 -49.5581 -52.5677 212.953
Episode 3120, mean 100-episode return -67.67 +-65.42, returns -85.9588 -83.1789 -180.581 -165.344 -21.4268 -64.7145 -38.6422 -178.16 -89.7786 -174.152
Episode 3130, mean 100-episode return -66.21 +-69.65, returns -119.364 -6.1653 -39.532 -112.966 -21.1231 -230.571 -161.313 -51.6712 -93.8509 106.433
Episode 3140, mean 100-episode return -66.24 +-71.34, returns -3.96049 -254.227 -186.222 -23.8945 -64.9204 -133.398 -52.1376 -74.0935 -103.268 -25.0828
Episode 3150, mean 100-episode return -68.89 +-74.79, returns 14.0469 4.4695 -109.918 -70.9434 -204.106 -5.99386 -237.071 -83.0619 -90.9143 -183.413
Episode 3160, mean 100-episode return -71.07 +-77.12, returns -39.0114 -5.57527 -188.71 -40.5744 -25.8892 -166.617 -34.3027 -94.3195 -51.1443 -175.602
Episode 3170, mean 100-episode return -73.66 +-78.30, returns -70.8013 -50.5599 -193.223 -57.6276 -162.914 -133.056 -46.6189 -88.865 -73.2396 -39.3249
Episode 3180, mean 100-episode return -72.56 +-77.88, returns -55.8399 -127.098 -68.2405 -62.1227 -61.4922 -56.453 -54.3196 -82.2991 -54.199 -105.026
Episode 3190, mean 100-episode return -73.63 +-79.48, returns -2.26946 -179.969 -27.4127 -24.7197 -25.8028 -98.934 -176.928 -88.6475 -141.513 -42.1651
Episode 3200, mean 100-episode return -75.16 +-77.18, returns -36.076 -35.2442 -15.3227 -71.4612 -39.5948 -90.8683 -52.0583 -192.271 -67.3779 -62.427
Episode 3210, mean 100-episode return -82.09 +-68.04, returns -79.8274 -151.832 -95.4684 -36.043 -17.6122 134.924 -29.8049 -68.789 -43.2468 -185.209
Episode 3220, mean 100-episode return -79.02 +-70.36, returns -103.075 -91.3848 -197.138 149.953 -54.7479 -85.8003 -86.3787 -102.67 -145.155 -58.218
Episode 3230, mean 100-episode return -79.49 +-65.91, returns -78.994 -27.8656 -90.7374 -145.423 -70.0957 -47.4987 -47.5593 -129.822 -17.2054 -121.714
Episode 3240, mean 100-episode return -77.47 +-61.83, returns -44.402 -32.9992 -102.983 -62.5694 -85.0967 -61.8544 -74.0321 -50.5873 -100.658 -104.164
Episode 3250, mean 100-episode return -73.14 +-56.39, returns -77.1938 -56.7351 -55.6305 -40.7684 -1.55858 -30.0557 -93.0838 -53.0969 -51.6803 -73.8307
Episode 3260, mean 100-episode return -69.21 +-53.35, returns -59.1707 -30.4236 -31.1684 -53.9085 -27.6329 -40.2471 -14.1736 -68.0089 -68.9101 -35.9299
Episode 3270, mean 100-episode return -64.70 +-51.01, returns -35.537 -65.1675 -36.5262 -66.6572 -78.6595 -43.5503 -34.8085 -47.962 -36.2949 -19.3216
Episode 3280, mean 100-episode return -60.51 +-51.62, returns -44.4857 -14.8165 -21.3318 -41.5552 -31.348 -12.7279 -57.1026 -2.01364 -41.2451 -41.97
Episode 3290, mean 100-episode return -57.32 +-48.53, returns -77.9058 -42.8105 -3.58283 -44.5038 -34.2037 -29.5594 -33.0448 -40.1147 -40.7644 -142.638
Episode 3300, mean 100-episode return -58.94 +-53.30, returns -80.644 -28.7127 -106.616 81.0146 -168.284 -51.4983 -170.782 -36.6857 -53.5089 -208.847
Episode 3310, mean 100-episode return -58.35 +-47.64, returns -26.1053 -11.357 -56.8773 -58.9294 -76.5726 -85.4484 11.143 -59.7941 -59.7231 -90.4624
Episode 3320, mean 100-episode return -57.81 +-43.90, returns -5.93061 -86.3268 -151.857 -12.6397 -90.5654 -119.693 -188.369 -55.8911 14.3497 -23.965
Episode 3330, mean 100-episode return -56.36 +-44.14, returns -104.078 -138.732 -15.6547 -21.4813 -36.3367 -27.1212 -156.656 -43.4074 -54.865 -33.8079
Episode 3340, mean 100-episode return -54.71 +-44.97, returns -40.7039 -17.8041 -93.2177 -101.509 -68.6435 -16.4478 -75.9428 -67.3413 26.1241 -98.8664
Episode 3350, mean 100-episode return -56.14 +-48.20, returns -95.3277 -67.4905 2.44568 -79.8541 -166.836 -156.281 9.72472 0.0180651 -46.2055 -76.0079
Episode 3360, mean 100-episode return -54.93 +-50.15, returns 2.60332 -21.4371 -50.2195 -116.551 -53.8157 -63.1171 -35.7365 44.6502 8.94 -24.3858
Episode 3370, mean 100-episode return -57.22 +-52.11, returns 3.85239 -91.7918 -131.042 -64.7767 -98.9527 21.3808 -48.9049 -91.8193 -119.017 -72.0416
Episode 3380, mean 100-episode return -61.89 +-60.25, returns -138.922 -67.4463 -166.751 10.9893 12.2081 -198.285 -47.5377 -122.427 -185.455 128.26
Episode 3390, mean 100-episode return -64.69 +-59.93, returns -80.1092 -87.674 -37.7284 -78.1624 -97.1452 -110.924 -51.9576 -19.17 -118.198 -88.5732
Episode 3400, mean 100-episode return -60.66 +-56.31, returns -8.04775 -99.4265 -71.4077 -72.0006 -125.92 26.742 -21.8853 4.83791 3.41724 -57.6749
Episode 3410, mean 100-episode return -50.37 +-74.44, returns -63.2963 198.62 7.1303 -3.78748 176.326 -38.8231 -107.423 -28.8057 202.21 172.131
Episode 3420, mean 100-episode return -31.80 +-94.15, returns 212.232 175.476 214.114 -19.6812 82.9069 -18.9723 191.561 225.185 -125.74 199.425
Episode 3430, mean 100-episode return -18.27 +-102.64, returns -65.3743 192.842 -1.50279 -34.2976 -7.67284 79.9029 206.252 -16.4689 224.857 142.653
Episode 3440, mean 100-episode return -7.42 +-108.02, returns 195.165 -57.5817 173.59 -83.3396 173.986 -18.954 140.211 30.475 -44.2453 21.2654
Episode 3450, mean 100-episode return 9.42 +-112.57, returns 168.571 135.826 -33.1657 26.2717 183.75 184.24 149.269 -52.8124 201.636 44.2491
Episode 3460, mean 100-episode return 25.91 +-120.14, returns 134.19 250.283 203.209 65.2263 208.83 -21.4343 -19.25 201.613 169.952 147.31
Episode 3470, mean 100-episode return 30.42 +-117.88, returns -27.7388 -59.6803 -12.9965 -55.0668 -96.7695 -49.3317 -14.5831 140.698 -43.3545 -23.0857
Episode 3480, mean 100-episode return 51.30 +-116.79, returns 40.332 264.462 -12.3167 182.882 206.845 -0.224804 246.232 -47.0537 230.633 200.853
Episode 3490, mean 100-episode return 66.97 +-113.93, returns -30.7626 17.3187 261.6 16.9349 255.438 -31.0126 45.3124 218.924 3.76921 39.7553
Episode 3500, mean 100-episode return 91.66 +-116.48, returns 221.948 218.422 241.039 138.762 241.75 253.052 -27.9317 237.386 266.415 256.97
Episode 3510, mean 100-episode return 99.07 +-115.83, returns -46.6811 114.444 224.601 233.464 13.3107 243.068 -41.0103 233.489 69.4562 211.455
Episode 3520, mean 100-episode return 105.33 +-115.04, returns 136.88 260.203 118.33 123.715 233.492 215.513 -28.5435 236.66 226.549 239.134
Episode 3530, mean 100-episode return 116.30 +-116.79, returns 266.571 193.094 244.402 -66.875 57.5029 239.23 257.452 267.248 105.675 254.118
Episode 3540, mean 100-episode return 128.29 +-116.58, returns 51.7212 265.683 3.71104 253.461 275.899 256.17 224.896 -14.3205 257.847 154.277
Episode 3550, mean 100-episode return 135.38 +-117.90, returns 243.551 274.523 251.726 208.544 161.465 -47.8263 18.8052 125.314 225.685 255.664
Episode 3560, mean 100-episode return 142.51 +-118.80, returns 244.073 249.169 233.521 246.608 230.86 261.093 227.571 -3.05347 231.514 131.496
Episode 3570, mean 100-episode return 163.86 +-108.95, returns 140.461 24.2453 -42.5694 245.91 277.155 261.23 228.22 264.399 240.786 252.359
Episode 3580, mean 100-episode return 172.61 +-103.75, returns 222.26 238.745 228.816 218.648 216.659 241.805 250.425 228.418 208.119 134.092
Episode 3590, mean 100-episode return 170.23 +-103.21, returns 170.294 153.826 16.7127 25.0522 -6.79544 -13.6618 -2.82415 17.8353 202.596 -3.41484
Episode 3600, mean 100-episode return 165.35 +-104.45, returns 169.623 255.846 266.076 44.8246 308.169 55.1037 119.856 265.607 34.6061 39.8668
Episode 3610, mean 100-episode return 174.83 +-101.49, returns 261.73 270.101 265.3 57.8382 226.003 73.8152 269.841 261.428 257.051 260.353
Episode 3620, mean 100-episode return 176.99 +-101.96, returns 138.794 287.331 -20.9083 267.494 187.887 251.988 265.287 220.027 145.234 234.622
Episode 3630, mean 100-episode return 178.89 +-100.80, returns 242.382 281.957 43.2702 264.753 249.125 129.242 22.3165 247.414 281.353 246.752
Episode 3640, mean 100-episode return 177.54 +-100.59, returns 239.221 207.153 33.1523 249.381 211.955 249.047 158.061 -14.1956 -8.4062 268.84
Episode 3650, mean 100-episode return 178.10 +-99.09, returns 251.567 23.5966 197.522 132.239 235.81 27.0106 140.812 235.48 267.003 263.061
Episode 3660, mean 100-episode return 180.94 +-97.81, returns 240.544 230.905 248.511 216.741 240 255.295 272.223 226.553 263.564 142.175
Episode 3670, mean 100-episode return 187.32 +-94.70, returns 295.783 197.574 247.725 236.796 275.586 263.255 241.314 262.948 264.675 244.101
Episode 3680, mean 100-episode return 188.15 +-97.39, returns 6.09414 263.097 239.055 249.45 239.417 248.769 247.363 259.429 274.543 243.741
Episode 3690, mean 100-episode return 205.34 +-84.51, returns 188.16 218.718 221.183 139.447 251.705 232.873 286.92 205.286 248.975 285.872
Episode 3700, mean 100-episode return 211.06 +-80.52, returns 255.42 263.701 258.286 250.375 27.9719 257.339 234.679 252.976 64.946 265.916
Episode 3710, mean 100-episode return 214.95 +-78.25, returns 248.034 269.95 271.871 253.205 273.057 222.808 244.597 235.877 282.633 290.303
Episode 3720, mean 100-episode return 220.48 +-73.93, returns 231.084 246.354 243.093 243.271 242.787 280.11 262.197 273.162 246.656 261.928
Episode 3730, mean 100-episode return 221.57 +-75.72, returns 252.534 248.116 258.596 283.561 -13.0469 285.326 303.193 244.022 10.6535 245.255
Episode 3740, mean 100-episode return 227.03 +-68.22, returns 276.044 252.57 260.919 245.038 156.382 275.771 223.258 54.3026 146.915 248.862
Episode 3750, mean 100-episode return 230.67 +-65.70, returns 259.171 181.254 179.487 269.508 233.68 247.492 272.836 241.514 -14.4057 266.751
Episode 3760, mean 100-episode return 231.22 +-66.15, returns 219.591 256.771 274.622 257.376 216.352 262.921 265.692 254.665 257.394 126.779
Episode 3770, mean 100-episode return 226.01 +-71.34, returns 61.0431 53.2415 167.817 298.449 235.417 230.161 307.046 219.085 148.775 287.253
Episode 3780, mean 100-episode return 227.97 +-70.49, returns 273.441 277.507 254.919 261.848 290.772 254.439 247.004 277.032 62.0463 268.386
Episode 3790, mean 100-episode return 223.95 +-78.57, returns 279.439 279.625 253.555 9.5671 44.905 279.86 242.24 242.624 240.007 5.41003
Episode 3800, mean 100-episode return 228.25 +-74.97, returns 235.342 263.717 295.631 307.824 237.567 216.45 273.242 220.882 258.046 252.209
Episode 3810, mean 100-episode return 224.21 +-78.42, returns 241.128 46.1267 70.3663 270.816 286.307 268.026 280.585 233.435 245.874 246.175
Episode 3820, mean 100-episode return 215.64 +-87.20, returns 27.1227 239.082 248.014 266.857 47.5136 -3.62975 43.4021 275.587 265.165 264.747
Episode 3830, mean 100-episode return 211.54 +-88.84, returns 261.077 244.37 13.4629 -6.30683 244.749 -9.00734 223.012 261.777 251.433 223.17
Episode 3840, mean 100-episode return 213.43 +-89.58, returns 284.179 247.62 12.9977 265.31 254.049 226.07 270.055 260.092 246.311 262.947
Episode 3850, mean 100-episode return 213.51 +-89.21, returns 259.313 246.303 261.993 250.196 243.291 267.066 275.277 211.086 104.481 25.9222
Episode 3860, mean 100-episode return 208.12 +-94.97, returns 264.167 248.591 260.97 43.9501 267.027 252.961 246.835 -28.0915 34.9978 261.371
Episode 3870, mean 100-episode return 210.34 +-92.05, returns 208.504 139.451 255.63 260.395 145.895 268.713 251.641 234.31 256.991 209.136
Episode 3880, mean 100-episode return 205.42 +-96.17, returns 253.371 298.619 -22.5026 217.585 235.473 244.708 219.955 275.772 -29.2475 282.178
Episode 3890, mean 100-episode return 199.63 +-99.55, returns 240.3 40.0829 -2.13633 197.171 30.3086 219.699 0.872428 262.111 302.206 6.84568
Episode 3900, mean 100-episode return 181.95 +-109.92, returns -30.5094 -28.3455 -41.6121 262.252 116.506 271.935 207.828 -2.22952 56.6068 -19.7355
Episode 3910, mean 100-episode return 174.19 +-113.26, returns -62.3125 240.012 214.898 241.347 218.736 -17.1188 130.301 -28.1923 238.641 237.02
Episode 3920, mean 100-episode return 166.69 +-115.91, returns 204.552 -27.6491 -48.2569 -21.4694 194.388 214.684 -46.6983 160.647 235.798 57.7115
Episode 3930, mean 100-episode return 162.34 +-116.10, returns 170.18 -26.1838 152.286 165.633 213.614 -56.8891 233.987 232.017 -18.2438 206.17
Episode 3940, mean 100-episode return 152.78 +-116.60, returns 85.3412 194.909 -43.8458 194.852 36.8508 223.333 -27.4138 286.309 198.064 225.749
Episode 3950, mean 100-episode return 138.35 +-120.22, returns -9.62322 238.255 210.518 -29.0777 -21.1243 207.822 -60.2924 190.605 -36.6099 10.8206
Episode 3960, mean 100-episode return 122.08 +-122.12, returns 202.339 0.904076 -33.2091 -8.10601 196.079 1.96949 -26.2829 -91.3084 -28.7338 12.4216
Episode 3970, mean 100-episode return 105.72 +-124.42, returns 249.514 233.706 -46.1849 171.505 -43.9954 -63.4087 205.831 -21.608 -48.7319 -42.0287
Episode 3980, mean 100-episode return 99.74 +-119.56, returns 176.723 205.212 211.239 200.979 -8.57168 194.449 -52.6994 185.412 56.2456 208.652
Episode 3990, mean 100-episode return 91.29 +-120.00, returns -50.2789 3.47232 -100.813 -46.22 27.7341 199.893 168.351 -102.205 179.49 173.078
Episode 4000, mean 100-episode return 81.85 +-120.98, returns 19.4158 -54.529 154.784 -106.656 -48.3843 92.257 -37.6977 -30.8658 -120.939 -18.1526
Episode 4010, mean 100-episode return 72.77 +-118.41, returns -10.9389 17.9959 157.711 -110.766 179.47 147.455 146.002 129.904 -45.5607 -106.229
Episode 4020, mean 100-episode return 65.88 +-118.49, returns -110.884 -78.9006 -51.0225 150.412 122.264 -27.0467 123.755 153.647 83.9868 -130.988
Episode 4030, mean 100-episode return 62.59 +-117.25, returns -52.3543 209.529 -110.756 64.6829 198.063 180.997 144.214 -16.3763 167.796 157.053
Episode 4040, mean 100-episode return 46.81 +-112.99, returns 130.042 -27.1839 -96.658 -40.2002 -33.4198 6.64999 11.9986 -41.0779 -39.8172 -73.7446
Episode 4050, mean 100-episode return 36.57 +-109.72, returns -40.5168 -17.9556 -36.5143 -69.6389 72.9331 -12.9286 -95.6795 -53.5688 -55.0025 -13.8732
Episode 4060, mean 100-episode return 25.01 +-113.14, returns -46.9951 -83.883 -138.07 -107.94 -123.499 -85.6222 -122.353 -52.5516 -61.2354 -107.984
Episode 4070, mean 100-episode return 11.59 +-109.36, returns -76.7286 -94.6263 -69.3097 -65.2398 -64.0438 -87.1066 -158.804 -36.5782 -19.3112 -74.9766
Episode 4080, mean 100-episode return 0.30 +-103.01, returns -8.4225 -134.213 -25.5441 -31.927 137.745 -45.4643 -57.9763 51.4253 279.489 82.7177
Episode 4090, mean 100-episode return -10.74 +-99.60, returns 99.3465 -43.5406 -63.4224 -176.491 -159.451 -60.4989 -36.8028 -136.557 -48.089 -25.7638
Episode 4100, mean 100-episode return -4.70 +-106.09, returns 39.4565 155.906 -117.348 177.088 -106.273 123.472 287.227 -37.3313 -94.6385 25.3889
Episode 4110, mean 100-episode return -3.65 +-108.94, returns 23.9925 204.003 244.299 175.916 -114.379 187.69 6.90414 -145.464 33.1229 -6.11996
Episode 4120, mean 100-episode return -5.15 +-110.93, returns -69.3224 -69.1076 -40.8475 -4.69391 -64.1175 -49.0662 -67.509 -77.6748 259.802 268.025
Episode 4130, mean 100-episode return -19.61 +-103.09, returns 46.1899 -82.3009 -34.8505 -72.4485 -93.5316 92.6403 -27.2058 -89.7672 -64.7296 -176.949
Episode 4140, mean 100-episode return -27.16 +-106.51, returns -253.868 -34.1924 -49.2279 -116.454 -20.0616 -34.7167 -140.657 -173.199 -109.078 -27.1682
Episode 4150, mean 100-episode return -36.08 +-110.88, returns -97.9464 -122.517 -78.5606 -126.553 -127.137 -211.385 -25.959 -224.383 -72.7791 -126.835
Episode 4160, mean 100-episode return -39.07 +-113.59, returns -105.812 -123.992 -102.341 -121.727 -147.858 -203.042 -67.1408 -28.8846 -115.149 -213.715
Episode 4170, mean 100-episode return -38.41 +-120.19, returns -117.016 257.861 -178.874 -213.231 20.3897 -171.764 -79.693 16.6715 -110.909 -104.114
Episode 4180, mean 100-episode return -48.53 +-114.52, returns -100.77 -116.539 -46.3921 -58.6269 -73.8112 -11.7822 -18.9289 -103.145 -198.737 -35.9
Episode 4190, mean 100-episode return -47.62 +-114.52, returns -61.4715 -70.3191 -96.8846 168.548 -105.3 -93.4238 -102.285 -68.437 -60.5691 -70.0546
Episode 4200, mean 100-episode return -53.04 +-109.51, returns -70.2504 -68.3722 -6.62898 -72.6181 -129.559 234.775 -57.5617 -64.9468 -45.7667 192.306
Episode 4210, mean 100-episode return -59.43 +-102.85, returns 142.899 -13.9957 -70.968 -67.169 -51.2167 -83.6696 288.263 -76.6659 -32.3119 -63.7391
Episode 4220, mean 100-episode return -62.62 +-95.36, returns 179.232 -41.141 -36.7742 -85.8451 3.90948 -81.9147 -45.9832 -17.4952 -35.1427 -72.7954
Episode 4230, mean 100-episode return -54.63 +-102.72, returns 84.5417 292.372 157.019 -59.9724 -50.9225 -43.1697 -9.99184 -38.7135 9.85449 -45.5088
Episode 4240, mean 100-episode return -41.43 +-105.84, returns 36.3226 41.0461 2.3566 -55.6071 -38.8782 146.425 233.484 -8.43168 14.8928 -9.77926
Episode 4250, mean 100-episode return -18.81 +-114.19, returns 208.909 74.1261 224.397 164.382 -74.4962 67.3604 226.239 196.692 -26.0205 -13.493
Episode 4260, mean 100-episode return 13.23 +-126.33, returns 202.278 214.065 250.586 200.825 273.503 -32.2593 230.519 214.811 214.914 205.364
Episode 4270, mean 100-episode return 26.44 +-123.98, returns -12.7753 -54.9248 215.061 -58.7681 -38.8831 243.96 -76.652 188.292 -1.81673 236.104
Episode 4280, mean 100-episode return 51.75 +-127.45, returns 156.343 268.501 239.398 -17.0857 109.115 202.965 199.063 171.549 212.173 224.555
Episode 4290, mean 100-episode return 79.36 +-129.86, returns 275.095 218.129 264.729 93.0422 278.281 268.816 198.804 205.724 225.178 173.364
Episode 4300, mean 100-episode return 102.09 +-127.61, returns 176.989 260.342 182.929 192.522 241.332 223.956 172.639 227.023 267.161 238.838
Episode 4310, mean 100-episode return 104.61 +-122.12, returns -17.0725 10.8129 19.8425 -13.1367 30.3494 35.0071 -43.9235 -23.9581 207.15 18.2801
Episode 4320, mean 100-episode return 112.36 +-119.09, returns 5.96981 50.32 -42.7308 40.0673 21.5233 278.271 245.818 -88.0389 33.0628 -2.93103
Episode 4330, mean 100-episode return 114.30 +-120.05, returns -83.2479 -29.3592 202.295 235.324 -25.5112 -15.5664 286.703 -22.7291 -87.1859 28.7991
Episode 4340, mean 100-episode return 114.31 +-119.86, returns -72.1273 -45.2075 17.8783 191.585 89.7284 49.3134 -58.9853 13.5737 36.688 140.498
Episode 4350, mean 100-episode return 120.73 +-120.62, returns 177.937 206.64 -4.45988 207.928 241.28 223.239 219.87 208.155 -64.9029 274.023
Episode 4360, mean 100-episode return 114.59 +-119.71, returns 152.923 277.571 -55.7163 195.771 6.36677 174.95 177.285 213.115 192.601 26.4448
Episode 4370, mean 100-episode return 122.97 +-116.21, returns 206.435 246.712 199.761 206.499 -19.6393 0.96484 217.238 190.642 239.273 -10.5302
Episode 4380, mean 100-episode return 115.23 +-118.51, returns 228.082 -17.8145 238.707 199.754 195.028 -36.0595 13.9422 -29.9312 226.46 -25.2156
Episode 4390, mean 100-episode return 106.77 +-117.64, returns -7.14009 200.639 249.544 10.3509 200.631 -23.1446 28.5813 230.239 244.87 220.377
Episode 4400, mean 100-episode return 91.97 +-117.41, returns -52.1058 -25.0027 182.994 15.2414 -13.3091 201.605 -27.0743 255.07 207.199 -40.9956
Episode 4410, mean 100-episode return 93.89 +-119.80, returns 232.359 -70.2186 177.701 211.271 -48.7109 -14.5897 -34.3773 18.0775 -41.7109 -14.0753
Episode 4420, mean 100-episode return 107.54 +-120.59, returns 191.73 61.8451 233.997 263.02 230.095 231.619 251.643 -25.2591 195.939 271.279
Episode 4430, mean 100-episode return 110.78 +-121.07, returns -75.4755 165.262 259.692 -4.22502 262.48 199.04 -81.0221 -78.6453 230.107 -63.3034
Episode 4440, mean 100-episode return 110.23 +-124.61, returns 249.041 197.272 -27.7164 -61.7306 -28.2968 -39.8689 -61.1683 189.967 -40.7498 -69.2335
Episode 4450, mean 100-episode return 102.27 +-125.00, returns -26.8089 219.759 231.006 240.932 -33.9286 -43.5344 179.65 -50.4831 -19.0416 196.404
Episode 4460, mean 100-episode return 97.84 +-125.61, returns 90.6631 -24.7879 11.232 229.443 200.712 -37.6481 -28.7164 235.05 232.84 9.62242
Episode 4470, mean 100-episode return 93.30 +-124.36, returns 110.843 209.943 212.422 -73.4125 -44.1862 149.553 191.05 136.083 150.641 -20.0923
Episode 4480, mean 100-episode return 87.94 +-123.39, returns 155.522 -22.1376 13.0596 -82.6225 30.1812 10.5476 -69.7202 195.315 211.162 16.1597
Episode 4490, mean 100-episode return 85.98 +-121.09, returns 242.891 173.613 201.401 15.4622 214.014 122.242 -2.96414 155.17 18.1114 18.734
Episode 4500, mean 100-episode return 91.38 +-119.53, returns 192.425 -21.5948 175.569 153.983 180.731 203.365 -20.7437 198.542 -18.9963 200.505
Episode 4510, mean 100-episode return 96.36 +-115.85, returns 28.945 143.539 108.721 116.63 167.57 186.574 9.39988 192.682 -12.2164 -28.4615
Episode 4520, mean 100-episode return 76.58 +-113.34, returns 14.1973 9.83381 8.94956 -52.2071 175.809 -3.27455 -39.4344 -48.6191 -56.8234 -80.2832
Episode 4530, mean 100-episode return 70.58 +-109.73, returns 186.723 -83.1145 -22.2642 -4.57656 -16.1051 -91.5765 -45.4785 -40.6714 151.89 179.448
Episode 4540, mean 100-episode return 73.17 +-106.41, returns 8.56033 222.631 10.4232 208.827 154.938 0.621237 -44.4352 8.55904 -9.30113 5.37618
Episode 4550, mean 100-episode return 68.57 +-104.27, returns 203.975 -57.5499 -4.28234 -26.5843 -54.0722 192.417 200.338 -28.812 -7.7449 15.9347
Episode 4560, mean 100-episode return 70.99 +-105.59, returns 197.492 -23.2195 234.516 186.73 -4.6719 214.611 -41.6503 234.919 -41.0616 202.661
Episode 4570, mean 100-episode return 62.29 +-104.73, returns -54.238 10.4801 -50.3157 8.61761 -40.0492 -52.1365 22.037 -45.2417 169.549 184.396
Episode 4580, mean 100-episode return 67.83 +-105.75, returns 168.554 174.947 -50.0813 -31.9816 18.8005 186.832 10.2844 292.14 149.626 91.9377
Episode 4590, mean 100-episode return 68.96 +-107.30, returns 160.438 173.484 195.211 -12.419 135.04 0.0120462 175.061 300.711 -28.1697 172.322
Episode 4600, mean 100-episode return 71.44 +-112.75, returns 221.596 -28.4469 275.622 -14.069 179.584 -89.4186 197.763 298.734 176.035 275.106
Episode 4610, mean 100-episode return 75.78 +-119.85, returns -35.3509 -11.6195 212.609 0.858855 283.973 278.002 221.166 -68.411 304.589 161.574
Episode 4620, mean 100-episode return 85.75 +-120.92, returns 262.374 9.07735 154.151 105.143 257.495 14.7528 16.0627 -100.927 230.38 -23.6964
Episode 4630, mean 100-episode return 91.76 +-120.08, returns -50.8907 56.4672 -37.9469 165.958 -67.6946 118.439 300.138 53.1328 62.469 215.201
Episode 4640, mean 100-episode return 102.07 +-122.06, returns 274.53 160.546 176.159 -50.3594 -12.7472 175.276 206.681 181.878 306.24 179.256
Episode 4650, mean 100-episode return 106.95 +-124.85, returns 194.473 298.28 180.945 -55.665 -151.934 -50.2381 -35.8603 229.328 214.334 97.5098
Episode 4660, mean 100-episode return 111.91 +-125.89, returns 184.445 305.086 140.432 171.075 -37.4087 131.271 246.739 286.588 265.937 -37.9131
Episode 4670, mean 100-episode return 133.92 +-124.34, returns 167.713 161.716 245.578 188.279 275.981 220.359 247.103 301.595 243.493 302.456
Episode 4680, mean 100-episode return 138.96 +-121.19, returns 126.373 205.707 20.0804 127.537 167.44 157.826 161.014 207.199 268.306 73.5353
Episode 4690, mean 100-episode return 143.77 +-120.84, returns 267.41 117.834 45.4385 180.607 270.799 131.221 238.95 6.84758 278.524 215.142
Episode 4700, mean 100-episode return 140.75 +-118.42, returns 193.759 -16.4932 276.811 176.374 -5.09645 167.966 208.674 -30.1233 196.699 22.1708
Episode 4710, mean 100-episode return 146.69 +-115.08, returns 16.2027 252.787 235.776 206.129 290.372 267.216 4.27246 238.209 178.384 251.388
Episode 4720, mean 100-episode return 157.44 +-111.34, returns 94.3784 165.29 -9.37909 241.701 262.796 257.746 253.371 249.648 277.579 206.878
Episode 4730, mean 100-episode return 165.79 +-110.18, returns 263.491 -26.4292 186.517 292.415 289.916 -42.0141 208.671 238.929 252.095 -13.3551
Episode 4740, mean 100-episode return 159.22 +-110.57, returns -4.4581 -29.5821 16.3609 158.433 209.103 119.921 -7.67732 188.6 159.042 130.595
Episode 4750, mean 100-episode return 167.04 +-105.36, returns -12.4011 -31.747 251.416 249.902 5.39971 294.732 279.97 236.185 208.259 221.496
Episode 4760, mean 100-episode return 170.42 +-101.71, returns 10.6718 225.018 221.264 198.229 234.57 242.744 211.572 138.326 240.755 271.413
Episode 4770, mean 100-episode return 160.55 +-109.82, returns 140.675 242.357 211.394 237.31 245.707 156.189 -49.6717 159.821 -243.043 266.272
Episode 4780, mean 100-episode return 159.27 +-111.44, returns 148.086 180.339 191.165 222.103 -52.7319 251.063 129.23 15.3068 160.956 141.564
Episode 4790, mean 100-episode return 154.05 +-116.46, returns -67.7387 226.448 -48.4095 113.66 274.384 237.914 298.024 159.845 129.204 -92.3023
Episode 4800, mean 100-episode return 151.43 +-119.20, returns 176.786 152.078 267.394 212.24 167.524 -79.0014 -112.325 94.9952 -58.9654 108.461
Episode 4810, mean 100-episode return 149.05 +-119.10, returns 138.441 209.99 77.2015 185.715 272.966 286.464 176.652 166.549 265.249 -77.3462
Episode 4820, mean 100-episode return 140.09 +-124.12, returns -4.99843 105.624 268.227 298.506 -94.3206 -40.1588 241.912 278.082 125.718 -74.056
Episode 4830, mean 100-episode return 140.15 +-124.18, returns 254.777 244.384 -51.191 256.842 285.428 240.63 196.219 60.1551 -80.9921 250.003
Episode 4840, mean 100-episode return 135.65 +-128.77, returns -57.4203 -39.7745 -51.5998 130.489 141.77 156.775 -67.2423 230.914 137.365 -91.0918
Episode 4850, mean 100-episode return 124.95 +-135.19, returns -97.572 -127.549 -50.8181 56.5944 256.993 -105.315 282.487 257.811 -97.2732 257.814
Episode 4860, mean 100-episode return 115.59 +-141.86, returns 138.247 -129.476 268.615 -173.425 -53.9791 280.211 280.162 222.073 -19.5248 246.182
Episode 4870, mean 100-episode return 109.29 +-141.25, returns -47.7201 -42.1169 245.511 255.086 174.66 -65.9712 268.502 -79.6613 -85.6068 113.937
Episode 4880, mean 100-episode return 102.57 +-143.06, returns -53.9689 242.737 -43.9064 28.2803 94.1315 0.350958 192.616 -72.7484 230.068 97.1994
Episode 4890, mean 100-episode return 104.48 +-141.83, returns 243.259 -11.3769 -65.2147 -13.3146 266.777 163.883 265.543 160.582 251.855 160.174
Episode 4900, mean 100-episode return 116.90 +-141.00, returns 254.461 234.782 176.471 208.066 241.796 210.749 263.165 265.177 100.917 215.727
Episode 4910, mean 100-episode return 122.21 +-140.58, returns 145.737 236.189 180.947 231.999 211.322 260.454 256.602 252.156 210.129 247.554
Episode 4920, mean 100-episode return 133.58 +-136.15, returns 246.244 237.725 207.755 240.95 185.411 216.527 183.13 251.29 238.526 233.748
Episode 4930, mean 100-episode return 135.47 +-130.94, returns 266.476 157.48 133.704 170.358 193.938 148.207 166.819 191.243 178.199 239.141
Episode 4940, mean 100-episode return 148.64 +-124.40, returns 188.803 242.74 148.143 159.71 213.389 212.462 182.848 156.255 39.0172 263.385
Episode 4950, mean 100-episode return 163.67 +-110.62, returns 111.412 278.194 225.15 244.31 235.006 192.109 213.219 163.731 236.632 236.286
Episode 4960, mean 100-episode return 171.96 +-95.72, returns 246.52 206.719 109.661 250.864 147.223 226.55 168.059 132.26 229.37 171.545
Episode 4970, mean 100-episode return 185.49 +-79.75, returns 225.362 205.255 235.754 277.537 125.146 227.302 253.905 92.0897 241.992 205.249
Episode 4980, mean 100-episode return 199.74 +-62.77, returns 244.597 236.348 238.827 241.152 252.597 263.103 208.363 126.495 101.231 226.386
Episode 4990, mean 100-episode return 206.46 +-48.41, returns 219.729 242.39 120.221 206.309 122.879 253.093 204.662 247.291 248.109 229.871
Episode 5000, mean 100-episode return 203.90 +-48.34, returns 201.785 243.007 143.474 231.551 132.572 216.521 227.947 123.169 242.467 152.233
Episode 5010, mean 100-episode return 203.19 +-49.50, returns 234.622 154.944 246.009 279.637 143.175 253.811 128.431 219.875 250.05 251.818
Episode 5020, mean 100-episode return 202.23 +-50.29, returns 237.434 244.204 240.137 224.085 110.351 242.521 250.059 221.664 183.818 191.41
Episode 5030, mean 100-episode return 208.76 +-50.78, returns 273.302 257.416 231.684 240.524 237.334 272.203 222.424 252.656 222.353 288.6
Episode 5040, mean 100-episode return 212.97 +-47.90, returns 260.899 227.475 220.336 245.658 119.082 207.092 224.288 232.178 256.114 234.413
Episode 5050, mean 100-episode return 214.44 +-48.35, returns 274.774 140.722 249.25 256.001 132.427 244.923 237.614 234.238 263.793 249.426
Episode 5060, mean 100-episode return 217.73 +-45.98, returns 226.141 227.834 240.533 146.642 219.715 224.479 215.237 236.888 231.244 249.219
Episode 5070, mean 100-episode return 220.27 +-44.70, returns 269.307 224.095 233.969 258.215 272.102 121.367 261.683 233.881 239.222 229.17
Episode 5080, mean 100-episode return 221.17 +-46.37, returns 255.283 31.5837 244.368 241.184 277.471 233.968 219.159 248.776 247.18 230.145
Episode 5090, mean 100-episode return 223.75 +-44.83, returns 233.7 261.935 257.112 268.475 237.295 160.525 230.63 234.292 234.105 234.826
Episode 5100, mean 100-episode return 228.86 +-43.46, returns 255.65 219.337 125.988 287.511 235.642 267.099 273.247 256.478 252.081 252.732
Episode 5110, mean 100-episode return 231.71 +-42.14, returns 235.164 262.623 280.015 144.879 229.795 271.547 242.506 231.628 274.67 274.226
Episode 5120, mean 100-episode return 230.59 +-44.55, returns 173.851 149.94 262.41 113.417 256.442 247.476 174.37 137.057 238.947 280.351
Episode 5130, mean 100-episode return 228.63 +-46.01, returns 137.718 257.846 258.168 243.723 244.881 261.955 269.677 260.124 228.288 140.365
Episode 5140, mean 100-episode return 228.96 +-47.36, returns 238.859 267.032 283.118 254.545 241.652 257.425 168.253 269.6 136.352 143.537
Episode 5150, mean 100-episode return 229.31 +-48.26, returns 259.76 158.07 270.515 143.099 266.598 141.446 280.414 258.319 274.926 264.216
Episode 5160, mean 100-episode return 230.97 +-49.23, returns 252.733 261.837 259.413 269.132 277.731 170.199 236.695 152.418 236.269 268.089
Episode 5170, mean 100-episode return 227.17 +-57.11, returns 275.593 229.202 264.145 253.016 125.423 28.8049 247.668 19.6513 253.436 265.913
Episode 5180, mean 100-episode return 223.16 +-61.36, returns 259.782 154.554 156.636 262.543 33.0647 277.561 157.912 36.0875 254.659 235.852
Episode 5190, mean 100-episode return 224.76 +-62.64, returns 268.584 257.694 262.047 244.898 279.774 267.664 250.73 283.885 129.524 267.452
Episode 5200, mean 100-episode return 219.25 +-67.81, returns 211.534 2.12079 191.739 248.782 31.5269 258.661 208.675 262.425 242.848 216.661
Episode 5210, mean 100-episode return 219.02 +-66.95, returns 257.9 238.127 224.047 289.45 243.728 223.759 220.499 235.714 232.277 258.536
Episode 5220, mean 100-episode return 220.65 +-65.17, returns 264.574 252.289 217.161 264.225 223.373 225.937 179.029 151.819 212.968 206.016
Episode 5230, mean 100-episode return 218.40 +-66.33, returns 233.678 236.334 151.261 225.961 170.1 221.024 58.8416 254.735 269.317 255.858
Episode 5240, mean 100-episode return 219.40 +-66.68, returns 239.276 236.823 287.506 261.733 268.337 239.536 126.827 275.823 285.038 140.398
Episode 5250, mean 100-episode return 217.93 +-69.75, returns 152.266 242.368 270.602 250.416 249.859 -21.473 259.811 279.29 226.461 259.846
Episode 5260, mean 100-episode return 212.46 +-75.37, returns -20.913 222.764 220.978 218.163 269.47 146.39 291.422 61.9862 139.892 287.368
Episode 5270, mean 100-episode return 210.24 +-74.84, returns 72.07 279.869 271.587 227.645 154.897 106.064 231.821 243.144 28.8993 124.938
Episode 5280, mean 100-episode return 215.46 +-71.28, returns 243.906 287.142 247.237 248.518 245.369 263.475 244.97 84.0206 234.023 252.866
Episode 5290, mean 100-episode return 209.18 +-71.72, returns 131.871 107.317 244.314 242.103 252.249 251.484 178.077 129.416 225.945 120.823
Episode 5300, mean 100-episode return 209.76 +-67.35, returns 220.817 258.751 152.333 166.81 159.032 148.917 245.63 156.994 165.995 258.286
Episode 5310, mean 100-episode return 204.70 +-71.13, returns 128.128 37.3958 209.479 58.4775 220.878 270.248 231.683 261.982 237.799 261.373
Episode 5320, mean 100-episode return 202.96 +-76.41, returns 243.033 25.1018 135.626 249.891 261.143 259.856 289.738 29.4119 263.856 266.144
Episode 5330, mean 100-episode return 201.18 +-81.94, returns -11.5521 265.892 281.533 124.403 209.932 274.224 276.892 269.22 -14.9318 222.909
Episode 5340, mean 100-episode return 200.61 +-82.80, returns 256.169 239.219 285.974 246.605 248.782 267.392 283.569 193.693 245.342 37.5416
Episode 5350, mean 100-episode return 200.87 +-81.42, returns 251.832 31.5031 237.291 247.833 253.845 256.023 144.033 266.646 238.288 268.5
Episode 5360, mean 100-episode return 207.78 +-76.90, returns 249.025 257.858 274.281 242.397 228.584 229.171 262.941 243.603 255.801 284.561
Episode 5370, mean 100-episode return 210.31 +-77.63, returns -10.0213 268.472 44.7504 241.774 266.114 263.562 242.266 257.788 258.59 160.793
Episode 5380, mean 100-episode return 208.95 +-77.72, returns 275.734 164.005 275.687 261.813 266.747 274.876 133.112 253.656 140.09 170.416
Episode 5390, mean 100-episode return 215.35 +-76.39, returns 273.838 258.873 261.652 246.032 247.53 257.083 276.057 243.142 227.392 231.788
Episode 5400, mean 100-episode return 216.22 +-80.30, returns 274.845 127.102 273.447 260.258 248.329 237.844 226.39 141.412 -29.4349 260.255
Episode 5410, mean 100-episode return 219.87 +-77.16, returns 269.014 140.767 258.032 259.61 136.408 235.915 232.114 229.66 283.22 237.142
Episode 5420, mean 100-episode return 221.83 +-76.03, returns 250.787 251.55 296.916 260.799 260.696 41.2335 239.265 277.688 285.735 55.6097
Episode 5430, mean 100-episode return 226.39 +-67.82, returns 224.297 267.024 283.298 231.327 227.918 246.854 234.014 233.377 132.423 274.316
Episode 5440, mean 100-episode return 224.01 +-67.94, returns 134.771 259.437 269.666 252.94 245.507 243.697 50.8237 147.842 234.704 226.601
Episode 5450, mean 100-episode return 222.65 +-68.48, returns 248.338 275.356 248.466 164.579 246.64 65.3697 258.374 238.782 243.592 70.4329
Episode 5460, mean 100-episode return 221.12 +-68.83, returns 241.186 221.414 134.205 251.668 260.54 250.055 249.911 291.37 240.061 234.474
Episode 5470, mean 100-episode return 227.43 +-64.01, returns 252.581 313.034 274.451 311.722 275.649 257.424 146.236 242.596 253.271 298.406
Episode 5480, mean 100-episode return 230.93 +-62.20, returns 247.243 284.964 264.908 212.674 271.313 265.291 248.647 247.603 243.8 279.236
Episode 5490, mean 100-episode return 228.42 +-65.25, returns 235.743 143.908 261.342 245.322 309.749 256.861 245.436 275.817 61.732 236.367
Episode 5500, mean 100-episode return 230.79 +-60.20, returns 133.636 254.712 230.538 291.956 117.501 236.496 241.262 265.594 250.639 235.857
Episode 5510, mean 100-episode return 233.00 +-60.07, returns 244.532 136.404 260.108 233.988 281.873 286.404 270.524 232.018 279.852 276.988
Episode 5520, mean 100-episode return 235.42 +-55.34, returns 169.439 282.623 279.163 275.925 247.324 243.439 137.982 268.795 281.536 276.334
Episode 5530, mean 100-episode return 236.07 +-55.66, returns 250.63 252.842 300.003 270.495 162.954 159.9 244.151 246.594 280.783 251.299
Episode 5540, mean 100-episode return 237.71 +-54.48, returns 267.666 236.853 246.903 275.207 256.102 228.302 66.9161 250.935 260.728 140.244
Episode 5550, mean 100-episode return 238.65 +-51.24, returns 260.47 168.478 149.417 256.554 241.956 258.866 264.06 145.764 257.678 150.497
Episode 5560, mean 100-episode return 236.12 +-53.66, returns 150.361 252.931 258.114 250.963 270.099 128.59 161.065 130.637 278.784 240.034
Episode 5570, mean 100-episode return 233.57 +-55.31, returns 71.9109 285.74 297.552 265.687 282.732 147.892 247.572 280.251 239.18 251.856
slurmstepd: error: common_file_write_uint32s: write pid 2052529 to /sys/fs/cgroup/cgroup.procs failed: Device or resource busy
slurmstepd: error: Unable to move pid 2052529 to init root cgroup /sys/fs/cgroup
slurmstepd: error: error unlocking cgroup '/sys/fs/cgroup/system.slice/slurmstepd.scope' : Bad file descriptor
