Episode 10, mean 100-episode return -458.45 +-39.53, returns -457.244 -411.336 -385.677 -461.887 -509.003 -500.498 -416.981 -460.934 -489.148 -491.758
Episode 20, mean 100-episode return -433.60 +-98.83, returns -516.716 -224.233 -460.252 -476.5 -478.918 -175.604 -245.444 -518.272 -521.535 -470.143
Episode 30, mean 100-episode return -457.64 +-122.58, returns -621.98 -613.129 -540.997 -612.37 -278.305 -227.018 -351.282 -627.587 -592.211 -592.209
Episode 40, mean 100-episode return -427.51 +-124.46, returns -415.11 -361.394 -371.121 -170.926 -296.73 -441.171 -290.844 -407.996 -268.371 -347.413
Episode 50, mean 100-episode return -369.01 +-172.98, returns -236.479 -183.412 166.384 104.387 -234.648 -163.382 -185.114 -176.293 -250.218 -191.603
Episode 60, mean 100-episode return -360.50 +-160.92, returns -349.055 -386.665 -310.479 -217.298 -396.728 -393.197 -249.42 -322.312 -284.865 -269.164
Episode 70, mean 100-episode return -354.35 +-150.40, returns -290.529 -287.451 -372.675 -315.116 -282.073 -373.24 -284.839 -370.146 -288.023 -310.878
Episode 80, mean 100-episode return -338.49 +-149.06, returns -210.408 -169.959 -314.38 -305.006 -276.2 -178.214 -182.48 -91.9206 -331.174 -215.016
Episode 90, mean 100-episode return -319.89 +-150.75, returns -204.84 -115.736 -160.355 -195.16 -119.677 -111.309 -188.825 -169.389 -192.207 -252.913
Episode 100, mean 100-episode return -308.07 +-147.58, returns -193.063 -252.574 -180.42 -187.242 -151.396 -188.286 -210.251 -222.766 -212.854 -217.847
Episode 110, mean 100-episode return -280.55 +-143.33, returns -211.614 -121.022 -268.718 -234.456 -155.318 -133.984 -116.102 -223.292 -100.192 -267.651
Episode 120, mean 100-episode return -259.05 +-133.28, returns -194.476 -184.613 -135.661 -135.988 -280.357 -193.707 -288.735 -173.765 -187.112 -163.221
Episode 130, mean 100-episode return -228.28 +-96.87, returns -190.55 -126.8 -142.209 -191.004 -141.28 -256.718 -86.4479 -274.421 -279.122 -291.804
Episode 140, mean 100-episode return -211.17 +-88.63, returns -105.743 -188.31 -164.944 -110.403 -209.171 -164.323 -149.803 -135.044 -197.591 -234.855
Episode 150, mean 100-episode return -220.21 +-74.71, returns -182.785 -235.956 -318.436 -146.895 -283.326 -148.876 -234.273 -224.032 -274.184 -205.702
Episode 160, mean 100-episode return -209.04 +-65.24, returns -183.624 -248.903 -181.452 -144.407 -207.303 -239.98 -237.214 -226.321 -195.738 -197.376
Episode 170, mean 100-episode return -196.00 +-55.35, returns -147.108 -225.41 -148.546 -116.823 -226.229 -192.359 -232.819 -162.524 -278.616 -140.134
Episode 180, mean 100-episode return -188.59 +-51.62, returns -152.131 -201.113 -117.595 -91.1466 -139.173 -139.601 -181.063 -144.061 -177.423 -190.676
Episode 190, mean 100-episode return -186.91 +-51.60, returns -129.491 -172.098 -137.222 -120.326 -141.031 -126.326 -127.829 -192.046 -216.238 -179.73
Episode 200, mean 100-episode return -181.03 +-53.53, returns -114.168 -135.355 -125.356 -109.203 -132.286 -199.824 -111.238 -117.773 -217.852 -165.923
Episode 210, mean 100-episode return -180.08 +-53.58, returns -194.982 -227.801 -109.8 -298.205 -81.1438 -230.166 -169.668 -150.833 -144.958 -129.434
Episode 220, mean 100-episode return -175.02 +-52.70, returns -169.953 -132.978 -187.441 -130.572 -152.829 -124.871 -138.782 -171.056 -113.505 -110.019
Episode 230, mean 100-episode return -170.93 +-47.72, returns -140.035 -158.211 -179.093 -137.955 -141.923 -181.296 -161.901 -141.856 -157.944 -171.03
Episode 240, mean 100-episode return -168.12 +-48.02, returns -113.55 -95.8372 -128.964 -178.623 -177.247 -148.939 -98.0195 -174.049 -143.405 -120.025
Episode 250, mean 100-episode return -161.88 +-41.91, returns -206.116 -171.747 -190.223 -177.922 -98.4533 -131.298 -131.416 -149.653 -186.878 -186.768
Episode 260, mean 100-episode return -156.09 +-38.63, returns -133.085 -162.963 -129.288 -170.803 -119.105 -124.217 -137.94 -160.492 -175.301 -170.563
Episode 270, mean 100-episode return -151.31 +-34.86, returns -129.787 -141.3 -164.364 -139.018 -97.3285 -98.1678 -159.078 -158.757 -166.662 -138.206
Episode 280, mean 100-episode return -150.19 +-33.92, returns -155.273 -121.976 -144.809 -171.17 -130.219 -172.486 -147.122 -113.572 -135.308 -129.91
Episode 290, mean 100-episode return -147.41 +-34.15, returns -126.382 -111.734 -124.877 -110.45 -74.2719 -127.681 -179.237 -145.558 -145.728 -118.819
Episode 300, mean 100-episode return -148.64 +-32.79, returns -122.845 -177.86 -144.93 -153.677 -184.34 -185.325 -140.011 -141.681 -139.037 -161.665
Episode 310, mean 100-episode return -147.40 +-26.66, returns -136.818 -118.892 -176.309 -167.274 -141.163 -169.23 -143.645 -161.767 -194.17 -204.412
Episode 320, mean 100-episode return -148.74 +-26.43, returns -185.95 -172.017 -134.559 -149.348 -148.624 -152.279 -142.56 -134.885 -200.748 -144.441
Episode 330, mean 100-episode return -150.29 +-27.66, returns -175.717 -142.951 -181.062 -145.476 -165.745 -208.203 -169.629 -188.443 -152.143 -197.159
Episode 340, mean 100-episode return -154.88 +-28.82, returns -177.337 -209.443 -146.779 -212.177 -205.733 -214.769 -203.986 -133.841 -157.5 -175.925
Episode 350, mean 100-episode return -157.73 +-31.25, returns -207.331 -185.023 -222.942 -247.395 -178.379 -182.22 -196.691 -218.818 -107.327 -169.213
Episode 360, mean 100-episode return -160.60 +-31.84, returns -141.131 -167.938 -200.752 -206.946 -173.013 -193.976 -185.826 -184.968 -189.32 -127.3
Episode 370, mean 100-episode return -162.02 +-31.38, returns -153.656 -139.7 -134.257 -191.401 -129.899 -127.344 -190.639 -176.023 -115.728 -175.446
Episode 380, mean 100-episode return -166.00 +-31.79, returns -198.084 -197.372 -209.523 -194.819 -191.079 -206.82 -196.927 -155.773 -125.838 -144.045
Episode 390, mean 100-episode return -170.50 +-28.45, returns -165.976 -187.77 -142.769 -142.063 -201.041 -166.369 -165.746 -189.53 -195.701 -158.03
Episode 400, mean 100-episode return -171.68 +-28.48, returns -179.722 -140.36 -209.226 -159.212 -178.619 -173.011 -190.149 -115.852 -178.92 -144.409
Episode 410, mean 100-episode return -168.04 +-31.44, returns -145.276 -100.39 -118.745 -166.953 -109.018 -130.058 -145.049 -130.664 -106.549 -96.8692
Episode 420, mean 100-episode return -167.73 +-31.39, returns -144.476 -150.248 -177.212 -170.931 -178.044 -132.511 -145.667 -124.001 -140.107 -171.318
Episode 430, mean 100-episode return -165.51 +-32.53, returns -128.697 -128.134 -188.651 -86.1657 -134.643 -186.169 -180.338 -162.676 -162.345 -145.749
Episode 440, mean 100-episode return -157.93 +-35.61, returns -108.663 -87.1567 -119.821 -138.08 -66.0227 -125.392 -129.896 -120.112 -105.585 -79.6797
Episode 450, mean 100-episode return -151.06 +-34.30, returns -118.289 -90.6779 -134.709 -119.32 -133.341 -100.654 -95.0799 -157.461 -99.2039 -179.668
Episode 460, mean 100-episode return -148.89 +-35.42, returns -262.408 -128.088 -132.148 -169.663 -203.751 -160.07 -140.034 -148.797 -103.253 -105.595
slurmstepd: error: *** JOB 73537 ON gpu-node3 CANCELLED AT 2026-04-01T12:59:35 ***
slurmstepd: error: common_file_write_uint32s: write pid 1978054 to /sys/fs/cgroup/cgroup.procs failed: Device or resource busy
slurmstepd: error: Unable to move pid 1978054 to init root cgroup /sys/fs/cgroup
slurmstepd: error: error unlocking cgroup '/sys/fs/cgroup/system.slice/slurmstepd.scope' : Bad file descriptor
