Thu Apr  2 17:07:39 2026       
+-----------------------------------------------------------------------------------------+
| NVIDIA-SMI 550.54.14              Driver Version: 550.54.14      CUDA Version: 12.4     |
|-----------------------------------------+------------------------+----------------------+
| GPU  Name                 Persistence-M | Bus-Id          Disp.A | Volatile Uncorr. ECC |
| Fan  Temp   Perf          Pwr:Usage/Cap |           Memory-Usage | GPU-Util  Compute M. |
|                                         |                        |               MIG M. |
|=========================================+========================+======================|
|   0  NVIDIA L4                      Off |   00000000:81:00.0 Off |                    0 |
| N/A   32C    P8             15W /   72W |       0MiB /  23034MiB |      0%      Default |
|                                         |                        |                  N/A |
+-----------------------------------------+------------------------+----------------------+
                                                                                         
+-----------------------------------------------------------------------------------------+
| Processes:                                                                              |
|  GPU   GI   CI        PID   Type   Process name                              GPU Memory |
|        ID   ID                                                               Usage      |
|=========================================================================================|
|  No running processes found                                                             |
+-----------------------------------------------------------------------------------------+
Evaluation returns: -1713.9580210852084
Evaluation returns: -1006.4056024268845
Evaluation returns: -949.2929910196841
Evaluation returns: -861.706373759537
Evaluation returns: -771.8447703888812
Evaluation returns: -673.0836813379638
Evaluation returns: -600.79231497751
Evaluation returns: -546.6682293038341
Evaluation returns: -504.87049536303886
Evaluation returns: -467.170709102826
Evaluation returns: -308.8101379640221
Evaluation returns: -290.9117082863987
Evaluation returns: -219.21657433145756
Evaluation returns: -170.02420895784473
Evaluation returns: -139.26759019839037
Evaluation returns: -133.5563171740683
Evaluation returns: -130.10695963127472
Evaluation returns: -127.5254349111248
Evaluation returns: -126.80664303719009
Evaluation returns: -128.18939823694922
Evaluation returns: -129.15039460509834
Evaluation returns: -132.89182519447058
Evaluation returns: -136.44134931399327
Evaluation returns: -143.22187041479776
Evaluation returns: -149.66440606998677
Evaluation returns: -154.12496364725934
Evaluation returns: -156.66016232632438
Evaluation returns: -158.11850754893135
Evaluation returns: -156.19989524566716
Evaluation returns: -156.74901037533954
Evaluation returns: -156.52868789303596
Evaluation returns: -155.71157138573238
Evaluation returns: -156.0340153867643
Evaluation returns: -152.20470367285623
Evaluation returns: -148.16875366350075
Evaluation returns: -145.26740403148312
Evaluation returns: -143.15454511278142
Evaluation returns: -140.67379997162274
Evaluation returns: -141.00998234828836
Evaluation returns: -138.21565198035555
Evaluation returns: -132.8722132049671
Evaluation returns: -121.61733776955876
Evaluation returns: -90.79299227460012
Evaluation returns: -67.97482429228566
Evaluation returns: -44.76882526196828
Evaluation returns: -35.241315806024886
Evaluation returns: -26.53378573843147
Evaluation returns: -15.306464587063948
Evaluation returns: 13.389380075638721
Evaluation returns: 23.381215708670243
Evaluation returns: 30.659616435245614
Evaluation returns: 34.563512088158646
Evaluation returns: 13.695550283546755
Evaluation returns: -5.045277253420604
Evaluation returns: -22.740124392837
Evaluation returns: -31.43662439074233
Evaluation returns: -32.33180887014494
Evaluation returns: -37.321496748381776
Evaluation returns: -57.91118382157904
Evaluation returns: -62.91720988009176
Evaluation returns: -67.52214051422902
Evaluation returns: -67.90865439289558
Evaluation returns: -62.4322868797409
Evaluation returns: -62.60746663325682
Evaluation returns: -62.74525477788865
Evaluation returns: -53.82706731845701
Evaluation returns: -55.6451484632568
Evaluation returns: -59.147380570100324
Evaluation returns: -64.36173393052299
Evaluation returns: -65.83144825694339
Evaluation returns: -68.75813335257526
Evaluation returns: -76.1458826671439
Evaluation returns: -84.48012573611074
Evaluation returns: -83.30303249253359
Evaluation returns: -88.3214532529046
Evaluation returns: -93.48049436297492
Evaluation returns: -92.20129165824476
Evaluation returns: -86.42355486518036
Evaluation returns: -75.65512890159553
Evaluation returns: -68.50596697503718
Evaluation returns: -66.73251986257984
Evaluation returns: -66.20518432009223
Evaluation returns: -61.523902169033036
Evaluation returns: -67.76751987561593
Evaluation returns: -66.2159024327332
Evaluation returns: -64.26147189013516
Evaluation returns: -65.75954628186196
Evaluation returns: -64.27616307784061
Evaluation returns: -70.07558792456106
Evaluation returns: -75.81229530139332
Evaluation returns: -78.3945036317464
Evaluation returns: -73.7924756539725
Evaluation returns: -80.52543752197367
Evaluation returns: -71.62239911095921
Evaluation returns: -64.35098736771872
Evaluation returns: -60.45070214519289
Evaluation returns: -56.607710772792004
Evaluation returns: -57.917185179733245
Evaluation returns: -62.12018894950195
Evaluation returns: -59.811703935255835
Evaluation returns: -60.83417654215599
Evaluation returns: -64.80091178769536
Evaluation returns: -65.65073741877517
Evaluation returns: -69.56313478042016
Evaluation returns: -75.42344831415923
Evaluation returns: -81.6134861921826
Evaluation returns: -85.34901371123469
Evaluation returns: -88.90366224320495
Evaluation returns: -87.9724223826656
Evaluation returns: -97.990315502724
Evaluation returns: -100.52787242219014
Evaluation returns: -104.48349672004682
Evaluation returns: -98.90932350972899
Evaluation returns: -100.05732961591546
Evaluation returns: -101.27324055969379
Evaluation returns: -100.11018303796475
Evaluation returns: -102.12420760721616
Evaluation returns: -105.50480396555682
Evaluation returns: -108.32957216055078
Evaluation returns: -102.4715941487423
Evaluation returns: -100.92632613705436
Evaluation returns: -99.9800382354072
Evaluation returns: -105.95827504540432
Evaluation returns: -106.76989293764848
Evaluation returns: -109.21058148995567
Evaluation returns: -114.67403099113922
Evaluation returns: -115.4791712492021
Evaluation returns: -116.38916793642417
Evaluation returns: -115.59848614347644
Evaluation returns: -118.47106761723185
Evaluation returns: -116.85342667740215
Evaluation returns: -120.92229425215655
Evaluation returns: -119.491277547133
Evaluation returns: -119.08579751457191
Evaluation returns: -120.46156936463464
Evaluation returns: -118.28592224477094
Evaluation returns: -117.77076853358699
Evaluation returns: -115.72881919524562
Evaluation returns: -114.65460522679867
Evaluation returns: -113.8585611839649
Evaluation returns: -116.19509044083252
Evaluation returns: -114.38943932796516
Evaluation returns: -114.47115135665842
Evaluation returns: -117.5040042499555
Evaluation returns: -115.05818363153821
Evaluation returns: -117.19235947416325
Evaluation returns: -117.79172595172031
Evaluation returns: -118.02456987621665
Evaluation returns: -117.14751430813547
Evaluation returns: -117.9118851512288
Evaluation returns: -114.64181878648526
Evaluation returns: -110.80485438673261
Evaluation returns: -108.49413340649077
Evaluation returns: -103.36608505721244
Evaluation returns: -99.75435433319103
Evaluation returns: -94.9569020303356
Evaluation returns: -95.82660342831018
Evaluation returns: -93.05043729426293
Evaluation returns: -82.55366419838435
Evaluation returns: -78.77921559846882
Evaluation returns: -79.00481098964053
Evaluation returns: -85.95649446999138
Evaluation returns: -88.29832014412719
Evaluation returns: -91.86913354053831
Evaluation returns: -94.58381533278589
Evaluation returns: -96.34758150610183
Evaluation returns: -97.75444431369608
Evaluation returns: -99.97406335704878
Evaluation returns: -111.4407517630325
Evaluation returns: -113.61429213302492
Evaluation returns: -115.29686381529373
Evaluation returns: -111.87950449798375
Evaluation returns: -111.87913730145581
Evaluation returns: -110.03468492201887
Evaluation returns: -109.64024828207887
Evaluation returns: -108.85116377722042
Evaluation returns: -107.4038018853283
Evaluation returns: -107.56377766435041
Evaluation returns: -106.53999486129071
Evaluation returns: -107.14291133627253
Evaluation returns: -106.33066996166824
Evaluation returns: -104.3471075652748
Evaluation returns: -106.92715330075134
Evaluation returns: -105.71095536683372
Evaluation returns: -104.34452024890216
Evaluation returns: -103.60026099061243
Evaluation returns: -100.16728290643954
Evaluation returns: -98.25045875374647
Evaluation returns: -97.59260332203436
Evaluation returns: -93.94597269305396
Evaluation returns: -94.46002593948498
Evaluation returns: -98.21435535227553
Evaluation returns: -96.42740177525467
Evaluation returns: -96.73730425094267
Evaluation returns: -101.38632586588983
Evaluation returns: -103.8013013039196
Evaluation returns: -110.14858216680071
Evaluation returns: -114.21818376701098
Evaluation returns: -118.57681162096533
Evaluation returns: -123.0758756058827
Evaluation returns: -121.99098503833049
Evaluation returns: -116.69838473323368
Evaluation returns: -114.4277669405158
Evaluation returns: -116.58426116798644
Evaluation returns: -113.09654114134632
Evaluation returns: -111.82321801712786
Evaluation returns: -109.83634356469433
Evaluation returns: -106.90691186841414
Evaluation returns: -101.5714587216501
Evaluation returns: -100.52000109772068
Evaluation returns: -103.71500351993575
Evaluation returns: -104.7362947117598
Evaluation returns: -106.42263074613409
Evaluation returns: -100.33734440137376
Evaluation returns: -99.18512585272416
Evaluation returns: -99.29039149428935
Evaluation returns: -98.03109222582468
Evaluation returns: -99.41737310686281
Evaluation returns: -99.56372193181346
Evaluation returns: -99.08502212728942
Evaluation returns: -94.74936425127365
Evaluation returns: -96.68049895851611
Evaluation returns: -96.54704227376385
Evaluation returns: -101.2201404720132
Evaluation returns: -102.81710712870593
Evaluation returns: -101.05321113891233
Evaluation returns: -97.36502958324218
Evaluation returns: -93.08530401626632
Evaluation returns: -95.2226124910508
Evaluation returns: -93.98758304321775
Evaluation returns: -94.2036992175587
Evaluation returns: -94.11742506218283
Evaluation returns: -91.75990325077646
Evaluation returns: -91.4452293991066
Evaluation returns: -91.19732456634848
Evaluation returns: -90.67501693726027
Evaluation returns: -89.76946632373142
Evaluation returns: -91.97415930286145
Evaluation returns: -87.59063287989048
Evaluation returns: -87.11276025484356
Evaluation returns: -87.5161431856098
Evaluation returns: -83.97013066732816
Evaluation returns: -85.63869992875804
Evaluation returns: -83.18382768445257
Evaluation returns: -77.13791045148426
Evaluation returns: -75.88569448066264
Evaluation returns: -78.0824346170152
Evaluation returns: -78.27548205113945
Evaluation returns: -84.46126725384771
Evaluation returns: -84.39141576776252
Evaluation returns: -86.6018975756236
Evaluation returns: -88.41828566268485
Evaluation returns: -87.20756359276123
Evaluation returns: -86.37040938160655
Evaluation returns: -89.89879133888626
Evaluation returns: -92.49389463555613
Evaluation returns: -92.86086351526723
Evaluation returns: -89.97683013448378
Evaluation returns: -83.25955139601417
Evaluation returns: -84.28981774261813
Evaluation returns: -81.43800644941733
Evaluation returns: -81.94678480599048
Evaluation returns: -79.56196189356365
Evaluation returns: -81.81744147077008
Evaluation returns: -82.16669168242483
Evaluation returns: -80.67067816670165
Evaluation returns: -79.98582412636019
Evaluation returns: -83.17313362678394
Evaluation returns: -84.26919724516301
Evaluation returns: -85.03312431670955
Evaluation returns: -87.08839947235398
Evaluation returns: -87.48331854172532
Evaluation returns: -93.58980764682217
Evaluation returns: -95.23298773841934
Evaluation returns: -94.83971513213723
Evaluation returns: -96.99828354081362
Evaluation returns: -95.83648629145716
Evaluation returns: -94.21849684944735
Evaluation returns: -94.83318854872863
Evaluation returns: -93.23176966523113
Evaluation returns: -92.02705500409276
Evaluation returns: -88.37760036265757
Evaluation returns: -86.81692244254877
Evaluation returns: -84.70839155588558
Evaluation returns: -82.21193359256287
Evaluation returns: -81.37927175156842
Evaluation returns: -84.28176120994745
Evaluation returns: -82.41523336628968
Evaluation returns: -82.80493627921068
Evaluation returns: -83.89995370976888
Evaluation returns: -82.18431018172897
Evaluation returns: -83.8770087254784
Evaluation returns: -75.59339320654774
Evaluation returns: -73.45930528757106
Evaluation returns: -73.06541845202193
Evaluation returns: -70.55761900165153
Evaluation returns: -68.66987089135992
Evaluation returns: -73.13405774424004
Evaluation returns: -67.06043337243636
Evaluation returns: -64.93754651208846
Evaluation returns: -58.252249627537665
Evaluation returns: -52.47234730055224
Evaluation returns: -58.60392830685428
Evaluation returns: -60.892217647891584
Evaluation returns: -62.49685996153407
Evaluation returns: -61.703288574376174
Evaluation returns: -59.94030894703976
Evaluation returns: -58.167354688044234
Evaluation returns: -63.231112822606384
Evaluation returns: -60.934993640797515
Evaluation returns: -58.964817128882274
Evaluation returns: -67.66848241975939
Evaluation returns: -66.21297768033789
Evaluation returns: -66.23685525501998
Evaluation returns: -68.89425048531186
Evaluation returns: -71.06676576977917
Evaluation returns: -73.65873374529397
Evaluation returns: -72.56344159735491
Evaluation returns: -73.63495979586409
Evaluation returns: -75.16306678708897
Evaluation returns: -82.09208522481762
Evaluation returns: -79.01884986584096
Evaluation returns: -79.48677029236205
Evaluation returns: -77.46818212727356
Evaluation returns: -73.13546461585196
Evaluation returns: -69.21374623257138
Evaluation returns: -64.6962904154668
Evaluation returns: -60.51135890057789
Evaluation returns: -57.31902560801736
Evaluation returns: -58.93765046570079
Evaluation returns: -58.349826494821414
Evaluation returns: -57.812564193897494
Evaluation returns: -56.364818828969895
Evaluation returns: -54.71488292771321
Evaluation returns: -56.13669063459046
Evaluation returns: -54.93165102257492
Evaluation returns: -57.21793161737812
Evaluation returns: -61.885633009626375
Evaluation returns: -64.69078137398061
Evaluation returns: -60.65879358306968
Evaluation returns: -50.37471363166707
Evaluation returns: -31.800791754830083
Evaluation returns: -18.267468105095258
Evaluation returns: -7.4182178164053365
Evaluation returns: 9.418276923622432
Evaluation returns: 25.908257079956126
Evaluation returns: 30.42029119516156
Evaluation returns: 51.30040004237641
Evaluation returns: 66.96960342562734
Evaluation returns: 91.66139396047694
Evaluation returns: 99.07454018263184
Evaluation returns: 105.32880244169355
Evaluation returns: 116.3010721996581
Evaluation returns: 128.28878712109184
Evaluation returns: 135.3849511698991
Evaluation returns: 142.51417714603866
Evaluation returns: 163.8552344242813
Evaluation returns: 172.60867155563164
Evaluation returns: 170.2320998228991
Evaluation returns: 165.34974783447709
Evaluation returns: 174.82839298440632
Evaluation returns: 176.98665240911652
Evaluation returns: 178.88811148885227
Evaluation returns: 177.53675426760216
Evaluation returns: 178.10324184093847
Evaluation returns: 180.9398508232178
Evaluation returns: 187.31545885063127
Evaluation returns: 188.1451595600849
Evaluation returns: 205.34036586372886
Evaluation returns: 211.06069001058762
Evaluation returns: 214.94943548935552
Evaluation returns: 220.47830498665562
Evaluation returns: 221.5747457098821
Evaluation returns: 227.03328298470245
Evaluation returns: 230.66515104570317
Evaluation returns: 231.22165996615422
Evaluation returns: 226.00697507242407
Evaluation returns: 227.9713406782242
Evaluation returns: 223.9522592295072
Evaluation returns: 228.2452477697072
Evaluation returns: 224.2102800146808
Evaluation returns: 215.64245898371095
Evaluation returns: 211.5377477213883
Evaluation returns: 213.43342923889176
Evaluation returns: 213.509854565271
Evaluation returns: 208.11602689980145
Evaluation returns: 210.33980690610196
Evaluation returns: 205.42498864655704
Evaluation returns: 199.62725365117592
Evaluation returns: 181.94511975079794
Evaluation returns: 174.1900545870986
Evaluation returns: 166.68851138742224
Evaluation returns: 162.33682601729876
Evaluation returns: 152.78200148841665
Evaluation returns: 138.3456419600908
Evaluation returns: 122.07857621634298
Evaluation returns: 105.71787640881962
Evaluation returns: 99.73516399569789
Evaluation returns: 91.2855948830998
Evaluation returns: 81.85095788484605
Evaluation returns: 72.76809227047843
Evaluation returns: 65.88324983136421
Evaluation returns: 62.58604854579028
Evaluation returns: 46.81046101909806
Evaluation returns: 36.57007496790681
Evaluation returns: 25.00800789445744
Evaluation returns: 11.594789649100386
Evaluation returns: 0.2966668712710536
Evaluation returns: -10.741053735313775
Evaluation returns: -4.703909649446452
Evaluation returns: -3.6547035911320243
Evaluation returns: -5.152047548273086
Evaluation returns: -19.610059012446463
Evaluation returns: -27.16217509529206
Evaluation returns: -36.07527146813332
Evaluation returns: -39.07054583779484
Evaluation returns: -38.41006695989036
Evaluation returns: -48.53468003409383
Evaluation returns: -47.62394631633386
Evaluation returns: -53.03964167021853
Evaluation returns: -59.42503648740728
Evaluation returns: -62.61942319055892
Evaluation returns: -54.63481612414104
Evaluation returns: -41.43028235112535
Evaluation returns: -18.808776185361218
Evaluation returns: 13.233882884961417
Evaluation returns: 26.436625541927043
Evaluation returns: 51.7487054964522
Evaluation returns: 79.36227885146761
Evaluation returns: 102.0858295478861
Evaluation returns: 104.60507583932697
Evaluation returns: 112.35789094054101
Evaluation returns: 114.29802482867888
Evaluation returns: 114.3091643039825
Evaluation returns: 120.72530215340748
Evaluation returns: 114.59235836277813
Evaluation returns: 122.96993636535395
Evaluation returns: 115.23369315317127
Evaluation returns: 106.77155144683609
Evaluation returns: 91.97044055233576
Evaluation returns: 93.8941904115994
Evaluation returns: 107.53995342628443
Evaluation returns: 110.78382219314835
Evaluation returns: 110.22951843787783
Evaluation returns: 102.2719691945471
Evaluation returns: 97.84296284917488
Evaluation returns: 93.29785809746438
Evaluation returns: 87.94301486753591
Evaluation returns: 85.98029836073894
Evaluation returns: 91.3819339589929
Evaluation returns: 96.3585175794513
Evaluation returns: 76.58092402961611
Evaluation returns: 70.58457645998001
Evaluation returns: 73.17143262602463
Evaluation returns: 68.5680727679474
Evaluation returns: 70.98724130364812
Evaluation returns: 62.28977621329487
Evaluation returns: 67.8256869703115
Evaluation returns: 68.95583854074586
Evaluation returns: 71.44304159659137
Evaluation returns: 75.78310972295898
Evaluation returns: 85.74975617991966
Evaluation returns: 91.75975387862009
Evaluation returns: 102.07233172117756
Evaluation returns: 106.94787976099128
Evaluation returns: 111.90711543290561
Evaluation returns: 133.91886120880028
Evaluation returns: 138.95846004500208
Evaluation returns: 143.76928065911997
Evaluation returns: 140.75162185208086
Evaluation returns: 146.68507537630904
Evaluation returns: 157.43703230901502
Evaluation returns: 165.786653007747
Evaluation returns: 159.21545352520775
Evaluation returns: 167.03582503125793
Evaluation returns: 170.41894790398382
Evaluation returns: 160.54632071242688
Evaluation returns: 159.26695112989768
Evaluation returns: 154.0495157521278
Evaluation returns: 151.43396905383125
Evaluation returns: 149.04543130876382
Evaluation returns: 140.09069507512262
Evaluation returns: 140.15088244412183
Evaluation returns: 135.64934436370208
Evaluation returns: 124.9489449793783
Evaluation returns: 115.59415396420677
Evaluation returns: 109.29026936410928
Evaluation returns: 102.56705456797314
Evaluation returns: 104.47845474713331
Evaluation returns: 116.89971212780696
Evaluation returns: 122.2117915025073
Evaluation returns: 133.57951804195494
Evaluation returns: 135.47262261261014
Evaluation returns: 148.63830969588992
Evaluation returns: 163.6670931383848
Evaluation returns: 171.9639629321662
Evaluation returns: 185.49366304866552
Evaluation returns: 199.73705253252308
Evaluation returns: 206.46092376471785
Evaluation returns: 203.89506333960466
Evaluation returns: 203.1878755451678
Evaluation returns: 202.23163640805188
Evaluation returns: 208.7609374039811
Evaluation returns: 212.96874298971952
Evaluation returns: 214.43993941432217
Evaluation returns: 217.7315521843055
Evaluation returns: 220.2657332211746
Evaluation returns: 221.16592716910813
Evaluation returns: 223.74931797862013
Evaluation returns: 228.85971110567888
Evaluation returns: 231.70653030044338
Evaluation returns: 230.59229503308666
Evaluation returns: 228.63479450429764
Evaluation returns: 228.96318576974505
Evaluation returns: 229.30512320159747
Evaluation returns: 230.97095686965176
Evaluation returns: 227.1693860933231
Evaluation returns: 223.1647001823216
Evaluation returns: 224.75827583254167
Evaluation returns: 219.25036103220174
Evaluation returns: 219.02020177142884
Evaluation returns: 220.65151133076841
Evaluation returns: 218.39514854370776
Evaluation returns: 219.40440345593902
Evaluation returns: 217.92523190394144
Evaluation returns: 212.45527534566227
Evaluation returns: 210.2360899646466
Evaluation returns: 215.46485608597877
Evaluation returns: 209.17831527731119
Evaluation returns: 209.76424957005497
Evaluation returns: 204.69830703040424
Evaluation returns: 202.96240281681392
Evaluation returns: 201.17653571199037
Evaluation returns: 200.60641283934933
Evaluation returns: 200.8698985353854
Evaluation returns: 207.7769130264819
Evaluation returns: 210.30845435937914
Evaluation returns: 208.95454327522953
Evaluation returns: 215.3524353821665
Evaluation returns: 216.2212499823529
Evaluation returns: 219.8656488594645
Evaluation returns: 221.8304500648482
Evaluation returns: 226.393722585648
Evaluation returns: 224.0107467654653
Evaluation returns: 222.6521007356665
Evaluation returns: 221.11872334620926
Evaluation returns: 227.43154553460482
Evaluation returns: 227.64393416007965
Evaluation returns: 229.44317586045372
Evaluation returns: 233.04802542587646
Evaluation returns: 233.4831618413466
Evaluation returns: 230.09516027533974
Evaluation returns: 228.07145386404585
Evaluation returns: 228.67633005906583
Evaluation returns: 232.29115914079534
Evaluation returns: 232.63457308560933
Evaluation returns: 232.64789899162398
Evaluation returns: 231.50057226237982
Evaluation returns: 226.1665280052116
Evaluation returns: 225.38339694069865
Evaluation returns: 222.0757356146089
Evaluation returns: 223.6362056811929
Evaluation returns: 225.19236719187583
Evaluation returns: 224.3386362216157
Evaluation returns: 218.90214640866526
Evaluation returns: 214.10362349128505
Evaluation returns: 207.8632488054146
Evaluation returns: 207.1143620044204
Evaluation returns: 210.92285784836207
Evaluation returns: 208.37191347025743
Evaluation returns: 211.21304400335984
Evaluation returns: 214.13808546536947
Evaluation returns: 211.65973745502188
Evaluation returns: 215.96967248648622
Evaluation returns: 221.151454492351
Evaluation returns: 213.91452712389173
Evaluation returns: 207.61880436141638
Evaluation returns: 202.24366189219344
Evaluation returns: 196.59104204980426
Evaluation returns: 195.7486170437333
Evaluation returns: 196.0265603994076
Evaluation returns: 196.55478255417603
Evaluation returns: 201.13287229595377
Evaluation returns: 201.16412712793812
Evaluation returns: 199.71592442936566
Evaluation returns: 204.70237607797606
Evaluation returns: 211.2925402835928
Evaluation returns: 213.08358821530396
Evaluation returns: 209.55920887394268
Evaluation returns: 209.3836060891068
Evaluation returns: 210.14352535365933
Evaluation returns: 209.50117298418235
Evaluation returns: 203.3388458472898
Evaluation returns: 203.92739391642084
Evaluation returns: 204.51847802306966
Evaluation returns: 207.16497761301002
Evaluation returns: 198.92929736496768
Evaluation returns: 200.3318318284775
Evaluation returns: 201.5984650977776
Evaluation returns: 203.41825209609937
Evaluation returns: 198.87115876816037
Evaluation returns: 195.39031977947158
Evaluation returns: 192.12381947561795
Evaluation returns: 192.22384932342786
Evaluation returns: 189.76851739889833
Evaluation returns: 191.09287237221244
Evaluation returns: 200.90737912898751
Evaluation returns: 206.91971885485796
Evaluation returns: 211.78996141517368
Evaluation returns: 209.170980504562
Evaluation returns: 205.6239872489537
Evaluation returns: 208.49574579846058
Evaluation returns: 216.3476842065035
Evaluation returns: 215.38004795275748
Evaluation returns: 216.74475801238412
Evaluation returns: 219.46018916254957
Evaluation returns: 214.33181368319842
Evaluation returns: 209.52230694449327
Evaluation returns: 207.0768047968291
Evaluation returns: 211.6988295460178
Evaluation returns: 219.3322501626555
Evaluation returns: 221.04397761630017
Evaluation returns: 221.59310126580095
Evaluation returns: 222.304036178676
Evaluation returns: 225.42020385596894
Evaluation returns: 224.7892891433136
Evaluation returns: 229.9359223237654
Evaluation returns: 235.5246084017493
Evaluation returns: 241.25418417517986
Evaluation returns: 242.6693166669448
Evaluation returns: 243.6766981452484
Evaluation returns: 242.8357323725826
Evaluation returns: 240.4712810334072
Evaluation returns: 240.65488325942178
Evaluation returns: 238.95999113024965
Evaluation returns: 237.91490254443684
Evaluation returns: 240.71490676256568
Evaluation returns: 241.30654843026076
Evaluation returns: 241.35704392277916
Evaluation returns: 241.56397121468362
Evaluation returns: 242.06922107210562
Evaluation returns: 244.05503857120257
Evaluation returns: 246.35029843602734
Evaluation returns: 246.85691572778669
Evaluation returns: 249.51368386261356
Evaluation returns: 253.87448934329237
Evaluation returns: 254.73985945067358
Evaluation returns: 252.73421423982217
Evaluation returns: 245.7373268036716
Evaluation returns: 244.27892659657397
Evaluation returns: 241.1176497606973
Evaluation returns: 241.23102369423668
Evaluation returns: 243.8630268779838
Evaluation returns: 241.93967415693697
Evaluation returns: 241.4256336010973
Evaluation returns: 241.95552524227546
Evaluation returns: 236.61771115319385
Evaluation returns: 237.94487365084888
Evaluation returns: 244.93308611991574
Evaluation returns: 247.52313149196544
Evaluation returns: 251.76401427294672
Evaluation returns: 250.98623838656516
Evaluation returns: 251.1299622707681
Evaluation returns: 251.33511782661043
Evaluation returns: 252.0360371376653
Evaluation returns: 251.73143806332655
Evaluation returns: 257.8095471879116
Evaluation returns: 257.34104903627997
Evaluation returns: 257.61566773062356
Evaluation returns: 259.06645962603733
Evaluation returns: 258.21907724268124
Evaluation returns: 259.2631252766408
Evaluation returns: 257.87118899516076
Evaluation returns: 250.67139416480433
Evaluation returns: 247.80272800782436
Evaluation returns: 247.9738433768413
Evaluation returns: 245.2896512749472
Evaluation returns: 245.66348060184447
Evaluation returns: 231.3209619379445
Evaluation returns: 228.7328910265498
Evaluation returns: 227.88667344390427
Evaluation returns: 226.6620860760575
Evaluation returns: 225.4016318208231
Evaluation returns: 232.28018120675156
Evaluation returns: 231.95755620958298
Evaluation returns: 228.3329727406818
Evaluation returns: 227.32461420999158
Evaluation returns: 227.05914859306782
Evaluation returns: 240.2509371287938
Evaluation returns: 238.4511066705664
Evaluation returns: 236.22448217843203
Evaluation returns: 236.1404525795977
Evaluation returns: 236.90940877480176
Evaluation returns: 236.41291949027504
Evaluation returns: 238.0045239450772
Evaluation returns: 238.48342536379602
Evaluation returns: 238.18951840760732
Evaluation returns: 234.16169140795006
Evaluation returns: 224.69636646718914
Evaluation returns: 226.48774915473487
Evaluation returns: 226.59852051738977
Evaluation returns: 224.41434222868298
Evaluation returns: 216.48112831784323
Evaluation returns: 209.65319370430262
Evaluation returns: 209.25705992446632
Evaluation returns: 206.2704828343185
Evaluation returns: 207.00477919469344
Evaluation returns: 208.36038377195305
Evaluation returns: 214.9560476208579
Evaluation returns: 210.13614776349465
Evaluation returns: 209.82752742644934
Evaluation returns: 210.0266548677085
Evaluation returns: 212.19662464353814
Evaluation returns: 217.88345202356146
Evaluation returns: 212.08024539340713
Evaluation returns: 212.3777625243155
Evaluation returns: 205.6875962248859
Evaluation returns: 198.4953056572473
Evaluation returns: 192.48266060510693
Evaluation returns: 194.10573002198277
Evaluation returns: 195.92000179905043
Evaluation returns: 197.69161606679143
Evaluation returns: 204.89893692315155
Evaluation returns: 205.37656173361938
Evaluation returns: 211.98541779527204
Evaluation returns: 207.99881319840284
Evaluation returns: 216.34227655281637
Evaluation returns: 226.83032147899735
Evaluation returns: 231.60370014488643
Evaluation returns: 231.8382540353748
Evaluation returns: 227.60818534307654
Evaluation returns: 228.24314540875412
Evaluation returns: 220.12113250677436
Evaluation returns: 217.00204992140704
Evaluation returns: 206.14869732855436
Evaluation returns: 213.51292227573654
Evaluation returns: 207.26105971470844
Evaluation returns: 197.11291954051003
Evaluation returns: 202.68713325725633
Evaluation returns: 202.97570716096433
Evaluation returns: 200.52089515916833
Evaluation returns: 199.3832196425361
Evaluation returns: 201.75683049701385
Evaluation returns: 203.96712855801212
Evaluation returns: 213.73048306256229
Evaluation returns: 204.19646066196637
Evaluation returns: 202.3131352163943
Evaluation returns: 212.6294543662312
Evaluation returns: 208.14806310094826
Evaluation returns: 206.63915477373476
Evaluation returns: 211.75985595380612
Evaluation returns: 207.2299960659845
Evaluation returns: 204.81623993953767
Evaluation returns: 202.5050715133194
Evaluation returns: 204.51298136827504
Evaluation returns: 211.38234074591855
Evaluation returns: 209.70362234389958
Evaluation returns: 207.52939875439984
Evaluation returns: 203.97706934948968
Evaluation returns: 204.04257318303195
Evaluation returns: 206.52369138973012
Evaluation returns: 204.9919328418965
Evaluation returns: 210.21269459025288
Evaluation returns: 212.95472545664842
Evaluation returns: 209.02419503365553
Evaluation returns: 201.36891900091229
Evaluation returns: 204.03287370331185
Evaluation returns: 203.05451700979128
Evaluation returns: 200.13726047684054
Evaluation returns: 195.99435941661815
Evaluation returns: 195.83739604262468
Evaluation returns: 202.40539786987046
Evaluation returns: 197.9608509809371
Evaluation returns: 197.58215533489175
Evaluation returns: 198.8717608424448
Evaluation returns: 205.91050314840214
Evaluation returns: 205.9568838666694
Evaluation returns: 204.59779632948636
Evaluation returns: 212.7468734758057
Evaluation returns: 209.67000390427592
Evaluation returns: 199.86555799752216
Evaluation returns: 199.18656039948465
Evaluation returns: 192.77204069199544
Evaluation returns: 188.41558054655349
Evaluation returns: 186.99049683056666
Evaluation returns: 187.64178116453962
Evaluation returns: 192.45465079643057
Evaluation returns: 191.86628848020408
Evaluation returns: 188.60469612613787
Evaluation returns: 195.4094364751108
Evaluation returns: 200.34050347339934
Evaluation returns: 200.3019939212712
Evaluation returns: 211.18801290955503
Evaluation returns: 215.80026048413225
Evaluation returns: 203.3348225406485
Evaluation returns: 199.68616323638636
Evaluation returns: 197.1516060453247
Evaluation returns: 199.2675673674005
Evaluation returns: 196.55959784244078
Evaluation returns: 196.7631256531251
Evaluation returns: 199.77504940827265
Evaluation returns: 200.72914228475483
Evaluation returns: 193.32212092781202
Evaluation returns: 194.31792574033875
Evaluation returns: 207.34127066157765
Evaluation returns: 211.4790569391592
Evaluation returns: 206.97480334425222
Evaluation returns: 192.14662302505712
Evaluation returns: 191.5627084495581
Evaluation returns: 189.10812250817912
Evaluation returns: 186.44447322459976
Evaluation returns: 183.8214659428689
Evaluation returns: 187.67497381972595
Evaluation returns: 182.30101682357133
Evaluation returns: 174.56412391962576
Evaluation returns: 171.7944372671192
Evaluation returns: 172.86848346668972
Evaluation returns: 185.77055451081057
Evaluation returns: 188.84866510239175
Evaluation returns: 193.44824289803995
Evaluation returns: 190.10415684739866
Evaluation returns: 192.5773582987104
Evaluation returns: 192.1371520370855
Evaluation returns: 190.67200705713742
Evaluation returns: 198.28312786385698
Evaluation returns: 202.88835219832816
Evaluation returns: 211.1574611196043
Evaluation returns: 213.7564614195897
Evaluation returns: 218.50964791864507
Evaluation returns: 221.51289632371362
Evaluation returns: 228.70783256426867
Evaluation returns: 227.01424821283422
Evaluation returns: 229.15456242202836
Evaluation returns: 233.3263451704087
Evaluation returns: 228.9828061814807
Evaluation returns: 228.38655859792033
Evaluation returns: 228.48006773598541
Evaluation returns: 227.06954771659815
Evaluation returns: 226.08827508262115
Evaluation returns: 222.84282297319132
Evaluation returns: 220.67350920978706
Evaluation returns: 222.88621444254764
Evaluation returns: 227.42747472797856
Evaluation returns: 231.68123863969663
Evaluation returns: 238.64450978185377
Evaluation returns: 239.65509196507728
Evaluation returns: 236.57321239307186
Evaluation returns: 238.87256255558032
Evaluation returns: 239.54431919711436
Evaluation returns: 237.82737087406696
Evaluation returns: 241.11894643636953
Evaluation returns: 239.17301444754997
Evaluation returns: 237.10194126316668
Evaluation returns: 232.56029017351094
Evaluation returns: 233.02288667755678
Evaluation returns: 234.26228063908903
Evaluation returns: 235.21955679916778
Evaluation returns: 237.71141234332154
Evaluation returns: 236.5536753320053
Evaluation returns: 239.97996854032803
Evaluation returns: 236.20720606352648
Evaluation returns: 239.08792523318976
Evaluation returns: 240.5626138528342
Evaluation returns: 246.6514563601604
Evaluation returns: 244.48927543720544
Evaluation returns: 244.33175877529592
Evaluation returns: 246.13625399788492
Evaluation returns: 244.8858279196857
Evaluation returns: 245.03336128417396
Evaluation returns: 245.361220120067
Evaluation returns: 249.68819533287743
Evaluation returns: 247.7516915174608
Evaluation returns: 247.3644807587557
Evaluation returns: 246.0038581769881
Evaluation returns: 247.44603821001573
Evaluation returns: 244.09549842688708
Evaluation returns: 246.00948288344753
Evaluation returns: 240.7416622601771
Evaluation returns: 240.7273555398127
Evaluation returns: 243.76266379328354
Evaluation returns: 246.3625939645404
Evaluation returns: 248.32325739125613
Evaluation returns: 247.44083779002807
Evaluation returns: 248.66648375163385
Evaluation returns: 248.32113095882724
Evaluation returns: 251.66955183672985
Evaluation returns: 249.13725182518237
Evaluation returns: 255.7064436819581
Evaluation returns: 256.0833526134551
Evaluation returns: 254.39265747708032
Evaluation returns: 251.3680346714852
Evaluation returns: 249.95888322053088
Evaluation returns: 250.65543759809503
Evaluation returns: 249.69666676927096
Evaluation returns: 250.78418661866175
Evaluation returns: 251.67777460200642
Evaluation returns: 252.61148325825994
Evaluation returns: 246.9753826402533
Evaluation returns: 249.5466754332321
Evaluation returns: 248.56523694369986
Evaluation returns: 247.34207040556558
Evaluation returns: 249.08540544510797
Evaluation returns: 249.60326609064904
Evaluation returns: 249.95318778908577
Evaluation returns: 247.4772385117934
Evaluation returns: 247.49896311079655
Evaluation returns: 247.4675941588584
Evaluation returns: 253.2339747408063
Evaluation returns: 252.198761066412
Evaluation returns: 253.90400520947463
Evaluation returns: 255.30498612887328
Evaluation returns: 255.38669911068388
Evaluation returns: 255.74448306305493
Evaluation returns: 255.09642800398962
Evaluation returns: 256.9640961267818
Evaluation returns: 254.3781632751281
Evaluation returns: 254.8818519061295
Evaluation returns: 252.26903994297854
Evaluation returns: 253.6725492579307
Evaluation returns: 253.66956568548443
Evaluation returns: 254.71947817866499
Evaluation returns: 253.22003089454546
Evaluation returns: 252.12929866910804
Evaluation returns: 253.15105403039394
Evaluation returns: 254.75226315276782
Evaluation returns: 257.50921658643125
Evaluation returns: 256.82660633044986
Evaluation returns: 257.7980368067712
Evaluation returns: 257.1927181233063
Evaluation returns: 256.43261466701426
Evaluation returns: 251.85655555222175
Evaluation returns: 253.27821856091185
Evaluation returns: 254.6856960565637
Evaluation returns: 253.0494936683016
Evaluation returns: 252.35564939967443
Evaluation returns: 251.93070877802407
Evaluation returns: 254.05479641042922
Evaluation returns: 255.92562035699308
Evaluation returns: 255.80511290066562
Evaluation returns: 258.17741460343854
Evaluation returns: 260.41247773717504
Final evaluation:
The mean 100-episode return after evaluation 259.33 +-29.56
