Episode 10, mean 100-episode return -353.85 +-59.26, returns -316.905 -364.915 -428.653 -409.856 -272.692 -318.289 -421.154 -410.712 -259.139 -336.147
Episode 20, mean 100-episode return -415.66 +-130.95, returns -79.1831 -528.806 -599.33 -566.224 -427.339 -592.015 -355.408 -577.541 -488.987 -559.808
Episode 30, mean 100-episode return -385.42 +-126.60, returns -142.473 -340.368 -396.45 -430.883 -227.903 -313.026 -414.74 -237.942 -413.804 -331.869
Episode 40, mean 100-episode return -415.63 +-155.31, returns -331.354 -726.82 -363.892 -312.906 -449.544 -749.141 -633.842 -823.199 -353.948 -318.118
Episode 50, mean 100-episode return -349.66 +-196.15, returns -140.014 -117.851 -0.854435 166.84 -121.365 -146.494 -140.538 -131.15 -143.038 -82.9769
Episode 60, mean 100-episode return -340.85 +-181.57, returns -216.512 -320.904 -325.684 -352.974 -344.142 -177.583 -345.014 -266.617 -317.384 -301.277
Episode 70, mean 100-episode return -332.76 +-169.95, returns -208.671 -290.978 -247.128 -315.029 -339.294 -268.693 -339.282 -288.881 -299.511 -245.024
Episode 80, mean 100-episode return -323.24 +-161.31, returns -274.605 -270.343 -263.946 -234.739 -253.226 -268.086 -281.713 -176.971 -286.2 -255.973
Episode 90, mean 100-episode return -300.46 +-165.46, returns -114.257 -131.517 -89.095 -93.8208 -144.008 -110.174 -148.95 -141.292 -152.802 -56.4559
Episode 100, mean 100-episode return -284.83 +-163.96, returns -143.031 -162.892 -148.623 -148.108 -168.436 -145.219 -135.319 -152.188 -88.2259 -149.526
Episode 110, mean 100-episode return -282.76 +-162.71, returns -229.703 -290.855 -378.682 -360.605 -367.641 -335.484 -317.964 -343.36 -324.821 -381.852
Episode 120, mean 100-episode return -251.96 +-143.94, returns -161.584 -149.002 -161.441 -176.75 -180.179 -158.986 -177.267 -194.111 -162.974 -172.821
Episode 130, mean 100-episode return -229.57 +-145.48, returns -95.853 -92.2807 -99.2858 -113.978 -90.081 -141.553 -80.0922 -87.7354 -92.7732 -116.422
Episode 140, mean 100-episode return -191.91 +-97.07, returns -161.718 -153.317 -100.942 -129.633 -98.9187 -143.284 -161.289 -125.57 -148.089 -74.1813
Episode 150, mean 100-episode return -195.52 +-89.02, returns -113.618 -155.727 -108.92 -102.117 -116.361 -132.129 -99.573 -119.276 -154.481 -116.056
Episode 160, mean 100-episode return -177.41 +-83.44, returns -85.4699 -123.017 -145.623 -145.701 -124.734 -83.2897 -121.012 -114.675 -71.198 -142.221
Episode 170, mean 100-episode return -161.35 +-75.73, returns -111.106 -123.815 -90.4824 -120.401 -106.898 -132.931 -108.891 -140.834 -129.691 -172.078
Episode 180, mean 100-episode return -144.50 +-70.95, returns -89.5189 -65.874 -123.381 -105.614 -74.7486 -122.107 -71.0573 -86.2841 -71.7903 -69.8128
Episode 190, mean 100-episode return -143.89 +-71.37, returns -118.819 -62.9286 -89.0754 -60.3885 -135.844 -130.306 -144.445 -154.818 -142.534 -82.411
Episode 200, mean 100-episode return -135.52 +-75.61, returns -75.3274 -51.6696 -43.4827 -27.3855 -85.6903 -50.9318 -99.2206 -59.6125 -59.8441 -51.5074
Episode 210, mean 100-episode return -111.23 +-35.37, returns -105.009 -95.7269 -74.0695 -96.7758 -73.8567 -67.2919 -92.8987 -102.874 -95.488 -98.0274
Episode 220, mean 100-episode return -108.29 +-33.71, returns -102.416 -147.708 -145.511 -144.655 -106.064 -108.888 -238.4 -162.181 -155.389 -90.1031
Episode 230, mean 100-episode return -114.80 +-40.36, returns -138.688 -113.737 -298.399 -138.691 -143.337 -154.443 -183.931 -180.326 -168.72 -140.58
Episode 240, mean 100-episode return -119.56 +-45.34, returns -175.41 -159.268 -190.416 -136.467 -148.447 -169.719 -289.194 -180.203 -160.362 -163.647
Episode 250, mean 100-episode return -118.98 +-45.70, returns -110.636 -165.326 -139.917 -123.097 -116.767 -89.3939 -77.7185 -86.3546 -140.43 -110.112
Episode 260, mean 100-episode return -123.13 +-58.22, returns -200.429 -177.295 -187.831 172.455 -159.705 -198.668 -178.563 -206.07 -217.107 -219.134
Episode 270, mean 100-episode return -127.69 +-60.83, returns -188.599 -181.436 -179.163 -200.903 -182.909 -166.166 -188.963 -212.423 -67.2181 -125.4
Episode 280, mean 100-episode return -136.13 +-60.65, returns -150.739 -209.339 -127.478 -159.855 -181.33 -173.031 -190.657 -181.299 -188.639 -161.805
Episode 290, mean 100-episode return -145.66 +-63.28, returns -155.635 -230.546 -158.582 -213.174 -205.368 -225.08 -207.531 -209.824 -248.283 -220.36
Episode 300, mean 100-episode return -148.23 +-77.19, returns -191.062 -178.18 165.977 -66.5075 253.29 -150.854 -144.017 -157.916 -167.377 -224.961
Episode 310, mean 100-episode return -148.82 +-87.80, returns -209.336 -167.951 136.554 -184.401 141.234 -169.731 -179.592 -185.807 41.6061 -184.011
Episode 320, mean 100-episode return -143.91 +-91.69, returns -55.7071 -140.693 -134.078 -148.632 -118.692 -77.2455 -81.4739 -111.082 -155.37 112.838
Episode 330, mean 100-episode return -140.31 +-93.54, returns 63.43 -206.769 -104.766 -168.545 -109.991 -115.466 -147.916 -251.161 -153.233 -106.594
Episode 340, mean 100-episode return -129.97 +-99.62, returns -66.5434 -176.024 -30.2666 121.795 -155.611 -225.901 -70.2345 -178.24 67.0789 -24.6291
Episode 350, mean 100-episode return -118.09 +-112.93, returns 26.837 -28.1519 -23.2464 95.9548 -34.8719 -57.0334 -42.1242 1.94406 -188.366 276.962
Episode 360, mean 100-episode return -110.78 +-107.47, returns -81.0363 -79.7368 -94.3984 -26.4969 -74.012 -166.681 -114.417 -61.031 -87.0716 -56.2492
Episode 370, mean 100-episode return -105.96 +-106.98, returns -156.83 -164.778 60.026 -101.031 -156.15 -113.088 -134.814 -119.554 -158.766 -166.588
Episode 380, mean 100-episode return -96.52 +-107.17, returns -109.04 -70.6805 -113.091 -158.468 14.5901 -117.197 -133.121 -100.51 -92.4367 100.002
Episode 390, mean 100-episode return -91.71 +-103.07, returns -155.633 -200.662 -172.458 -104.321 -148.801 -180.861 -174.72 -122.141 -157.322 -176.723
Episode 400, mean 100-episode return -95.87 +-92.29, returns -182.341 -169.57 -91.4494 -98.8637 -168.757 -107.298 -181.981 -94.6063 -92.5655 -90.032
Episode 410, mean 100-episode return -98.04 +-83.05, returns -107.461 -119.181 -124.852 -79.6199 -230.377 -88.9343 -110.565 -109.012 -129.69 -78.5334
Episode 420, mean 100-episode return -101.11 +-80.21, returns -138.174 -110.808 -119.583 -151.415 -105.849 -152.553 -91.0688 -90.7122 -150.893 -106.432
Episode 430, mean 100-episode return -106.20 +-80.69, returns -129.312 -256.121 -181.596 -133.193 -219.101 -216.274 -185.187 -119.143 -189.024 -180.651
Episode 440, mean 100-episode return -111.92 +-73.08, returns -111.609 -119.199 -157.603 -162.803 -143.295 -96.5736 -135.538 -140.61 -110.716 -133.222
Episode 450, mean 100-episode return -127.06 +-51.86, returns -192.229 -159.011 -156.273 -170.066 -131.909 -115.243 -152.863 -113.572 -162.055 -132.167
Episode 460, mean 100-episode return -135.25 +-50.10, returns -189.895 -179.244 -166.388 -156.11 -143.745 -136.056 -164.926 -138.394 -201.89 -183.821
Episode 470, mean 100-episode return -138.63 +-47.40, returns -138.082 -145.645 -234.656 -173.494 -211.8 -117.152 -132.369 -135.533 -146.043 -114.37
Episode 480, mean 100-episode return -143.45 +-36.88, returns -137.267 -102.824 -138.33 -125.911 -122.263 -103.831 -147.815 -107.201 -156.251 -120.643
Episode 490, mean 100-episode return -138.79 +-36.93, returns -117.041 -96.4846 -103.747 -96.7468 -85.1486 -137.466 -122.674 -102.351 -140.384 -126.115
Episode 500, mean 100-episode return -140.23 +-35.71, returns -118.229 -148.983 -99.6256 -131.988 -155.713 -104.523 -187.701 -167.274 -131.232 -176.002
Episode 510, mean 100-episode return -147.06 +-37.24, returns -216.592 -204.416 -293.582 -147.295 -168.127 -162.509 -171.667 -163.458 -172.678 -160.722
Episode 520, mean 100-episode return -156.75 +-44.00, returns -224.578 -77.3221 -250.892 -247.076 -204.239 -237.47 -257.355 -244.785 -208.689 -234.208
Episode 530, mean 100-episode return -153.25 +-41.85, returns -113.884 -151.642 -165.001 -142.797 -166.526 -183.4 -140.115 -150.706 -110.943 -134.78
Episode 540, mean 100-episode return -155.92 +-40.77, returns -159.771 -152.912 -157.333 -170.257 -151.422 -146.703 -157.73 -167.623 -165.705 -148.344
Episode 550, mean 100-episode return -157.46 +-42.86, returns -224.886 -181.829 -116.788 -145.487 -269.34 -120.816 -149.38 -128.84 -181.473 -120.541
Episode 560, mean 100-episode return -154.14 +-43.18, returns -135.028 -116.192 -149.183 -118.661 -131.571 -149.513 -114.221 -171.106 -114.054 -128.941
Episode 570, mean 100-episode return -148.66 +-44.91, returns -79.7834 -74.8519 -66.2617 -122.449 -116.633 -114.602 -106.335 -104.576 -109.576 -105.794
Episode 580, mean 100-episode return -143.40 +-50.28, returns -110.139 -78.6015 -95.0649 -24.6239 -44.4826 -66.0923 -64.2672 -74.751 -96.1778 -82.7559
Episode 590, mean 100-episode return -145.79 +-50.29, returns -141.902 -112.529 -163.474 -127.086 -189.564 -139.421 -192.739 -98.2387 -75.664 -126.32
Episode 600, mean 100-episode return -145.24 +-50.18, returns -101.714 -173.541 -131.904 -149.824 -131.275 -156.739 -154.762 -159.642 -109.336 -97.3398
Episode 610, mean 100-episode return -135.41 +-49.98, returns -82.089 -87.8152 -126.729 -130.702 -105.798 -106.798 -59.1159 -80.3057 -39.0311 -59.627
Episode 620, mean 100-episode return -122.44 +-41.06, returns -106.419 -83.8959 -111.73 -105.592 -46.6854 -105.932 -93.1786 -119.603 -91.6348 -24.8367
Episode 630, mean 100-episode return -114.20 +-45.36, returns -85.6019 -75.8954 -25.9078 -65.6063 -92.3977 -71.3349 -94.2758 53.6708 -72.4524 -105.761
Episode 640, mean 100-episode return -106.50 +-44.10, returns -73.9052 -66.0165 -64.4686 -75.9958 -89.4294 -92.4577 -48.2497 -110.368 -98.841 -88.5563
Episode 650, mean 100-episode return -91.95 +-45.78, returns -40.0955 -0.811796 -9.86345 -34.2882 -34.6094 -20.288 74.7338 -8.18872 -86.8975 -23.8279
Episode 660, mean 100-episode return -86.63 +-44.04, returns -121.829 -70.715 -40.7794 -92.1072 -93.8314 -57.9836 -108.393 -74.7698 -54.747 -81.8402
Episode 670, mean 100-episode return -86.29 +-46.63, returns -82.4555 -114.48 -17.1558 -83.7879 -169.875 -30.0864 -106.15 -95.5532 -70.2009 -196.665
Episode 680, mean 100-episode return -83.33 +-47.72, returns -28.3009 -48.546 -39.2704 -50.4623 -35.0023 -51.5154 -54.7823 -44.1464 -54.6059 -34.8691
Episode 690, mean 100-episode return -74.00 +-45.25, returns -10.6289 12.2365 -75.5798 -59.6216 5.69399 -81.3276 -35.4422 -48.8245 -78.7459 -61.7024
Episode 700, mean 100-episode return -62.28 +-43.53, returns 72.3239 -42.8046 -17.1799 -19.6494 -25.0742 -82.4014 -3.05703 -48.0642 -9.66998 -18.0332
Episode 710, mean 100-episode return -61.58 +-43.33, returns -55.2859 -123.548 -105.997 -83.0563 -84.7789 -45.2539 -96.2845 -74.1272 -117.571 -21.9436
Episode 720, mean 100-episode return -44.55 +-67.17, returns 130.745 -79.3519 81.5009 190.991 -39.7622 201.417 130.977 -64.3314 185.049 76.4802
Episode 730, mean 100-episode return -32.17 +-77.48, returns 150.818 122.281 59.6035 67.4699 -70.2236 -70.2545 164.89 -52.2049 148.224 81.07
Episode 740, mean 100-episode return -20.78 +-83.23, returns -29.2014 42.2176 111.564 -20.1687 -33.8613 144.543 -22.4663 14.2576 227.419 -102.787
Episode 750, mean 100-episode return -21.36 +-82.64, returns -2.24855 -67.7009 -11.2167 12.6575 -45.3547 -18.1364 -26.9887 -34.1588 -6.76537 -42.2842
Episode 760, mean 100-episode return -13.42 +-80.34, returns -22.1491 -47.6203 2.35661 25.3284 15.6729 -5.84116 -2.16773 17.0907 2.96977 10.7031
Episode 770, mean 100-episode return -3.12 +-78.44, returns 124.744 159.878 -0.0636497 -103.571 100.235 -3.65828 -39.5737 -61.3502 -63.8234 -48.9147
Episode 780, mean 100-episode return 10.27 +-89.51, returns 20.13 200.797 119.116 201.75 54.7326 242.036 -32.6786 152.106 -158.03 96.9938
Episode 790, mean 100-episode return 28.33 +-100.83, returns 203.906 236.934 187.151 -27.5982 230.994 136.465 -23.6971 -33.6791 208.918 253.373
Episode 800, mean 100-episode return 43.29 +-106.30, returns -52.0084 27.7575 164.256 182.928 201.648 57.7064 194.775 160.572 190.027 175.01
Episode 810, mean 100-episode return 60.31 +-101.51, returns 155.491 160.007 128.612 -37.7978 132.726 97.0694 -64.5951 -2.21204 159.553 164.842
Episode 820, mean 100-episode return 54.84 +-101.52, returns 144.215 -64.024 -24.8106 8.93729 182.813 -72.517 36.118 182.772 -72.6384 -53.9452
Episode 830, mean 100-episode return 54.93 +-104.93, returns -66.4336 -21.6963 205.36 -36.7482 159.177 -8.02937 247.337 -22.0098 -61.17 215.096
Episode 840, mean 100-episode return 56.22 +-108.33, returns 210.18 218.998 -47.7312 -57.8339 288.545 -38.49 -28.9032 -60.3992 -5.84105 -18.5452
Episode 850, mean 100-episode return 68.04 +-116.69, returns 273.318 -4.54705 234.217 164.687 -172.884 167.486 245.51 -141.194 -47.646 220.893
Episode 860, mean 100-episode return 59.64 +-124.65, returns -146.999 -45.2674 -41.6035 -151.071 -87.9406 -24.3153 -70.1713 -129.257 -75.5873 -71.4474
Episode 870, mean 100-episode return 50.64 +-128.68, returns -116.931 -85.1939 -36.959 -115.684 -61.4533 -109.109 -51.5262 -91.0203 -95.862 -72.2384
Episode 880, mean 100-episode return 40.82 +-128.13, returns 119.765 -127.583 126.756 -21.7084 -73.0965 -119.377 185.601 -47.4868 -54.275 -73.4279
Episode 890, mean 100-episode return 24.81 +-122.62, returns -47.7628 -106.211 -40.2706 -87.6385 136.897 -114.43 -84.0482 -23.1722 66.9943 70.9442
Episode 900, mean 100-episode return 4.73 +-117.52, returns -64.9129 -70.7205 -85.5813 -93.8163 -74.1963 -107.767 -13.0592 -83.4126 -39.0255 -72.7803
Episode 910, mean 100-episode return -8.16 +-111.60, returns -33.406 -38.3042 -26.8407 -0.77294 -55.6771 -58.2698 -43.2289 -14.5701 -83.7063 -40.5996
Episode 920, mean 100-episode return -14.45 +-106.79, returns -24.5814 -30.905 -41.8907 -73.543 -26.7942 -33.0816 -13.6536 -29.2496 -63.6014 -24.9939
Episode 930, mean 100-episode return -25.07 +-96.77, returns -57.6923 -47.3798 -46.9678 -37.1953 -77.4853 -13.0028 -56.1447 -24.2983 -58.8319 -31.4328
Episode 940, mean 100-episode return -34.27 +-84.73, returns -24.416 -23.5212 -42.5678 -43.7694 -68.8232 -35.1235 -60.3754 -65.486 -45.086 -50.8097
Episode 950, mean 100-episode return -50.02 +-53.51, returns -64.2203 -82.0113 -20.5152 -66.3498 -43.933 -87.4873 -98.0305 -95.4529 -45.2098 -31.7737
Episode 960, mean 100-episode return -44.61 +-51.14, returns -20.1179 -69.0833 -22.4064 -49.0384 -19.7091 -31.5119 4.79901 -13.9681 -38.3499 -44.0202
Episode 970, mean 100-episode return -43.48 +-50.18, returns -66.4405 -94.4373 -47.547 -44.4367 -120.672 -68.5675 -55.8407 -83.019 -63.228 -78.1338
Episode 980, mean 100-episode return -49.04 +-36.27, returns -48.5874 -82.5815 -92.5257 -55.4468 -55.7072 -60.9162 -56.1274 -62.2027 -75.2707 -52.3167
Episode 990, mean 100-episode return -51.31 +-25.54, returns -35.1481 -62.1189 -2.46395 -35.4461 -23.1014 -34.2214 -88.6917 -80.7979 -73.7115 -19.6304
Episode 1000, mean 100-episode return -48.49 +-24.46, returns -33.6654 -52.2017 -25.0466 -67.7562 -53.9069 -12.5481 -26.0515 -54.8747 -14.7239 -82.3848
Episode 1010, mean 100-episode return -48.42 +-24.02, returns -65.7008 -43.3081 -57.3675 -51.1402 -22.4948 -44.997 -22.8145 -43.5384 -16.0559 -21.0333
Episode 1020, mean 100-episode return -43.81 +-43.62, returns 314.2 -19.0686 -32.043 -41.9275 -29.2908 -22.0856 -22.4047 12.6573 -46.3528 -14.4463
Episode 1030, mean 100-episode return -41.86 +-45.50, returns 72.7608 -58.1386 -55.6001 -33.3249 -45.5661 -54.4417 -39.053 32.0915 -51.4016 -23.2114
Episode 1040, mean 100-episode return -44.85 +-47.35, returns -65.1628 -61.2374 -98.781 -109.712 -92.4714 -102.479 -54.1859 -74.4243 -5.21442 -95.6449
Episode 1050, mean 100-episode return -41.43 +-47.82, returns 6.20255 -21.7728 -76.3304 -20.11 -56.5321 -28.081 56.0822 -65.459 -36.9822 -50.0834
Episode 1060, mean 100-episode return -34.97 +-60.08, returns -41.1917 68.9958 -90.1454 246.571 77.4288 -31.1382 -8.56909 116.488 2.50373 1.76737
Episode 1070, mean 100-episode return -29.70 +-62.29, returns -82.1697 -49.4078 -12.5176 -59.277 173.718 -36.2783 -41.3505 -30.0114 -3.26246 -54.0823
Episode 1080, mean 100-episode return -23.80 +-67.89, returns -35.7738 -45.658 -21.0307 -57.2538 -9.37239 -41.6092 265.765 -18.2342 -60.5364 -27.9938
Episode 1090, mean 100-episode return -21.98 +-67.05, returns -44.7795 -12.7815 -33.2285 -16.8848 -35.9427 -18.0203 -44.0683 -19.9241 -28.2198 -20.1766
Episode 1100, mean 100-episode return -21.79 +-67.06, returns -19.2484 -11.4334 -59.9645 -16.0074 -86.3564 -42.2389 -12.6689 -42.3694 -58.6872 -55.1388
Episode 1110, mean 100-episode return -17.29 +-73.24, returns -55.7293 -20.107 -21.339 -35.1317 -12.2775 -25.4639 282.548 -29.3981 -8.18832 -13.5068
Episode 1120, mean 100-episode return -20.25 +-65.43, returns -24.9775 -9.53189 -19.71 -36.3659 -0.601342 -10.0389 -30.8511 -6.04141 14.6614 -72.8415
Episode 1130, mean 100-episode return -21.28 +-65.04, returns 7.43979 -74.0588 11.5946 1.52976 -50.1753 -75.0068 -28.0708 -67.0336 -37.7246 -47.2859
Episode 1140, mean 100-episode return -16.60 +-62.11, returns -49.2189 -50.3716 -21.4876 -8.29734 -6.04655 -33.8245 -16.8844 -35.9315 -13.4914 -55.6247
Episode 1150, mean 100-episode return -16.16 +-61.61, returns -7.91512 -41.9807 -59.3194 -42.6985 -25.8621 -44.5963 -39.0696 44.5738 1.14729 -33.8063
Episode 1160, mean 100-episode return -22.85 +-51.93, returns -43.5587 -17.4093 -41.7012 -26.0584 -53.0607 -43.4095 -21.8869 -26.6479 -15.3391 -37.1439
Episode 1170, mean 100-episode return -23.38 +-47.38, returns -28.2447 -8.57902 -16.0932 -11.8418 -34.4701 -25.957 -41.2661 -22.0675 -37.0355 -21.7404
Episode 1180, mean 100-episode return -25.78 +-37.27, returns -35.8141 -47.8372 -45.7788 -2.77128 -10.0457 -38.0817 -38.1442 -26.8918 -30.1414 -16.6972
Episode 1190, mean 100-episode return -25.60 +-37.87, returns -63.6617 -52.0516 -2.52346 -15.882 -53.2349 -21.0335 -34.5923 11.6231 0.804169 -25.0468
Episode 1200, mean 100-episode return -23.29 +-37.70, returns 4.3945 -25.6333 -38.5416 -13.4942 -27.1716 44.9368 -36.9993 -50.1074 -16.8614 -13.7999
Episode 1210, mean 100-episode return -26.04 +-32.50, returns -24.8434 -63.2874 200.989 -4.70273 -74.9537 -51.5002 -54.5742 -41.0955 -25.8663 -73.3904
Episode 1220, mean 100-episode return -27.06 +-46.27, returns -125.903 -201.151 203.732 75.1821 -63.9411 -16.767 -57.1113 -63.0648 32.7067 -82.4086
Episode 1230, mean 100-episode return -27.61 +-49.90, returns 92.8807 -30.5729 -85.2794 -67.9165 38.7419 -91.1201 -122.624 -17.09 -117.88 -12.6179
Episode 1240, mean 100-episode return -29.97 +-50.98, returns -43.6135 -69.7964 -50.186 -77.9994 -91.2156 -52.0046 -60.6938 -58.1507 -45.5683 21.4549
Episode 1250, mean 100-episode return -32.57 +-50.73, returns -41.0412 -40.4216 -70.4319 -75.4331 -37.2372 -36.657 -52.7287 -73.4358 -44.8934 -37.2735
Episode 1260, mean 100-episode return -34.32 +-50.97, returns -55.0544 -55.7341 -39.6323 -59.6168 -26.7818 -51.2439 -41.649 -48.7729 -64.6962 -57.2525
Episode 1270, mean 100-episode return -35.64 +-50.96, returns -18.4799 -40.7557 -34.6971 -58.713 -31.3706 -50.497 -36.5216 -12.6251 -44.3668 -51.5314
Episode 1280, mean 100-episode return -36.10 +-50.97, returns -54.3059 -21.9517 -18.0813 -27.9659 -14.4228 -69.1966 -24.9533 -40.8321 -31.3262 -35.0567
Episode 1290, mean 100-episode return -39.06 +-51.86, returns -27.9429 -115.002 -35.4648 -21.0509 -111.404 -100.459 -31.4064 -24.5718 -53.7931 -30.8027
Episode 1300, mean 100-episode return -40.59 +-52.74, returns -69.4833 -7.54221 -10.4616 -75.4053 -64.0544 -58.0973 -17.5604 -72.1119 78.8591 -30.7066
Episode 1310, mean 100-episode return -35.60 +-67.22, returns -75.8496 -44.0954 72.8883 -102.782 -223.066 222.064 -18.9373 196.816 81.8331 176.864
Episode 1320, mean 100-episode return -34.03 +-65.67, returns -57.9598 267.22 -22.5757 -54.7823 -50.132 -52.0542 -30.9787 -62.495 -33.1458 -44.7957
Episode 1330, mean 100-episode return -36.66 +-64.41, returns -11.6408 -31.344 -51.1419 -79.254 -66.0249 -174.267 -51.4144 -53.6059 -68.782 -88.3884
Episode 1340, mean 100-episode return -35.58 +-63.83, returns -31.0761 -32.2976 -58.0186 -60.1237 -1.91794 -46.6748 -55.4519 -57.5203 -47.8157 -28.9196
Episode 1350, mean 100-episode return -36.39 +-64.55, returns 2.08941 -74.7386 -42.5162 -38.2472 -81.0486 -90.517 -57.9495 -106.457 -49.6394 -51.6039
Episode 1360, mean 100-episode return -38.54 +-71.40, returns -32.5286 -84.0576 143.049 -164.202 -9.3916 -218.954 -111.607 -93.2741 -84.1823 -60.4436
Episode 1370, mean 100-episode return -39.65 +-80.32, returns -76.2783 -67.6893 -81.5627 91.6972 72.7721 150.224 -55.106 -195.51 -88.0084 -240.73
Episode 1380, mean 100-episode return -40.36 +-80.20, returns -48.6479 -32.6189 -37.3449 -54.3878 -41.9798 -54.4565 -39.2302 -20.9231 -43.4873 -36.8684
Episode 1390, mean 100-episode return -39.07 +-79.99, returns -6.58722 -139.793 -41.8598 -36.086 -25.6941 -53.2271 -23.9612 -44.1152 -20.6311 -30.2835
Episode 1400, mean 100-episode return -38.49 +-79.52, returns -47.007 -37.9483 -14.7595 -61.3366 -28.2158 -25.4177 63.699 -41.171 -15.0387 -61.1879
Episode 1410, mean 100-episode return -46.17 +-62.77, returns -33.5902 -39.807 -23.7917 -70.7154 -36.0574 -68.878 -77.7386 -57.7948 -34.3251 -40.18
Episode 1420, mean 100-episode return -49.65 +-54.35, returns -27.7751 -58.4695 -33.0218 -41.3992 -83.944 -54.1883 -43.8648 -56.75 -50.4987 -40.0114
Episode 1430, mean 100-episode return -49.39 +-53.02, returns -69.6741 -60.8784 -73.4532 -66.5591 -82.0921 -67.0691 -100.704 -33.4016 -34.3304 -61.6326
Episode 1440, mean 100-episode return -51.90 +-54.56, returns 13.1183 -63.4668 -33.6441 -120.633 -134.735 -89.6418 -41.5677 -68.8208 -37.8182 -93.5241
Episode 1450, mean 100-episode return -53.21 +-54.50, returns -77.9645 -56.7535 -114.381 -93.9378 -85.6871 -52.1136 -38.5715 -68.0843 -57.3615 -76.0697
Episode 1460, mean 100-episode return -54.64 +-47.52, returns -73.408 -113.452 -88.3927 -64.1025 -111.172 -64.9853 -114.367 -75.1833 -42.7037 -111.622
Episode 1470, mean 100-episode return -54.29 +-30.68, returns -44.9392 -40.3554 -30.5792 -23.9106 -40.2018 -18.2648 -46.1463 -62.2856 -92.3531 -56.1485
Episode 1480, mean 100-episode return -56.41 +-30.92, returns -44.2797 -48.4414 -31.8875 -53.4105 -76.5742 -71.0606 -71.0127 -57.376 -107.978 -59.6381
Episode 1490, mean 100-episode return -58.37 +-29.77, returns -38.5282 -46.4631 -75.1884 -67.2859 -104.131 -28.091 -81.1404 -28.1895 -102.331 -46.6672
Episode 1500, mean 100-episode return -59.96 +-26.76, returns -42.3483 -35.3288 -44.5715 -55.1026 -49.7136 -46.1229 -20.9342 -12.4278 -65.3226 -55.3563
Episode 1510, mean 100-episode return -61.21 +-26.70, returns -56.3246 -63.1866 -43.9461 -109.096 -41.9783 -79.4601 -64.681 -70.9825 -37.5963 -41.1784
Episode 1520, mean 100-episode return -63.19 +-26.33, returns -77.4335 -59.7467 -90.472 -63.8242 -79.1216 -56.1049 -61.5773 -69.7033 -82.3654 -47.1654
Episode 1530, mean 100-episode return -67.76 +-30.60, returns -108.811 -131.996 -101.527 -125.301 -64.2806 -140.749 -139.981 -59.6877 -124.457 -110.061
Episode 1540, mean 100-episode return -72.12 +-30.98, returns -90.361 -110.219 -122.457 -133.274 -117.027 -68.2165 -126.39 -101.238 -108.932 -128.822
Episode 1550, mean 100-episode return -73.75 +-31.13, returns -92.2553 -90.411 -66.5336 -95.4167 -118.627 -61.9369 -81.6865 -73.5912 -89.4364 -113.862
Episode 1560, mean 100-episode return -74.68 +-30.95, returns -94.3461 -91.3931 -76.6712 -94.9618 -72.2658 -106.371 -89.3855 -108.614 -117.546 -100.846
Episode 1570, mean 100-episode return -78.84 +-29.20, returns -111.199 -77.6265 -71.0492 -102.003 -82.1834 -73.072 -73.4136 -112.077 -84.8804 -84.1236
Episode 1580, mean 100-episode return -82.38 +-29.23, returns -75.5961 -96.6169 -100.838 -88.6569 -142.118 -72.6929 -92.6375 -76.6154 -98.4499 -130.596
Episode 1590, mean 100-episode return -88.19 +-29.96, returns -115.835 -134.796 -133.694 -105.926 -96.3522 -131.908 -95.6378 -139.047 -160.773 -85.5718
Episode 1600, mean 100-episode return -93.23 +-26.23, returns -84.5848 -120.858 -84.6884 -82.0038 -104.588 -122.783 -61.3196 -86.1671 -67.5308 -116.759
Episode 1610, mean 100-episode return -98.20 +-26.03, returns -130.269 -87.8369 -131.213 -153.105 -50.7601 -90.0591 -137.265 -107.585 -56.4232 -160.767
Episode 1620, mean 100-episode return -99.97 +-25.41, returns -51.1431 -101.295 -102.971 -56.1179 -75.2227 -55.5505 -113.377 -105.032 -120.944 -82.654
Episode 1630, mean 100-episode return -93.45 +-32.46, returns -119.368 -31.2599 -62.7639 -113.306 -32.0227 -61.5944 66.4364 -38.1598 -36.6726 -26.6229
Episode 1640, mean 100-episode return -89.98 +-33.42, returns -60.6625 -41.4346 -105.695 -153.255 -82.9206 -74.8148 -32.6646 -87.5601 -49.2458 -71.6734
Episode 1650, mean 100-episode return -88.70 +-33.49, returns -78.7688 -72.7807 -47.0406 -74.2788 -89.3275 -61.4362 -78.9137 -78.795 -79.7044 -94.852
Episode 1660, mean 100-episode return -88.76 +-33.63, returns -90.748 -61.0154 -112.391 -83.9239 -104.306 -99.6994 -118.395 -89.304 -111.992 -86.1581
Episode 1670, mean 100-episode return -90.42 +-35.46, returns -62.6706 -189.347 -95.6399 -108.986 -112.82 -63.3013 -127.146 -116.887 -91.0608 -69.8961
Episode 1680, mean 100-episode return -91.77 +-35.59, returns -111.488 -108.614 -76.4771 -98.2415 -121.062 -125.469 -124.471 -104.682 -111.397 -127.549
Episode 1690, mean 100-episode return -89.77 +-34.00, returns -86.9277 -80.3932 -87.7698 -106.071 -120.567 -113.41 -94.0479 -112.787 -107.934 -90.309
Episode 1700, mean 100-episode return -89.99 +-33.78, returns -114.649 -83.7772 -97.5144 -83.2676 -90.5332 -110.661 -59.812 -116.204 -95.8323 -100.403
Episode 1710, mean 100-episode return -85.89 +-31.82, returns -89.6921 -45.8958 -58.1946 -94.9394 -56.5752 -61.5142 -80.8885 -77.4437 -63.6317 -66.8719
Episode 1720, mean 100-episode return -80.03 +-46.44, returns -20.291 -68.3959 199.89 59.7988 -64.2178 -46.8783 -170.713 -23.0265 -109.701 -35.0201
Episode 1730, mean 100-episode return -82.61 +-54.33, returns -191.352 -73.5302 -215.713 -67.4514 -112.806 204.713 -31.6353 -94.3053 -69.21 -61.2622
Episode 1740, mean 100-episode return -82.22 +-53.75, returns -68.1631 -97.4257 -96.0881 -35.1406 -72.1067 -97.5067 -81.5372 -48.1298 -68.96 -56.721
Episode 1750, mean 100-episode return -79.74 +-54.84, returns -41.1231 -35.7309 -35.7976 -46.1678 -31.8338 -56.835 -74.2451 -53.8209 -29.6437 -102.54
Episode 1760, mean 100-episode return -73.95 +-55.85, returns -26.7867 -56.3921 -45.4681 -32.0945 -30.1265 -33.5103 -69.0624 -30.478 -16.6658 -37.8774
Episode 1770, mean 100-episode return -66.87 +-55.28, returns -38.3825 -60.1684 -19.1436 -16.4179 -54.7415 -4.4261 -46.3641 -28.28 -53.8337 -8.57668
Episode 1780, mean 100-episode return -58.62 +-54.30, returns -51.0164 -21.6722 -31.6848 -25.5986 -13.6455 -58.9937 -17.2802 -3.78256 -17.066 -43.0808
Episode 1790, mean 100-episode return -51.92 +-53.15, returns -35.3229 -53.6557 6.15762 -9.69923 -27.3592 -51.6237 -40.5897 -54.6465 -8.92474 -54.8184
Episode 1800, mean 100-episode return -45.77 +-51.63, returns -2.3255 -12.2322 -7.78994 -66.0355 -19.5333 -29.4502 -58.4209 -76.4131 -41.9273 -23.392
Episode 1810, mean 100-episode return -40.42 +-62.65, returns -39.8624 -85.5604 -37.334 -24.7242 -48.9582 318.284 -88.3427 -50.0695 -52.2026 -52.0522
Episode 1820, mean 100-episode return -45.04 +-56.13, returns -114.312 -66.1641 -57.8795 -34.1906 -86.6815 -53.1052 -66.7028 -72.7702 -100.786 -88.2275
Episode 1830, mean 100-episode return -41.77 +-44.15, returns -23.238 -48.6996 -16.862 -59.4062 -57.8718 -38.0163 -22.2832 -59.732 -40.9426 -17.8903
Episode 1840, mean 100-episode return -37.76 +-43.19, returns -57.2631 -21.6165 -10.0044 2.23375 -24.5544 -16.2529 -26.67 -64.346 -26.8076 -75.4015
Episode 1850, mean 100-episode return -38.13 +-43.23, returns -67.741 -48.9339 -41.5835 -46.4245 -16.1811 -84.4912 -54.6266 -59.387 -41.314 -84.3247
Episode 1860, mean 100-episode return -39.87 +-43.39, returns -52.1847 -54.1767 -58.1607 -63.7364 -43.8573 -48.4378 -78.6361 -50.7355 -46.9091 -55.8024
Episode 1870, mean 100-episode return -42.40 +-43.75, returns -51.8017 -73.8327 -87.5402 -16.0938 -70.3164 -64.8997 -56.4712 -49.3316 -30.465 -82.6061
Episode 1880, mean 100-episode return -42.80 +-44.08, returns -34.161 -49.4418 -2.3098 -22.6902 2.38834 5.15073 -47.6218 -39.3763 -70.9266 -64.829
Episode 1890, mean 100-episode return -40.35 +-45.18, returns -30.9036 -47.8673 -2.74842 17.074 -13.6762 14.0968 6.14434 6.23118 -26.1243 -7.21651
Episode 1900, mean 100-episode return -34.55 +-51.25, returns 23.4558 0.152032 27.6349 7.50662 1.93636 -20.4984 8.98096 173.898 20.0984 -0.94845
Episode 1910, mean 100-episode return -15.96 +-77.98, returns 197.334 253.721 173.878 238.984 207.113 53.7017 -69.9546 255.655 190.51 197.305
Episode 1920, mean 100-episode return -3.41 +-82.66, returns 6.17865 3.05081 -24.86 5.31271 -10.3799 238.009 -29.282 2.27485 174.104 149.108
Episode 1930, mean 100-episode return 18.15 +-103.52, returns 231.058 237.997 64.2885 214.817 224.87 272.611 166.541 -112.434 214.786 256.915
Episode 1940, mean 100-episode return 20.75 +-102.61, returns -4.85234 33.6226 -12.473 -42.8296 -32.585 -27.1807 16.5197 16.3023 25.9432 -33.5731
Episode 1950, mean 100-episode return 32.18 +-104.59, returns -12.2687 -48.5226 -8.60224 -5.56761 216.966 -17.6321 134.372 198.58 165.023 -23.603
Episode 1960, mean 100-episode return 48.53 +-106.05, returns -3.55234 183.188 187.339 -0.620425 150.99 -23.9083 165.914 186.966 194.342 41.2056
Episode 1970, mean 100-episode return 71.33 +-107.20, returns 234.37 192.658 224.197 170.29 220.099 42.2829 41.9454 224.962 135.525 210.226
Episode 1980, mean 100-episode return 82.04 +-109.19, returns -48.9799 240.228 -84.3019 -36.0901 179.074 201.344 187.421 -31.9845 -66.5551 207.062
Episode 1990, mean 100-episode return 96.81 +-108.72, returns 204.499 20.367 196.781 177.717 -26.4294 191.859 168.949 172.451 74.5996 211.512
Episode 2000, mean 100-episode return 114.59 +-109.57, returns 235.526 280.58 143.017 264.923 200.4 161.09 175.152 182.323 210.688 166.34
Episode 2010, mean 100-episode return 116.21 +-107.59, returns 28.7841 167.434 212.401 196.024 201.13 230.799 217.3 196.456 193.955 216.24
Episode 2020, mean 100-episode return 129.46 +-105.25, returns 171.364 271.489 166.479 216.704 224.422 188.161 206.403 -6.46989 183.813 216.323
Episode 2030, mean 100-episode return 129.74 +-101.10, returns 231.929 220.476 232.654 170.687 159.449 49.6148 228.204 100.679 227.815 177.558
Episode 2040, mean 100-episode return 147.59 +-94.29, returns 32.8628 206.73 203.782 205.445 211.417 -21.2184 221.889 234.597 230.255 197.909
Episode 2050, mean 100-episode return 157.38 +-86.78, returns 246.141 187.569 132.667 166.465 -20.2221 149.365 201.643 170.248 223.176 120.581
Episode 2060, mean 100-episode return 163.29 +-86.87, returns 197.971 222.585 204.18 246.617 194.27 -20.6533 -41.3924 259.789 241.179 169.198
Episode 2070, mean 100-episode return 165.24 +-87.56, returns 207.684 221.228 176.057 252.092 118.42 253.706 219.693 227.903 -2.95436 217.117
Episode 2080, mean 100-episode return 175.20 +-71.82, returns 193.504 188.173 204.04 198.324 166.261 192.01 152.738 146.826 105.292 196.533
Episode 2090, mean 100-episode return 174.10 +-71.43, returns 196.856 32.356 171.182 155.64 27.4296 150.386 12.9912 175.699 147.312 212.039
Episode 2100, mean 100-episode return 170.36 +-71.62, returns 166.889 176.034 155.287 219.302 218.774 217.432 149.142 166.912 155.779 20.9901
Episode 2110, mean 100-episode return 159.90 +-81.87, returns 177.63 198.589 177.778 -40.0817 117.772 222.649 -63.2161 -85.9304 14.5351 94.7379
Episode 2120, mean 100-episode return 155.69 +-83.66, returns 184.612 139.55 198.799 207.129 243.542 -14.6306 37.8438 4.61997 206.253 209.897
Episode 2130, mean 100-episode return 135.91 +-100.21, returns -172.417 28.6589 -105.895 -28.4927 2.06368 -31.0746 202.688 -24.6019 -23.9826 -26.1077
Episode 2140, mean 100-episode return 116.91 +-106.81, returns -38.4879 -15.9287 -43.2215 -40.0051 104.435 -43.7845 -3.01997 -85.4977 -11.1468 0.167157
Episode 2150, mean 100-episode return 97.66 +-114.98, returns -27.448 -54.4835 -20.4123 -41.9545 -23.0989 -69.8858 -63.4387 134.718 -180.359 -1.02466
Episode 2160, mean 100-episode return 77.98 +-113.90, returns -35.1027 -28.253 -76.014 -36.855 -30.2574 -52.4964 -6.14836 -5.8773 -41.4173 18.5668
Episode 2170, mean 100-episode return 59.38 +-109.40, returns -51.5407 -4.71237 -26.8754 -48.0426 -15.8895 -13.6391 223.377 -12.9747 -13.8566 -5.51626
Episode 2180, mean 100-episode return 40.79 +-103.72, returns -18.7576 -17.4011 -12.9091 -22.9343 23.4492 21.8744 -44.8108 -25.6664 5.57982 -23.1457
Episode 2190, mean 100-episode return 43.77 +-104.46, returns 170.264 129.69 200.326 179.089 145.037 134.97 141.621 131.216 166.388 181.303
Episode 2200, mean 100-episode return 39.79 +-101.51, returns 171 -21.9109 182.268 116.257 161.172 146.635 168.187 158.736 -5.17921 171.458
Episode 2210, mean 100-episode return 46.93 +-104.64, returns 187.895 163.815 210.031 -28.0172 174.641 207.634 199.078 216.79 217.045 -20.487
Episode 2220, mean 100-episode return 51.33 +-109.21, returns 205.103 237.185 43.7634 227.995 -16.3511 196.149 241.907 224.119 268.611 229.272
Episode 2230, mean 100-episode return 74.39 +-115.59, returns 260.131 222.272 207.063 261.039 233.343 223.719 -28.2328 259.738 234.875 252.714
Episode 2240, mean 100-episode return 93.10 +-117.54, returns 210.575 237.461 176.626 -21.0355 66.1917 244.692 232.586 247.317 266.711 33.0987
Episode 2250, mean 100-episode return 119.01 +-112.86, returns 203.798 239.751 231.747 198.344 238.624 210.255 203.011 208.544 246.861 263.119
Episode 2260, mean 100-episode return 139.54 +-105.61, returns 218.169 225.045 217.273 239.228 217.205 11.285 -10.2722 214.202 202.252 224.389
Episode 2270, mean 100-episode return 155.58 +-95.73, returns 172.674 -67.5309 140.319 215.974 216.033 177.273 204.036 184.012 192.924 198.241
Episode 2280, mean 100-episode return 172.79 +-78.80, returns 140.673 176.421 63.6825 143.312 136.614 207.332 158.366 200.521 170.377 209.007
Episode 2290, mean 100-episode return 174.39 +-84.61, returns 227.032 216.357 15.3087 243.54 -22.861 268.455 236.076 81.473 245.684 229.063
Episode 2300, mean 100-episode return 181.52 +-85.50, returns 263.596 280.085 204.863 224.981 241.709 264.523 43.7476 223.483 233.454 -18.9436
Episode 2310, mean 100-episode return 178.18 +-86.11, returns 124.151 201.063 126.343 151.189 208.21 -9.68696 203.174 -32.0631 103.729 118.629
Episode 2320, mean 100-episode return 164.37 +-95.82, returns 186.5 -53.5069 66.4296 -64.9227 -20.4305 -80.3924 200.807 81.6472 -6.11243 166.508
Episode 2330, mean 100-episode return 149.91 +-98.61, returns 81.1409 -39.6489 121.99 -28.1255 151.141 54.8583 59.7031 -56.5636 109.64 226.544
Episode 2340, mean 100-episode return 142.41 +-95.01, returns 65.7076 64.8734 85.5133 99.1559 84.4614 101.063 147.632 78.427 91.605 125.924
Episode 2350, mean 100-episode return 126.26 +-98.84, returns 235.252 -70.3925 7.4341 -23.9848 105.743 -34.7932 172.745 -48.1853 109.152 176.315
Episode 2360, mean 100-episode return 119.93 +-99.05, returns -6.25775 194.169 -28.4529 209.258 174.622 33.8614 204.815 204.892 -48.8334 187.178
Episode 2370, mean 100-episode return 107.84 +-100.80, returns 252.548 40.2732 -5.37406 12.6821 146.696 35.7703 -39.488 -22.0007 -7.91525 11.9908
Episode 2380, mean 100-episode return 88.78 +-106.34, returns -41.0275 1.2596 -47.4579 11.5188 -48.7622 -41.3899 -67.4861 -18.0884 -5.08556 -43.6164
Episode 2390, mean 100-episode return 78.92 +-102.23, returns 16.059 162.451 233.827 194.724 -65.717 165.397 11.5167 46.2967 -31.858 21.5151
Episode 2400, mean 100-episode return 66.56 +-95.85, returns -32.4424 177.397 -57.3273 -93.2333 168.687 55.2743 176.011 184.325 167.222 -20.4418
Episode 2410, mean 100-episode return 55.29 +-99.10, returns -153.713 149.831 191.171 -57.0721 -48.4028 -87.085 -59.0519 175.856 -33.659 -9.93456
Episode 2420, mean 100-episode return 56.18 +-98.94, returns -65.0111 234.682 126.912 -69.6434 25.6045 -36.5044 164.354 107.003 112.87 -35.0072
Episode 2430, mean 100-episode return 45.07 +-100.21, returns -15.7545 -45.0334 -131.43 -37.2173 -68.3824 -68.5352 -29.4358 -7.43895 -36.3103 9.91403
Episode 2440, mean 100-episode return 33.57 +-103.72, returns -117.344 -72.2127 -38.3827 -51.57 -61.4338 51.9974 114.845 136.175 -63.2797 -104.556
Episode 2450, mean 100-episode return 21.49 +-101.59, returns -52.3342 -57.0572 -79.9226 -56.9405 -49.6289 -3.38369 -65.2086 -54.2919 -76.7199 -83.6971
Episode 2460, mean 100-episode return 1.18 +-96.44, returns -86.7169 -94.5953 -115.1 -136.644 -76.5351 -70.4837 -114.253 -79.0586 -75.3989 -56.5653
Episode 2470, mean 100-episode return -7.12 +-92.67, returns -57.3209 -26.2016 -42.5074 -40.5828 17.8482 -23.8174 -69.6034 -70.8368 -15.0144 -76.8462
Episode 2480, mean 100-episode return -8.02 +-92.78, returns -37.2964 -71.0123 -19.351 -16.8961 -47.6101 -39.3933 -30.4955 -67.8044 -32.722 -27.6032
Episode 2490, mean 100-episode return -17.98 +-85.94, returns -79.7439 -44.0026 -41.5828 -80.5725 171.411 -93.2985 9.72061 -56.7995 -5.48923 -21.0444
Episode 2500, mean 100-episode return -24.45 +-77.73, returns 5.79842 217.361 50.4976 -2.30654 -17.3118 22.1033 -35.821 -67.7714 -74.0808 -20.3733
Episode 2510, mean 100-episode return -26.09 +-73.54, returns -36.8769 0.888535 -81.3045 241.533 -30.299 -54.5006 -41.7797 -0.145474 -52.0634 -41.5182
Episode 2520, mean 100-episode return -33.99 +-60.69, returns -14.6277 2.4328 -32.1099 -48.649 -50.3294 9.32837 -22.6312 -2.06713 -52.0265 -14.1883
Episode 2530, mean 100-episode return -33.08 +-59.82, returns -37.6884 -57.9262 -28.5929 -42.4801 -32.8857 -59.4541 -11.8774 -49.4824 15.2344 -32.75
Episode 2540, mean 100-episode return -32.41 +-53.97, returns -22.9642 -14.9456 -52.3018 -4.18441 -0.116946 -19.8869 15.1077 8.00628 -20.7763 -27.4833
Episode 2550, mean 100-episode return -14.14 +-74.80, returns 185.355 154.798 124.448 -25.8243 182.438 162.373 175.493 -42.0371 161.638 169.105
Episode 2560, mean 100-episode return 1.55 +-77.96, returns -119.628 10.7779 118.729 138.743 15.9204 163.792 28.4394 28.0236 126.935 152.647
Episode 2570, mean 100-episode return 20.24 +-88.26, returns 142.926 181.254 154.48 115.604 180.104 185.642 26.501 171.187 183.894 122.525
Episode 2580, mean 100-episode return 35.81 +-96.15, returns 202.385 192.027 7.97078 -49.529 193.076 177.215 185.574 -3.64744 259.91 1.45512
Episode 2590, mean 100-episode return 53.76 +-100.85, returns 107.645 270.533 214.112 11.7341 219.585 208.651 102.573 90.2604 72.944 255.426
Episode 2600, mean 100-episode return 71.61 +-108.39, returns 37.3708 210.538 259.391 95.4343 226.132 229.759 228.235 301.603 1.05609 273.934
Episode 2610, mean 100-episode return 87.81 +-106.05, returns 200.912 212.921 151.391 216.78 209.832 120.598 91.7676 128.432 -20.3744 211.844
Episode 2620, mean 100-episode return 102.53 +-104.29, returns 44.499 194.804 65.0615 24.9411 33.6786 -18.7195 220.557 222.579 267.581 191.357
Episode 2630, mean 100-episode return 120.06 +-100.62, returns 217.853 42.3838 203.466 250.662 9.9404 -11.5075 201.547 -17.5891 290.429 228.171
Episode 2640, mean 100-episode return 133.65 +-95.67, returns 93.8663 277.038 -2.27337 262.816 97.5718 90.1958 -14.6219 14.0549 200.263 200.215
Episode 2650, mean 100-episode return 123.55 +-102.91, returns -28.735 -44.2661 179.984 104.713 -66.8736 221.792 -13.1611 -16.9936 -40.3759 -58.197
Episode 2660, mean 100-episode return 119.77 +-110.19, returns -144.951 23.9291 -52.9581 -67.388 275.105 -29.1386 -34.0822 77.2085 -18.0946 257.379
Episode 2670, mean 100-episode return 99.97 +-120.86, returns -148.396 -47.1991 -66.8592 6.81883 -62.665 -8.7335 -73.675 -82.0543 -50.2518 17.0336
Episode 2680, mean 100-episode return 85.82 +-125.25, returns -34.5448 -40.0454 -18.8299 -69.3391 -48.857 -81.1222 -57.5931 -72.0952 -80.2397 253.538
Episode 2690, mean 100-episode return 67.53 +-128.02, returns -43.3083 -53.1801 -36.557 -43.528 -86.2806 -103.945 -70.6434 -48.4727 -45.7372 256.895
Episode 2700, mean 100-episode return 50.90 +-122.89, returns 78.7187 -21.4855 -62.8408 -52.6971 -65.688 -6.01643 -28.7862 159.532 264.42 -65.5599
Episode 2710, mean 100-episode return 35.45 +-119.56, returns 0.420718 -29.0035 -55.0198 -57.6834 -67.763 -44.8923 118.514 197.53 -41.6825 -40.4953
Episode 2720, mean 100-episode return 23.83 +-114.35, returns -36.0347 -58.7753 154.689 -59.6212 -22.2 -19.9914 -33.913 4.97974 166.011 -10.8744
Episode 2730, mean 100-episode return 9.82 +-104.53, returns -26.4909 -9.04259 -15.6558 -1.0424 -51.7848 -70.1739 -34.408 -60.9314 54.3424 229.05
Episode 2740, mean 100-episode return 6.07 +-101.28, returns 30.9621 136.969 85.7357 39.378 -40.0071 84.2119 58.5424 -70.3721 261.407 257.117
Episode 2750, mean 100-episode return 14.20 +-104.18, returns 77.8019 76.4948 -20.0157 176.712 10.4586 3.83164 145.8 174.842 159.941 245.457
Episode 2760, mean 100-episode return 18.67 +-105.01, returns -10.5367 255.707 267.168 -16.2094 -6.55364 2.57566 -33.0764 269.697 -8.27823 13.2953
Episode 2770, mean 100-episode return 30.73 +-106.00, returns 127.13 -19.5317 -51.1621 169.676 148.058 -48.8224 154.524 -36.7667 123.852 123.622
Episode 2780, mean 100-episode return 36.08 +-103.29, returns 6.36796 12.952 1.13582 191.331 186.57 -25.2357 -0.949337 -46.8556 -21.5854 -18.1207
Episode 2790, mean 100-episode return 37.36 +-98.08, returns -36.4733 -27.8293 -34.437 -18.7524 -2.03158 -32.2868 23.7221 8.95591 -2.80823 -25.0162
Episode 2800, mean 100-episode return 38.88 +-98.04, returns -48.4006 7.52556 -13.2707 -46.5724 -21.9238 38.4377 209.696 -11.7439 276.944 -39.1104
Episode 2810, mean 100-episode return 49.95 +-101.16, returns 171.429 9.93247 -16.4454 185.312 52.2437 174.291 -90.5199 257.893 181.108 161.964
Episode 2820, mean 100-episode return 55.92 +-100.10, returns 29.8081 17.2449 -14.9061 191.103 33.3677 152.643 144.449 -7.63334 142.825 -8.17861
Episode 2830, mean 100-episode return 62.85 +-100.82, returns 28.049 -25.4239 130.467 186.869 -1.9439 -42.431 110.735 -85.386 137.691 268.188
Episode 2840, mean 100-episode return 66.02 +-100.77, returns 126.46 144.521 151.733 43.269 118.126 -13.0459 -23.3054 314.614 145.585 153.145
Episode 2850, mean 100-episode return 55.34 +-98.44, returns 43.5604 -40.698 -8.77901 8.94253 5.77145 -10.337 -15.9302 29.2827 -11.7315 -16.7171
Episode 2860, mean 100-episode return 64.82 +-97.75, returns 182.413 182.142 145.178 175.484 188.052 212.241 268.943 140.152 134.486 53.1279
Episode 2870, mean 100-episode return 75.24 +-101.16, returns 190.775 194.821 18.6849 267.27 215.782 231.533 148.48 177.743 124.753 162.215
Episode 2880, mean 100-episode return 90.03 +-102.40, returns 109.154 102.572 199.62 116.381 190.571 310.436 164.721 186.521 206.084 178.571
Episode 2890, mean 100-episode return 114.09 +-103.38, returns 253.624 189.868 227.327 248.957 210.439 214.164 209.287 206.19 282.406 216.812
Episode 2900, mean 100-episode return 133.69 +-99.64, returns 233.414 274.81 230.907 227.615 212.665 218.514 195.054 255.062 223.076 240.225
Episode 2910, mean 100-episode return 143.96 +-98.06, returns 252.531 229.575 197.414 240.342 221.367 242.973 241.627 219.969 32.2377 237.028
Episode 2920, mean 100-episode return 158.13 +-95.65, returns 239.498 232.861 239.464 219 288.573 20.0016 197.79 218.485 214.37 227.064
Episode 2930, mean 100-episode return 168.89 +-88.10, returns 314.677 103.801 139.212 169.038 120.061 100.585 252.158 270.638 83.2509 229.271
Episode 2940, mean 100-episode return 174.75 +-84.02, returns 178.579 192.442 224.254 -23.1115 202.984 199.994 217.311 197.332 192.465 165.508
Episode 2950, mean 100-episode return 187.19 +-69.14, returns 86.8359 -64.566 199.887 143.389 106.239 215.191 195.087 229.722 46.0214 69.1877
Episode 2960, mean 100-episode return 185.51 +-75.45, returns 283.902 60.2732 135.52 288.274 192.533 179.819 -75.7453 155.64 69.7782 224.699
Episode 2970, mean 100-episode return 188.43 +-73.91, returns 267.792 196.495 207.08 175.146 160.574 284.545 221.523 171.95 194.032 144.183
Episode 2980, mean 100-episode return 186.99 +-74.86, returns 161.041 203.187 198.688 180.807 21.6586 164.569 56.9109 218.134 225.931 190.357
Episode 2990, mean 100-episode return 183.28 +-73.60, returns 186.051 138.743 178.127 216.484 206.535 192.752 188.229 218.303 183.193 179.315
Episode 3000, mean 100-episode return 180.66 +-74.17, returns 193.652 54.6087 256.199 196.234 211.374 213.545 213.543 191.87 253.19 265.515
Episode 3010, mean 100-episode return 182.01 +-72.97, returns 227.398 230.64 235.852 301.921 240.509 192.165 173.847 211.304 222.043 214.458
Episode 3020, mean 100-episode return 183.12 +-70.92, returns 213.23 206.459 266.555 193.503 206.096 250.942 259.811 189.517 183.493 237.727
Episode 3030, mean 100-episode return 183.39 +-71.34, returns 192.215 222.056 237.64 177.397 187.559 305.598 177.87 5.10216 235.618 69.2716
Episode 3040, mean 100-episode return 180.96 +-77.95, returns 190.65 -59.5714 149.735 258.931 201.543 174.957 280.856 -67.0902 247.859 126.101
Episode 3050, mean 100-episode return 189.59 +-73.19, returns 244.947 248.997 217.568 274.609 157.178 255.648 200.174 223.835 47.7393 220.249
Episode 3060, mean 100-episode return 198.34 +-67.88, returns 276.247 245.795 284.581 251.968 223.312 259.532 216.565 253.307 79.5098 298.362
Episode 3070, mean 100-episode return 202.79 +-68.45, returns 298.259 248.755 253.536 225.097 237.64 229.219 251.425 254.247 254.596 215.622
Episode 3080, mean 100-episode return 208.62 +-69.77, returns 243.98 44.6712 242.301 49.872 295.846 263.754 253.891 282.217 266.703 260.905
Episode 3090, mean 100-episode return 205.62 +-77.22, returns 239.457 29.7118 115.23 -15.5347 55.8068 223.199 238.611 245.536 211.641 244.558
Episode 3100, mean 100-episode return 204.23 +-80.82, returns 233.444 10.4987 214.558 233.275 268.522 220.266 142.41 287.448 268.41 31.4697
Episode 3110, mean 100-episode return 201.14 +-84.51, returns 252.114 236.526 44.6344 63.7376 241.494 268.191 79.3847 255.663 261.741 237.648
Episode 3120, mean 100-episode return 202.23 +-86.36, returns 222.252 237.536 241.751 260.032 259.14 297.27 65.1253 256.434 246.87 229.929
Episode 3130, mean 100-episode return 206.68 +-85.09, returns 276.214 244.434 216.968 252.249 242.305 33.264 295.972 239.519 234.163 219.813
Episode 3140, mean 100-episode return 215.33 +-77.67, returns 44.37 258.93 262.743 258.552 232.389 275.352 256.796 248.417 234.496 297.63
Episode 3150, mean 100-episode return 214.22 +-80.42, returns 270.411 247.984 218.523 116.066 256.888 245.352 29.6489 221.724 64.5853 308.201
Episode 3160, mean 100-episode return 209.13 +-82.69, returns 242.091 62.3255 49.6146 257.569 218.748 253.313 253.431 255.484 65.377 222.618
Episode 3170, mean 100-episode return 193.39 +-93.91, returns 249.11 -18.9225 25.3888 -38.137 180.703 5.93216 149.614 16.9683 106.325 217.416
Episode 3180, mean 100-episode return 186.93 +-97.84, returns 247.004 305.996 169.784 223.587 245.503 232.461 56.9648 -56.0236 -55.72 188.448
Episode 3190, mean 100-episode return 193.21 +-95.93, returns 275.999 259.17 256.69 122.765 38.9748 264.73 280.526 202.532 252.831 262.251
Episode 3200, mean 100-episode return 191.95 +-95.62, returns 255.336 201.605 322.81 202.558 195.664 209.236 166.195 27.5284 15.0555 188.308
Episode 3210, mean 100-episode return 184.78 +-99.77, returns 211.571 199.408 189.702 205.825 188.23 20.4486 239.627 -52.8986 -34.0139 55.7038
Episode 3220, mean 100-episode return 179.19 +-98.99, returns 159.507 228.396 179.991 205.414 199.817 -14.6846 185.196 213.463 199.946 200.51
Episode 3230, mean 100-episode return 171.36 +-96.90, returns 178.047 73.2194 149.707 195.3 176.173 140.431 149.401 178.596 44.983 185.793
Episode 3240, mean 100-episode return 159.42 +-95.20, returns 34.1131 40.3383 13.3668 115.151 167.31 185.468 199.284 122.041 163.946 134.761
Episode 3250, mean 100-episode return 159.02 +-91.16, returns 203.02 167.895 226.629 170.32 196.06 159.002 182.523 252.298 190.362 191.387
Episode 3260, mean 100-episode return 157.57 +-88.27, returns 156.766 169.504 204.371 42.7254 243.464 178.948 177.864 172.909 235.704 153.315
Episode 3270, mean 100-episode return 147.49 +-95.51, returns -19.9682 -19.1971 -22.003 0.825906 -24.2379 -23.8814 18.7563 7.50982 -36.3696 4.95293
Episode 3280, mean 100-episode return 131.83 +-98.15, returns -20.5066 10.3102 -35.9589 54.9697 22.8971 -1.6858 7.99269 -3.34436 -20.6932 -21.9949
Episode 3290, mean 100-episode return 118.49 +-93.80, returns 125.041 19.959 152.607 149.054 160.774 157.989 99.8158 46.1438 -69.3978 40.5782
Episode 3300, mean 100-episode return 98.91 +-95.74, returns -25.5022 14.6561 13.1393 14.8707 -6.65059 -27.56 -46.0097 -24.9711 -42.6802 -42.7712
Episode 3310, mean 100-episode return 81.04 +-100.58, returns -37.5425 -75.1029 -58.4257 -92.2259 -73.1674 -66.1217 -60.0173 -16.3902 -24.2749 -59.8402
Episode 3320, mean 100-episode return 61.94 +-97.02, returns -14.6437 20.2725 -44.4966 10.7105 -25.3611 26.4133 -42.5534 -46.3441 -14.3531 -22.5997
Episode 3330, mean 100-episode return 46.08 +-93.75, returns 3.75668 6.73531 -1.80901 -16.5271 8.91707 -42.9778 -38.8736 -28.5759 17.6216 -22.5019
Episode 3340, mean 100-episode return 32.96 +-89.98, returns 13.7605 -49.9116 -11.1451 -8.00763 -34.0803 3.76403 -6.85886 -4.93442 -2.79065 -36.2292
Episode 3350, mean 100-episode return 27.11 +-84.74, returns 30.0278 219.593 190.949 177.653 169.357 -9.26738 183.459 233.541 9.63808 149.328
Episode 3360, mean 100-episode return 31.07 +-91.64, returns 271.659 224.521 189.827 235.955 200.754 271.617 258.163 145.853 163.361 170.235
Episode 3370, mean 100-episode return 51.53 +-102.20, returns 196.978 230.411 178.643 180.758 207.538 178.962 222.339 202.998 167.165 166.926
Episode 3380, mean 100-episode return 65.75 +-108.92, returns 168.992 236.155 264.05 238.854 191.552 77.2631 218.845 -70.0665 -3.20421 90.8301
Episode 3390, mean 100-episode return 72.51 +-111.54, returns 79.5246 179.865 169.969 156.26 174.016 205.767 277.026 47.6103 168.563 100.788
Episode 3400, mean 100-episode return 94.03 +-114.61, returns 222.495 199.431 223.614 185.246 41.4204 271.35 115.007 224.014 221.492 273.672
Episode 3410, mean 100-episode return 123.64 +-110.04, returns 269.157 242.887 225.606 256.809 262.44 227.521 229.516 248.861 207.079 228.03
Episode 3420, mean 100-episode return 140.94 +-102.75, returns 248.776 105.631 275.327 108.66 45.8232 53.8632 102.934 205.918 222.737 207.738
Episode 3430, mean 100-episode return 158.55 +-93.81, returns 21.3831 163.541 218.088 209.665 245.431 216.567 197.499 239.311 181.52 -46.1466
Episode 3440, mean 100-episode return 180.27 +-75.87, returns 215.821 186.291 251.8 262.226 165.144 228.542 238.113 89.5492 194.074 203.904
Episode 3450, mean 100-episode return 183.41 +-72.88, returns 194.662 218.621 30.3697 184.836 198.036 208.391 108.401 65.1076 252.56 207.024
Episode 3460, mean 100-episode return 173.01 +-77.72, returns 191.726 -26.466 176.112 169.322 31.9281 53.6189 32.43 122.27 153.257 187.77
Episode 3470, mean 100-episode return 165.19 +-86.40, returns 48.5793 250.668 -24.2336 176.006 126.355 252.215 -89.7416 151.973 216.352 42.6034
Episode 3480, mean 100-episode return 167.06 +-88.69, returns 273.806 224.079 -57.9038 227.165 221.135 -41.2662 7.69356 251.855 267.589 226.345
Episode 3490, mean 100-episode return 171.08 +-89.96, returns 258.529 250.885 252.924 23.3907 149.21 268.127 109.382 221.377 212.374 215.662
Episode 3500, mean 100-episode return 175.52 +-90.54, returns 238.786 229.765 213.638 256.238 250.823 260.94 147.784 294.666 263.845 264.829
Episode 3510, mean 100-episode return 177.42 +-92.15, returns 246.536 248.383 277.255 271.839 280.852 252.789 281.87 240.886 278.636 209.121
Episode 3520, mean 100-episode return 182.99 +-94.35, returns 262.871 233.084 280.218 245.859 271.57 28.3183 266.598 11.0371 299.16 235.711
Episode 3530, mean 100-episode return 182.93 +-97.02, returns 251.856 18.0084 40.1349 268.128 247.397 261.74 278.217 247.599 13.2275 14.1711
Episode 3540, mean 100-episode return 182.35 +-99.99, returns 20.8572 242.271 247.441 276.481 266.216 221.049 232.78 28.0809 270.65 171.22
Episode 3550, mean 100-episode return 181.78 +-102.00, returns 252.336 139.658 259.749 243.143 212.312 20.025 38.2393 249.198 35.5348 161.366
Episode 3560, mean 100-episode return 185.54 +-102.55, returns 54.9794 226.015 249.972 34.644 59.5661 217.96 -49.7229 259.633 194.414 220.888
Episode 3570, mean 100-episode return 189.11 +-99.96, returns 98.2236 226.489 76.9599 -7.40498 264.344 230.23 233.312 -39.616 188.955 236.019
Episode 3580, mean 100-episode return 196.09 +-92.36, returns 221.875 200.584 189.689 268.712 202.941 290.134 240.325 191.734 269.066 222.939
Episode 3590, mean 100-episode return 195.96 +-92.71, returns 195.779 228.566 83.1034 255.752 231.997 239.581 285.642 213.807 12.6061 202.255
Episode 3600, mean 100-episode return 187.22 +-97.24, returns 61.1528 119.26 269.313 222.748 189.62 -89.1312 188.161 164.522 301.281 120.827
Episode 3610, mean 100-episode return 178.64 +-99.56, returns 171.156 68.4255 87.5659 221.189 -59.4669 235.678 288.573 208.506 231.073 277.194
Episode 3620, mean 100-episode return 173.69 +-100.77, returns 319.14 241.297 189.856 209.641 124.141 170.171 -28.1053 190.693 -57.0961 279.18
Episode 3630, mean 100-episode return 180.80 +-96.42, returns 217.246 243.883 275.184 131.428 267.682 283.724 236.66 218.233 276.133 201.484
Episode 3640, mean 100-episode return 182.72 +-92.74, returns 187.487 217.645 203.821 212.453 202.236 252.139 210.229 203.263 236.171 243.971
Episode 3650, mean 100-episode return 189.26 +-88.71, returns 200.342 235.719 221.767 236.104 235.879 218.189 228.342 265.572 208.03 215.455
Episode 3660, mean 100-episode return 195.22 +-81.50, returns 232.382 184.898 223.409 260.39 190.637 188.981 187.701 204.915 188.29 202.996
Episode 3670, mean 100-episode return 197.98 +-77.31, returns 234.335 15.7687 56.0139 204.251 296.563 202.212 198.479 178.774 199.463 197.876
Episode 3680, mean 100-episode return 196.26 +-80.22, returns 226.388 203.422 220.976 263.633 248.615 261.21 216.28 293.438 -16.6773 208.052
Episode 3690, mean 100-episode return 198.71 +-77.02, returns 175.327 186.691 232.364 225.724 275.185 229.837 241.351 205.331 198.312 223.92
Episode 3700, mean 100-episode return 203.40 +-71.13, returns 233.897 62.8277 169.006 247.702 230.531 251.874 94.9599 283.211 239.727 202.79
Episode 3710, mean 100-episode return 206.36 +-66.36, returns 224.453 282.065 210.365 245.356 215.334 258.249 225.905 62.5576 65.765 235.975
Episode 3720, mean 100-episode return 210.32 +-60.09, returns 256.895 218.22 212.724 234.286 226.778 236.827 69.5116 281.532 9.96437 288.124
Episode 3730, mean 100-episode return 207.83 +-64.20, returns 40.0694 294.9 223.168 246.462 231.529 41.7455 279.071 252.496 274.484 218.835
Episode 3740, mean 100-episode return 204.64 +-70.00, returns 222.319 281.954 204.287 -20.734 190.411 64.6855 204 223.461 205.364 275.444
Episode 3750, mean 100-episode return 197.31 +-77.10, returns -20.1717 248.041 228.502 123.937 233.084 221.086 46.6859 222.79 201.281 26.6328
Episode 3760, mean 100-episode return 186.99 +-87.13, returns 41.4344 252.948 11.4389 32.1144 -1.65832 104.888 262.404 217.174 49.785 62.497
Episode 3770, mean 100-episode return 189.69 +-87.24, returns 239.915 228.236 214.557 228.067 242.854 247.999 233.08 -25.7893 239.645 204.415
Episode 3780, mean 100-episode return 186.89 +-88.42, returns 211.702 269.055 286.592 67.5179 0.0399425 234.693 240.065 267.847 199.471 68.6913
Episode 3790, mean 100-episode return 187.92 +-90.76, returns 220.011 295.292 261.917 240.333 233.348 226.302 215.965 308.889 237.776 56.9079
Episode 3800, mean 100-episode return 181.67 +-93.17, returns 68.9367 220.979 221.033 35.2901 135.328 202.234 224.734 47.8582 225.29 10.5106
Episode 3810, mean 100-episode return 173.22 +-98.68, returns 47.5103 3.13628 232.376 231.345 246.611 -24.2857 126.349 -17.6673 57.3 278.155
Episode 3820, mean 100-episode return 166.58 +-101.04, returns 205.294 41.8108 124.775 15.2007 275.245 95.9966 -15.7716 60.8655 268.649 298.62
Episode 3830, mean 100-episode return 155.81 +-101.00, returns 232.44 7.70824 22.1828 141.412 217.018 127.492 61.6191 140.016 96.7782 -21.246
Episode 3840, mean 100-episode return 150.61 +-103.22, returns 299.78 61.2484 31.731 89.1029 263.907 14.882 298.02 57.0586 206.636 9.25547
Episode 3850, mean 100-episode return 156.85 +-102.02, returns 277.99 235.05 231.971 212.893 235.603 240.458 246.297 194.684 70.0468 210.356
Episode 3860, mean 100-episode return 169.93 +-98.29, returns 241.589 261.138 253.23 216.513 225.425 211.498 209.223 212.762 232.856 277.274
Episode 3870, mean 100-episode return 162.22 +-101.61, returns 20.1895 296.322 78.977 40.6174 52.4415 284.168 233.445 3.21452 33.0452 239.279
Episode 3880, mean 100-episode return 162.17 +-104.04, returns 239.581 265.795 293.639 227.474 -36.5938 14.2683 38.7907 266.878 271.779 259.504
Episode 3890, mean 100-episode return 149.47 +-107.48, returns -27.0024 -70.4064 201.802 150.492 1.1382 -2.16906 50.3671 260.944 240.474 221.37
Episode 3900, mean 100-episode return 144.02 +-112.25, returns 255.135 -11.6429 -20.515 109.487 167.023 -14.2077 249.721 198.352 -36.6416 -49.5071
Episode 3910, mean 100-episode return 147.92 +-110.18, returns 214.88 224.065 208.764 19.1628 200.597 222.088 1.85693 19.101 226.568 233.177
Episode 3920, mean 100-episode return 150.14 +-108.08, returns 236.892 -58.6752 66.1006 240.664 237.818 172.44 174.285 167.446 192.908 163.128
Episode 3930, mean 100-episode return 159.33 +-106.28, returns 246.225 124.167 188.803 91.8896 198.672 141.82 167.272 220.355 305.782 259.134
Episode 3940, mean 100-episode return 168.21 +-105.51, returns 310.316 200.54 233.682 2.18653 105.46 247.755 247.443 320.359 306.757 245.15
Episode 3950, mean 100-episode return 158.88 +-111.28, returns -51.8964 202.715 -35.3335 214.078 245.149 -12.5462 115.153 1.08472 287.843 255.824
Episode 3960, mean 100-episode return 146.97 +-115.39, returns 20.0037 230.352 259.753 0.864759 218.622 -6.4993 237.118 -7.70665 235.71 -37.7692
Episode 3970, mean 100-episode return 141.26 +-117.17, returns 240.649 211.442 206.755 28.5714 0.460576 -70.6929 21.9779 126.057 -39.051 -15.3215
Episode 3980, mean 100-episode return 137.18 +-115.61, returns 17.456 193.553 249.45 249.085 259.037 33.8328 -46.1569 242.852 37.2931 197.295
Episode 3990, mean 100-episode return 137.92 +-114.48, returns 202.937 252.631 26.5139 -2.18152 36.4196 247.21 240.038 -29.9187 118.991 8.11801
Episode 4000, mean 100-episode return 135.98 +-112.22, returns 1.63459 131.72 -1.76541 20.3976 8.98781 12.6226 48.036 15.971 206.814 208.765
Episode 4010, mean 100-episode return 136.90 +-113.43, returns 131.965 -27.9859 306.007 266.855 189.199 38.3457 57.8213 262.016 213.535 224.604
Episode 4020, mean 100-episode return 131.55 +-116.27, returns -47.2725 9.79287 -4.46859 -25.4421 181.516 238.052 226.235 253.87 207.74 17.5389
Episode 4030, mean 100-episode return 128.78 +-116.11, returns 236.796 228.568 146.675 178.917 161.502 -39.3438 207.056 240.897 197.088 109.367
Episode 4040, mean 100-episode return 113.79 +-112.61, returns 7.29949 167.491 242.609 -62.963 23.0245 102.978 11.4106 12.3523 186.653 29.5677
Episode 4050, mean 100-episode return 103.15 +-113.64, returns -49.6555 -3.13919 -45.1677 -23.5183 -27.3893 -54.3325 164.595 -46.2807 -15.7772 258.384
Episode 4060, mean 100-episode return 95.03 +-111.96, returns -30.754 11.883 -21.0055 -75.6554 -27.2683 45.9682 136.334 -27.2746 147.647 179.082
Episode 4070, mean 100-episode return 87.39 +-113.00, returns 188.806 -29.54 -41.6054 -37.8377 -69.5648 -53.697 62.6236 -13.4815 -19.4027 -39.3715
Episode 4080, mean 100-episode return 72.17 +-111.22, returns -7.15091 -17.3217 -70.3509 -45.6223 -41.9559 -24.8312 -20.991 -20.7655 -32.4825 193.146
Episode 4090, mean 100-episode return 61.78 +-109.55, returns -33.6738 -23.8878 106.405 141.611 -70.5531 -38.4911 130.101 -58.1045 -66.8729 -24.4111
Episode 4100, mean 100-episode return 55.85 +-108.20, returns -18.4984 67.3164 -30.8943 19.2557 6.58552 13.9097 -4.06389 -16.2374 -6.43063 29.0979
Episode 4110, mean 100-episode return 52.92 +-103.41, returns 43.6049 183.217 31.1528 200.55 75.4593 262.896 140.204 109.515 60.7009 261.282
Episode 4120, mean 100-episode return 55.89 +-101.98, returns 153.355 264.82 144.103 233.066 176.894 50.8252 27.7915 213.484 73.9671 16.9631
Episode 4130, mean 100-episode return 47.69 +-101.09, returns 153.513 230.03 -45.9862 273.391 178.903 -33.7438 211.894 -3.51037 -54.396 -62.6629
Episode 4140, mean 100-episode return 44.15 +-99.48, returns 137.761 153.848 -35.0827 -24.6208 98.3944 94.6808 -19.0721 -61.4793 -42.8691 65.0711
Episode 4150, mean 100-episode return 43.48 +-99.34, returns 213.985 -32.9704 170.68 -56.5457 43.1946 -69.4163 -21.0349 -25.9302 -81.8961 -49.5567
Episode 4160, mean 100-episode return 45.12 +-103.19, returns -18.8285 -2.19133 -46.8629 -67.5803 -54.7552 180.241 -83.5867 240.888 227.944 127.862
Episode 4170, mean 100-episode return 47.60 +-102.86, returns -39.8224 115.576 180.992 114.734 -58.2774 -17.1292 -39.5486 -14.8183 8.10125 -55.3598
Episode 4180, mean 100-episode return 58.01 +-104.92, returns 139.036 164.229 67.7916 -15.6367 -51.5548 280.237 174.689 67.5643 178.159 -51.4855
Episode 4190, mean 100-episode return 58.60 +-105.34, returns -41.6882 72.8837 -34.5466 -59.7025 -52.1533 -25.4012 178.823 -41.4039 171.831 -47.8787
Episode 4200, mean 100-episode return 54.69 +-109.12, returns -56.8747 -62.311 -62.0275 9.36019 -69.2439 -37.4379 -89.7958 -39.6397 -46.4349 123.479
Episode 4210, mean 100-episode return 46.12 +-109.80, returns -44.6098 198.844 197.66 -39.6247 -26.6597 221.617 -91.6249 195.777 -56.0249 -43.3328
Episode 4220, mean 100-episode return 37.14 +-107.75, returns 264.519 -9.20429 225.285 -1.77316 18.934 78.2602 -77.4177 -43.7285 -1.59178 3.28424
Episode 4230, mean 100-episode return 43.92 +-109.40, returns 164.033 109.188 118.268 294.361 163.095 -4.35224 263.74 1.7305 148.798 266.98
Episode 4240, mean 100-episode return 49.00 +-112.08, returns 227.747 112.225 165.96 -45.6249 -8.17396 166.673 165.058 -26.5376 166.287 -48.8923
Episode 4250, mean 100-episode return 67.09 +-116.04, returns 114.38 199.397 238.854 276.716 200.131 170.268 148.026 240.029 75.6391 236.214
Episode 4260, mean 100-episode return 77.95 +-118.62, returns 267.156 75.6576 -0.472003 38.1195 313.565 -10.7907 289.731 269.026 158.136 189.223
Episode 4270, mean 100-episode return 76.53 +-118.57, returns -35.8626 1.44969 -59.2401 -24.3078 118.633 -45.1531 5.87573 150.279 -17.8088 -41.9357
Episode 4280, mean 100-episode return 74.78 +-119.40, returns -20.1717 185.326 -25.064 181.184 -27.697 -12.6232 76.7228 299.055 -47.0175 168.504
Episode 4290, mean 100-episode return 81.38 +-118.92, returns -7.3279 145.485 154.03 158.113 145.88 -41.022 -10.6787 278.986 -35.6356 -7.51112
Episode 4300, mean 100-episode return 89.80 +-115.83, returns -14.9295 122.722 117.81 217.081 181.244 -14.898 -38.5611 22.8407 -16.7893 -65.59
Episode 4310, mean 100-episode return 99.69 +-111.89, returns 186.247 146.352 164.963 217.529 18.7237 171.997 4.94025 174.122 252.103 164.364
Episode 4320, mean 100-episode return 92.26 +-113.78, returns -13.3054 1.78791 -37.0283 -30.7236 -152.883 -16.4452 -87.4084 26.1968 26.4915 -2.82995
Episode 4330, mean 100-episode return 79.45 +-111.92, returns -31.1122 -23.3255 9.17275 -2.14208 -10.6031 -18.1649 250.657 3.18217 27.493 39.6313
Episode 4340, mean 100-episode return 89.45 +-115.56, returns 182.22 194.56 141.951 272.197 302.718 249.624 209.526 -42.5801 193.302 171.437
Episode 4350, mean 100-episode return 82.12 +-114.30, returns 152.245 149.495 121.609 -166.808 91.4682 117.867 254.497 152.976 139.951 153.374
Episode 4360, mean 100-episode return 82.66 +-111.83, returns 273.823 201.174 204.904 182.125 180.833 166.359 -10.4385 248.665 10.2712 184.901
Episode 4370, mean 100-episode return 103.65 +-113.72, returns 170.354 183.946 198.084 176.441 171.147 256.395 207.439 279.8 227.719 280.092
Episode 4380, mean 100-episode return 106.18 +-112.66, returns 6.36931 115.886 -38.7595 108.117 118.218 274.049 228.772 -17.7145 236.489 0.0413743
Episode 4390, mean 100-episode return 112.23 +-117.06, returns 244.333 240.064 222.423 231.12 235.139 -163.418 139.054 -127.884 160.479 203.891
Episode 4400, mean 100-episode return 102.48 +-123.72, returns 0.720161 -24.6698 -36.8629 18.5544 -17.0231 -5.88715 -25.2101 -201.739 -21.93 -149.911
Episode 4410, mean 100-episode return 107.21 +-124.98, returns 134.344 260.325 262.742 157.475 159.599 195.514 162.624 272.103 187.594 181.407
Episode 4420, mean 100-episode return 132.18 +-122.30, returns -21.7296 295.963 201.612 276.492 297.714 229.761 213.192 259.121 263.537 195.806
Episode 4430, mean 100-episode return 141.52 +-118.80, returns 99.3923 -61.8626 170.84 205.8 -12.3819 204.704 18.5839 109.702 222.478 221.611
Episode 4440, mean 100-episode return 141.21 +-117.59, returns 110.727 227.442 295.113 50.2464 136.599 204.633 107.76 245.577 229.315 235.688
Episode 4450, mean 100-episode return 149.94 +-118.13, returns 260.466 277.084 247.346 10.9929 221.549 260.7 25.2161 205.835 235.607 295.671
Episode 4460, mean 100-episode return 157.43 +-119.21, returns 278.613 257.496 265.739 76.047 236.452 257.356 240.063 273.097 245.655 260.36
Episode 4470, mean 100-episode return 158.83 +-122.48, returns 295.12 295.216 222.758 228.607 270.819 274.384 219.3 170.471 318.451 -3.20622
Episode 4480, mean 100-episode return 168.24 +-119.72, returns 280.492 10.2743 59.6376 251.144 202.309 173.393 224.742 248.499 247.664 273.707
Episode 4490, mean 100-episode return 178.61 +-112.23, returns 227.994 213.32 239.913 239.705 223.796 229.694 290.142 254.325 237.43 266.284
Episode 4500, mean 100-episode return 204.67 +-86.29, returns 234.814 302.518 299.305 230.463 236.96 30.2945 308.217 245.338 218.785 35.454
Episode 4510, mean 100-episode return 210.67 +-86.80, returns 215.931 302.958 283.553 287.601 231.566 257.92 268.597 241.441 259.523 224.587
Episode 4520, mean 100-episode return 211.54 +-85.73, returns 210.185 258.691 229.49 311.55 264.039 303.718 244.688 24.3572 222.736 229.213
Episode 4530, mean 100-episode return 220.49 +-77.63, returns 150.799 193.936 273.419 274.518 307.574 228.801 252.339 20.313 156.07 216.033
Episode 4540, mean 100-episode return 216.95 +-77.79, returns 89.6936 126.822 168.324 114.866 257.377 135.433 113.251 185.119 150.768 147.342
Episode 4550, mean 100-episode return 217.71 +-80.36, returns 272.883 228.917 230.521 141.769 252.809 299.649 -113.528 245.331 282.778 275.541
Episode 4560, mean 100-episode return 211.50 +-86.79, returns 233.483 -11.1848 -19.7241 52.3032 250.451 239.012 278.364 290.045 223.287 234.024
Episode 4570, mean 100-episode return 210.11 +-86.19, returns 274.528 275.512 275.742 155.448 45.3402 283.879 295.938 138.46 132.884 274.768
Episode 4580, mean 100-episode return 207.25 +-89.44, returns 256.369 298.279 103.943 230.627 244.691 26.1147 -10.1148 44.365 263.402 227.781
Episode 4590, mean 100-episode return 202.27 +-92.60, returns 109.555 128.405 285.364 56.9947 304.657 96.6647 266.872 238.805 164.784 272.689
Episode 4600, mean 100-episode return 194.34 +-96.24, returns 5.60253 245.117 17.6899 8.55025 254.55 221.317 251.094 240.084 4.41108 101.245
Episode 4610, mean 100-episode return 186.28 +-99.37, returns 2.61907 43.5967 266.741 241.088 247.924 244.232 222.363 274.15 216.906 7.45132
Episode 4620, mean 100-episode return 179.13 +-100.70, returns 42.6518 99.1423 211.745 267.184 16.3173 5.18005 260.11 234.579 231.46 215.896
Episode 4630, mean 100-episode return 164.31 +-108.37, returns 201.456 -59.4738 190.58 -9.40436 52.5378 12.6587 241.307 -12.982 -41.4571 16.5685
Episode 4640, mean 100-episode return 164.42 +-113.40, returns 229.27 254.997 139.576 -41.5258 -4.64314 255.932 -9.57537 214.019 223.103 238.184
Episode 4650, mean 100-episode return 157.12 +-111.23, returns 274.869 58.9292 217.159 -4.93753 202.578 90.4245 -26.007 211.386 261.956 100.573
Episode 4660, mean 100-episode return 159.91 +-109.94, returns 223.676 296.388 281.798 289.445 234.464 -2.03471 97.4112 218.508 146.796 262.531
Episode 4670, mean 100-episode return 159.10 +-106.85, returns 228.72 198.5 219.377 147.297 199.936 276.653 171.548 240.509 201.721 187.631
Episode 4680, mean 100-episode return 157.17 +-105.12, returns 169.37 213.612 171.966 218.495 174.139 116.893 -37.9548 2.31912 246.158 217.76
Episode 4690, mean 100-episode return 153.22 +-108.83, returns 210.249 261.01 297.283 8.79924 19.4185 -125.192 206.859 232.376 196.565 222.442
Episode 4700, mean 100-episode return 155.23 +-107.22, returns 243.23 179.708 101.775 -11.4841 267.115 243.932 193.978 79.6576 234.979 17.305
Episode 4710, mean 100-episode return 151.00 +-108.70, returns -34.2755 209.754 268.379 199.813 218.147 231.763 16.7013 -23.5687 -1.86925 259.466
Episode 4720, mean 100-episode return 142.15 +-112.35, returns -0.00815851 85.7313 240.798 -15.8466 -40.0715 205.579 -24.9229 243.165 41.2096 -36.5271
Episode 4730, mean 100-episode return 145.94 +-114.10, returns 217.634 224.823 211.937 187.719 -71.1325 189.697 -5.70454 -181.485 -3.85398 201.114
Episode 4740, mean 100-episode return 146.77 +-111.00, returns 20.4691 175.926 168.144 209.944 218.583 182.38 196.437 -4.94727 179.451 235.954
Episode 4750, mean 100-episode return 146.35 +-111.80, returns 222.218 217.511 111.793 255.281 8.64196 66.6535 -27.4405 221.939 -7.90575 275.714
Episode 4760, mean 100-episode return 136.54 +-113.04, returns 181.316 225.835 200.789 -44.9263 -58.5998 201.818 -22.1589 209.772 196.723 -22.4011
Episode 4770, mean 100-episode return 130.34 +-115.51, returns 266.924 -54.1082 235.029 185.775 -57.0303 182.773 99.9567 225.972 142.925 224.402
Episode 4780, mean 100-episode return 124.69 +-116.77, returns 159.659 233.395 -6.98441 -10.2343 -19.0731 58.2427 198.77 101.415 -24.144 236.657
Episode 4790, mean 100-episode return 122.40 +-114.23, returns 135.435 255.857 165.407 226.738 -56.1342 16.0582 116.942 240.963 219.72 -20.2947
Episode 4800, mean 100-episode return 120.44 +-115.28, returns 166.355 268.776 295.991 139.834 216.157 79.3485 37.5847 -41.2313 212.638 -21.2316
Episode 4810, mean 100-episode return 117.20 +-115.52, returns -32.9457 281.632 43.9071 -18.7269 109.137 4.86767 206.193 256.957 221.519 -52.6876
Episode 4820, mean 100-episode return 124.19 +-114.76, returns -57.5175 242.947 68.5565 209.406 -31.8992 230.108 173.9 256.815 65.0086 241.427
Episode 4830, mean 100-episode return 129.05 +-111.17, returns 206.786 306.654 119.716 55.7368 29.5298 264.179 33.508 268.098 190.145 -18.5324
Episode 4840, mean 100-episode return 132.81 +-114.20, returns -36.9329 297.121 300.658 151.839 202.948 200.642 275.017 108.172 210.314 248.583
Episode 4850, mean 100-episode return 135.82 +-116.44, returns 170.428 305.471 278.463 251.575 31.6682 -34.8017 302.99 -51.7544 218.617 173.03
Episode 4860, mean 100-episode return 144.73 +-117.50, returns 252.016 141.306 -20.5597 275.331 263.673 309.3 -38.4168 258.616 285.329 232.333
Episode 4870, mean 100-episode return 145.18 +-118.08, returns 276.56 311.198 273.956 106.887 17.1094 267.474 130.139 32.6125 -15.3985 97.8302
Episode 4880, mean 100-episode return 149.43 +-118.05, returns 237.762 53.1971 239.507 283.865 212.855 25.8724 20.3188 -7.70018 265.575 20.9118
Episode 4890, mean 100-episode return 158.57 +-117.50, returns 267.451 212.99 245.487 290.136 143.593 223.742 18.0986 249.63 257.216 306.683
Episode 4900, mean 100-episode return 160.61 +-117.04, returns 8.68995 15.795 244.03 22.6165 186.718 277.897 60.977 220.019 297.548 223.868
Episode 4910, mean 100-episode return 171.30 +-113.46, returns -46.144 226.777 215.815 170.263 238.154 212.905 312.106 282.331 186.283 290.53
Episode 4920, mean 100-episode return 174.49 +-111.84, returns 241.057 275.626 159.056 247.33 -33.3261 185.7 84.0064 262.485 44.2779 250.963
Episode 4930, mean 100-episode return 182.33 +-110.41, returns 259.218 296.078 249.297 277.242 30.9331 118.066 133.014 280.462 295.479 300.473
Episode 4940, mean 100-episode return 181.87 +-110.79, returns 98.1017 232.325 259.363 71.2295 -31.9734 214.621 275.086 253.328 290.008 249.753
Episode 4950, mean 100-episode return 183.43 +-108.11, returns 294.875 301.534 172.073 236.902 238.898 12.3758 221.844 59.1925 15.0448 249.41
Episode 4960, mean 100-episode return 188.64 +-103.85, returns 152.978 289.915 290.441 268.977 202.011 277.497 231.917 233.995 271.708 260.875
Episode 4970, mean 100-episode return 195.06 +-101.65, returns -3.85619 236.287 31.3914 284.765 273.437 275.965 268.119 253.108 252.707 267.89
Episode 4980, mean 100-episode return 202.69 +-98.69, returns 298.387 241.42 224.751 274.547 14.5329 285.321 237.965 -4.63239 273.854 268.743
Episode 4990, mean 100-episode return 200.95 +-100.25, returns 296.316 229.349 287.704 -3.67248 291.845 249.712 251.42 253.51 76.3314 108.93
Episode 5000, mean 100-episode return 209.19 +-94.90, returns 185.812 301.631 240.642 255.338 293.016 109.441 244.047 267.006 271.509 214.096
Episode 5010, mean 100-episode return 207.93 +-94.16, returns 290.981 230.521 229.232 208.779 100.756 -25.419 208.07 242.573 245.364 231.78
Episode 5020, mean 100-episode return 211.06 +-94.58, returns -6.90284 153.199 245.253 234.89 326.777 260.102 280.138 287.243 0.684399 248.965
Episode 5030, mean 100-episode return 206.10 +-96.40, returns 273.882 239.04 15.7719 230.167 236.659 282.327 4.4531 87.439 111.033 262.956
Episode 5040, mean 100-episode return 207.35 +-95.18, returns 210.253 240.599 255.888 252.239 6.81425 260.926 44.9871 279.71 231.857 253.924
Episode 5050, mean 100-episode return 206.47 +-97.88, returns 239.032 291.84 27.992 130.4 250.481 261.529 283.819 -19.8562 279.958 -31.2364
Episode 5060, mean 100-episode return 204.51 +-98.22, returns 303.569 278.816 299.078 187.43 244.625 195.709 133.617 278.883 229.276 133.793
Episode 5070, mean 100-episode return 189.57 +-107.54, returns 32.1878 -0.690251 36.1072 254.013 9.47764 214.974 210.028 -70.3395 -29.5605 -11.1919
Episode 5080, mean 100-episode return 186.38 +-107.33, returns 207.362 271.927 55.7943 289.231 262.853 241.475 -29.2245 129.527 88.532 278.738
Episode 5090, mean 100-episode return 182.36 +-108.21, returns 27.3874 -14.9217 254.361 282.135 221.761 228.671 290.734 92.7637 44.8573 211.663
Episode 5100, mean 100-episode return 177.02 +-111.38, returns 292.617 280.447 293.503 -19.3014 245.533 13.7382 48.1833 216.409 233.906 243.871
Episode 5110, mean 100-episode return 177.26 +-112.49, returns 270.047 286.68 245.569 223.145 3.15747 3.6127 234.43 266.889 213.665 239.026
Episode 5120, mean 100-episode return 178.34 +-112.70, returns 297.639 -42.0344 43.3261 258.686 245.076 285.398 229.633 265.142 301.774 254.282
Episode 5130, mean 100-episode return 184.84 +-111.56, returns 288.783 291.303 281.552 265.971 47.534 219.403 229.498 261.588 222.279 285.786
Episode 5140, mean 100-episode return 182.82 +-111.08, returns 256.948 18.2678 99.7615 229.655 45.8338 225.384 258.749 248.413 229.458 222.205
Episode 5150, mean 100-episode return 189.95 +-107.03, returns 261.526 255.14 257.223 70.8171 267.077 236.721 204.863 276.068 304.581 293.378
Episode 5160, mean 100-episode return 187.52 +-109.40, returns 289.351 235.765 319.783 66.5846 309.427 84.0224 257.657 163.956 272.413 42.1749
Episode 5170, mean 100-episode return 203.00 +-98.96, returns 234.877 237.503 238.522 309.287 260.492 255.242 271.83 269.409 50.8503 65.7529
Episode 5180, mean 100-episode return 207.41 +-97.48, returns 279.045 -23.6012 238.484 282.668 257.442 134.634 269.823 241.205 267.276 290.337
Episode 5190, mean 100-episode return 214.95 +-92.78, returns 258.075 57.4103 232.824 299.821 252.76 283.523 245.268 262.511 213.345 286.975
Episode 5200, mean 100-episode return 221.41 +-86.05, returns 281.887 295.287 280.571 245.803 223.317 272.495 266.224 223.33 163.431 243.247
Episode 5210, mean 100-episode return 225.45 +-80.91, returns 262.745 250.716 243.065 276.428 269.42 238.903 119.972 249.093 252.847 226.719
Episode 5220, mean 100-episode return 218.81 +-86.06, returns 292.842 34.7931 221.121 -2.98746 224.714 242.635 -3.02172 210.74 282.329 -28.6453
Episode 5230, mean 100-episode return 213.29 +-90.23, returns -0.924046 -38.6247 239.884 315.537 214.329 242.44 267.395 186.664 206.407 209.312
Episode 5240, mean 100-episode return 218.34 +-88.89, returns 313.796 231.033 25.752 236.298 308.579 233.203 222.031 295.154 238.254 235.815
Episode 5250, mean 100-episode return 212.87 +-93.87, returns 258.407 268.171 18.3161 264.96 21.3883 284.407 228.957 246.63 283.34 5.38705
Episode 5260, mean 100-episode return 218.37 +-90.43, returns 280.856 144.036 273.576 226.095 282.464 280.85 281.269 229.177 305.551 287.287
Episode 5270, mean 100-episode return 215.39 +-94.25, returns 234.74 272.628 261.658 291.103 1.0672 273.482 270.664 35.5636 244.576 10.4574
Episode 5280, mean 100-episode return 210.12 +-98.90, returns 280.618 75.9256 262.598 273.829 302.539 6.62984 275.2 236.849 6.8907 -10.5943
Episode 5290, mean 100-episode return 204.69 +-103.50, returns 275.333 54.2767 280.168 234.629 62.8364 -9.37844 298.608 64.4242 299.661 288.863
Episode 5300, mean 100-episode return 193.17 +-110.47, returns 22.5032 -36.4314 8.50176 270.963 240.41 121.283 287.902 40.6543 293.346 94.5244
Episode 5310, mean 100-episode return 191.21 +-111.55, returns 231.533 270.922 133.965 260.469 289.499 231.472 271.568 32.6672 211.315 260.314
Episode 5320, mean 100-episode return 197.69 +-107.43, returns 275.58 292.32 273.684 228.244 270.931 233.09 234.163 43.0508 29.8747 241.355
Episode 5330, mean 100-episode return 199.56 +-104.57, returns 149.766 264.232 158.326 241.47 277.281 13.4191 255.323 185.392 229.462 254.293
Episode 5340, mean 100-episode return 191.43 +-109.13, returns 270.39 -3.37723 247.927 258.13 20.2945 299.75 25.5989 74.8545 295.172 38.3592
Episode 5350, mean 100-episode return 190.12 +-108.92, returns 55.1517 263.464 291.344 10.5148 269.881 143.173 68.8305 274.94 64.7557 307.054
Episode 5360, mean 100-episode return 182.49 +-112.14, returns 10.2484 301.925 290.433 1.81412 69.4155 284.968 275.537 251.036 269.932 73.4085
Episode 5370, mean 100-episode return 185.98 +-110.25, returns 275.701 65.6691 243.156 267.84 253.284 284.349 271.914 41.0409 269.572 271.804
Episode 5380, mean 100-episode return 186.42 +-108.73, returns 262.161 49.976 287.04 69.9058 251.938 16.0567 259.575 268.339 19.4152 270.653
Episode 5390, mean 100-episode return 189.28 +-107.01, returns 46.1653 282.682 -7.71866 266.228 267.058 259.652 261.682 232.82 265.677 261.023
Episode 5400, mean 100-episode return 197.82 +-101.90, returns 268.683 253.084 285.94 285.084 247.205 57.7461 234.741 56.5388 256.044 251.97
Episode 5410, mean 100-episode return 198.58 +-103.00, returns 265.432 274.002 49.0208 284.564 62.812 275.919 265.529 235.991 274.932 281.744
Episode 5420, mean 100-episode return 201.65 +-102.14, returns 278.743 246.675 301.622 253.31 284.336 182.214 286.92 60.6306 255.52 279.908
Episode 5430, mean 100-episode return 198.73 +-106.17, returns 277.815 41.3569 13.5768 276.477 261.154 299.167 46.7094 247.313 30.001 243.03
Episode 5440, mean 100-episode return 204.22 +-104.41, returns 284.904 -28.5937 300.075 110.032 297.731 264.855 288.23 283.913 23.3241 251.878
Episode 5450, mean 100-episode return 202.29 +-104.48, returns 235.158 203.54 234.464 228.423 208.676 224.724 -4.28656 42.5974 -42.9043 225.765
Episode 5460, mean 100-episode return 196.00 +-107.81, returns 48.6926 -2.92854 293.147 264.287 296.022 216.457 52.1186 28.9867 -35.3806 38.142
Episode 5470, mean 100-episode return 199.04 +-106.31, returns 286.118 192.31 212.886 294.17 292.713 312.603 284.501 213.813 237.918 220.944
Episode 5480, mean 100-episode return 200.83 +-105.14, returns 224.33 220.016 -4.57476 241.937 311.907 245.052 244.081 -11.2478 251.665 211.247
Episode 5490, mean 100-episode return 193.57 +-108.60, returns 306.444 9.46878 -18.7922 27.4252 219.83 219.82 192.482 -19.8073 229.492 242.442
Episode 5500, mean 100-episode return 190.29 +-110.81, returns 52.1709 250.271 251.86 -31.3106 295.928 283.501 177.469 60.5751 285.501 243.335
Episode 5510, mean 100-episode return 190.80 +-108.10, returns 265.804 248.095 224.891 245.257 232.119 231.165 179.174 294.145 173.171 226.833
Episode 5520, mean 100-episode return 180.47 +-111.52, returns 232.716 269.881 127.133 -8.91025 11.2888 21.3237 0.905779 245.811 272.523 224.618
Episode 5530, mean 100-episode return 184.73 +-109.68, returns 50.5185 213.151 237.372 261.586 287.457 30.8951 299.744 267.214 283.663 230.939
Episode 5540, mean 100-episode return 175.85 +-109.28, returns 234.05 55.6166 249.201 17.5129 -7.27459 230.755 31.7349 235.149 40.2008 101.681
Episode 5550, mean 100-episode return 185.89 +-106.83, returns 293.08 216.695 244.177 204.428 260.351 249.805 258.775 264.306 287.731 280.436
Episode 5560, mean 100-episode return 190.63 +-103.87, returns 31.0684 214.194 235.987 247.981 253.001 239.418 253.427 -30.6586 -23.5249 252.319
Episode 5570, mean 100-episode return 187.53 +-103.22, returns 304.389 271.79 276.055 193.825 268.497 259.041 198.575 141.016 117.874 207.811
Episode 5580, mean 100-episode return 183.73 +-103.42, returns 183.358 214.452 182.25 179.46 225.637 254.608 277.631 -41.1089 2.61202 75.0334
Episode 5590, mean 100-episode return 193.20 +-97.96, returns 121.54 292.106 217.199 261.317 267.401 246.285 139.105 275.638 292.659 242.947
Episode 5600, mean 100-episode return 197.10 +-95.95, returns 262.611 269.356 286.493 238.602 249.544 230.171 -12.4229 294.079 159.259 280.966
Episode 5610, mean 100-episode return 199.03 +-97.02, returns 234.944 260.517 275.037 278.849 149.385 259.626 248.27 229.601 285.777 292.228
Episode 5620, mean 100-episode return 207.38 +-88.91, returns 238.591 145.216 149.776 242.759 299.688 232.156 212.162 231.311 226.454 253.882
Episode 5630, mean 100-episode return 206.89 +-90.06, returns 284.398 241.121 303.798 33.4353 225.434 181.596 5.04787 253.384 291.547 293.594
Episode 5640, mean 100-episode return 212.91 +-88.68, returns 206.617 301.171 212.373 257.31 -51.1874 227.742 288.735 291.998 11.2384 44.6328
Episode 5650, mean 100-episode return 207.53 +-93.56, returns 273.286 210.315 291.439 269.526 294.283 244.007 14.7755 309.622 67.4511 47.5789
Episode 5660, mean 100-episode return 212.69 +-90.41, returns 288.04 52.3589 284.803 265.76 242.794 260.234 280.027 192.336 16.4961 306.442
Episode 5670, mean 100-episode return 212.87 +-91.61, returns 303.652 249.028 281.934 228.956 268.615 56.4595 248.503 265.815 243.458 109.856
Episode 5680, mean 100-episode return 213.90 +-91.56, returns 124.626 289.193 293.276 71.4434 5.77553 219.512 252.426 189.659 222.885 -12.1235
Episode 5690, mean 100-episode return 210.24 +-94.58, returns 147.371 36.622 217.261 253.263 286.921 292.509 9.16504 233.681 253.83 259.498
Episode 5700, mean 100-episode return 210.42 +-92.63, returns 281.653 273.897 224.571 250.357 61.556 195.143 251.884 205.023 243.463 289.936
Episode 5710, mean 100-episode return 196.93 +-102.81, returns 292.283 187.457 -59.7026 255.289 295.561 -29.9225 66.9704 105.486 -8.77627 60.1992
Episode 5720, mean 100-episode return 190.19 +-105.95, returns 3.57895 77.0335 147.074 261.607 132.688 251.651 125.184 253.852 57.2065 248.569
Episode 5730, mean 100-episode return 193.07 +-105.88, returns 214.622 283.37 260.924 280.46 266.528 284.435 282.35 246.014 307.169 -25.1838
Episode 5740, mean 100-episode return 185.53 +-109.27, returns 241.202 -18.0182 183.203 -0.660754 269.998 267.715 0.493849 140.518 -22.6181 -24.8907
Episode 5750, mean 100-episode return 187.26 +-108.70, returns 9.4975 273.451 271.72 252.015 274.552 223.237 47.4115 303.984 263.41 276.181
Episode 5760, mean 100-episode return 183.27 +-109.08, returns 250.547 247.957 261.814 232.202 29.3011 24.8484 272.794 237.764 -1.17311 234.435
Episode 5770, mean 100-episode return 183.69 +-108.70, returns 207.252 291.34 190.341 260.151 256.985 301.599 242.574 265.31 225.69 56.3474
Episode 5780, mean 100-episode return 185.85 +-108.12, returns 269.515 7.87412 38.0695 234.469 54.9313 218.046 266.412 258.199 264.101 260.91
Episode 5790, mean 100-episode return 183.50 +-109.18, returns 42.1234 251.068 298.77 16.0474 30.9809 273.668 285.311 189.018 254.774 113.571
Episode 5800, mean 100-episode return 179.83 +-111.35, returns 274.394 246.122 256.083 280.877 21.4003 218.88 77.5991 16.7742 300.243 218.791
Episode 5810, mean 100-episode return 185.20 +-107.09, returns 130.705 17.9251 222.884 58.2498 283.413 267.108 238.826 249.498 -8.41207 241.383
Episode 5820, mean 100-episode return 190.34 +-107.38, returns 277.25 281.967 287.429 267.59 237.071 41.1019 221.34 233.015 221.882 3.23954
Episode 5830, mean 100-episode return 180.34 +-108.11, returns 31.3663 25.7184 -19.8781 216.45 210.243 144.729 41.4218 231.385 235.168 284.43
Episode 5840, mean 100-episode return 189.05 +-101.79, returns 280.963 245.357 48.8351 249.484 61.8858 233.884 50.914 225.22 267.412 243.932
Episode 5850, mean 100-episode return 192.12 +-98.70, returns 182.009 260.894 262.047 259.269 287.806 241.107 250.438 249.244 257.669 251.653
Episode 5860, mean 100-episode return 188.83 +-100.25, returns 12.9991 -6.37294 26.359 242.194 212.555 264.476 270.255 208.808 10.5999 220.492
Episode 5870, mean 100-episode return 180.28 +-104.60, returns -11.9587 -51.0111 247.341 120.53 170.167 268.428 108.656 37.5508 273.235 279.484
Episode 5880, mean 100-episode return 179.92 +-104.23, returns 273.992 136.318 284.11 32.5149 210.727 286.157 10.7598 206.088 274.228 120.947
Episode 5890, mean 100-episode return 178.71 +-103.55, returns 226.22 129.186 141.66 264.834 224.276 -18.9069 2.86165 253.953 133.645 277.329
Episode 5900, mean 100-episode return 179.48 +-101.01, returns 217.872 45.0571 261.153 206.051 215.463 278.55 239.452 73.3921 219.932 230.631
Episode 5910, mean 100-episode return 175.33 +-100.71, returns 100.61 60.3182 122.023 213.2 220.425 221.358 83.8474 -40.6882 54.6116 251.55
Episode 5920, mean 100-episode return 180.70 +-99.42, returns 259.82 224.277 282.364 310.979 265.251 255.904 228.68 245.93 266.341 269.009
Episode 5930, mean 100-episode return 191.28 +-94.76, returns 252.151 252.308 217.418 277.666 218.347 240.268 234.248 255.837 235.068 275.898
Episode 5940, mean 100-episode return 196.30 +-91.67, returns 236.022 253.515 265.356 260.791 253.316 241.905 226.526 216.511 239.946 216.182
Episode 5950, mean 100-episode return 193.74 +-93.30, returns 257.28 239.719 0.394278 281.159 254.722 215.575 252.068 240.13 261.883 242.633
Episode 5960, mean 100-episode return 205.74 +-87.42, returns 217.388 297.846 275.543 261.708 278.468 262.589 291.742 257.207 260.86 259.029
slurmstepd: error: *** JOB 73542 ON gpu-node3 CANCELLED AT 2026-04-01T13:39:10 ***
slurmstepd: error: common_file_write_uint32s: write pid 1978380 to /sys/fs/cgroup/cgroup.procs failed: Device or resource busy
slurmstepd: error: Unable to move pid 1978380 to init root cgroup /sys/fs/cgroup
slurmstepd: error: error unlocking cgroup '/sys/fs/cgroup/system.slice/slurmstepd.scope' : Bad file descriptor
